119 3
120 3
121 7
122 16
123 33
124 56
125 77
126 138
127 198
128 253
129 328
130 405
131 514
132 563
133 695
134 752
135 856
136 926
137 1102
138 1198
139 1302
140 1355
141 1425
142 1434
143 1684
144 1735
145 1839
146 1909
147 1997
148 1987
149 1937
150 2001
151 1865
152 1835
153 1903
154 1778
155 1631
156 1625
157 1563
158 1458
159 1421
160 1394
161 1182
162 1167
163 1038
164 922
165 850
166 762
167 644
168 612
169 500
170 444
171 357
172 333
173 300
174 230
175 171
176 153
177 98
178 78
179 60
180 29
181 28
182 17
183 11
184 16
185 10
186 5
187 4
188 2
189 1
