4788 1
4789 1
4790 1
4794 1
4799 1
4800 1
4801 1
4802 2
4803 2
4804 1
4805 1
4806 1
4807 2
4808 3
4809 1
4810 7
4811 5
4812 3
4813 2
4814 7
4815 6
4816 4
4817 3
4818 6
4819 1
4820 13
4821 6
4822 5
4823 11
4824 16
4825 18
4826 12
4827 18
4828 16
4829 10
4830 15
4831 17
4832 20
4833 19
4834 21
4835 15
4836 17
4837 16
4838 25
4839 31
4840 21
4841 21
4842 26
4843 32
4844 23
4845 21
4846 23
4847 25
4848 29
4849 37
4850 33
4851 32
4852 26
4853 33
4854 34
4855 36
4856 34
4857 53
4858 55
4859 47
4860 54
4861 58
4862 55
4863 53
4864 66
4865 67
4866 71
4867 90
4868 92
4869 107
4870 106
4871 128
4872 120
4873 129
4874 165
4875 176
4876 175
4877 217
4878 250
4879 256
4880 273
4881 309
4882 288
4883 295
4884 372
4885 401
4886 422
4887 451
4888 467
4889 451
4890 516
4891 556
4892 613
4893 626
4894 703
4895 674
4896 780
4897 786
4898 842
4899 831
4900 852
4901 958
4902 954
4903 1038
4904 1026
4905 1043
4906 1136
4907 1147
4908 1230
4909 1220
4910 1301
4911 1277
4912 1389
4913 1487
4914 1483
4915 1469
4916 1506
4917 1605
4918 1692
4919 1723
4920 1720
4921 1790
4922 1860
4923 1839
4924 1868
4925 1945
4926 2074
4927 2055
4928 2079
4929 2084
4930 2280
4931 2225
4932 2327
4933 2326
4934 2528
4935 2485
4936 2569
4937 2751
4938 2692
4939 2888
4940 2945
4941 3045
4942 3138
4943 3218
4944 3360
4945 3289
4946 3333
4947 3466
4948 3591
4949 3610
4950 3742
4951 3750
4952 3833
4953 3932
4954 3989
4955 4203
4956 4091
4957 4374
4958 4373
4959 4457
4960 4586
4961 4486
4962 4780
4963 4715
4964 4887
4965 4901
4966 5036
4967 5165
4968 5188
4969 5293
4970 5344
4971 5453
4972 5516
4973 5816
4974 5885
4975 5989
4976 5974
4977 6226
4978 6196
4979 6313
4980 6412
4981 6380
4982 6524
4983 6464
4984 6548
4985 6784
4986 6696
4987 6769
4988 6801
4989 6866
4990 6748
4991 6962
4992 7124
4993 7057
4994 6995
4995 6933
4996 7042
4997 7074
4998 7041
4999 7141
5000 7092
5001 6936
5002 7001
5003 6996
5004 6862
5005 7000
5006 6841
5007 6699
5008 6867
5009 6718
5010 6526
5011 6546
5012 6370
5013 6585
5014 6284
5015 6308
5016 6197
5017 6192
5018 6272
5019 6081
5020 5992
5021 5886
5022 5757
5023 5680
5024 5468
5025 5562
5026 5404
5027 5137
5028 5192
5029 5186
5030 4868
5031 4892
5032 4852
5033 4849
5034 4535
5035 4453
5036 4580
5037 4351
5038 4209
5039 4229
5040 4203
5041 4093
5042 3955
5043 3966
5044 3841
5045 3827
5046 3686
5047 3620
5048 3647
5049 3492
5050 3504
5051 3435
5052 3416
5053 3394
5054 3226
5055 3221
5056 3142
5057 3001
5058 3032
5059 2972
5060 2896
5061 2878
5062 2791
5063 2596
5064 2676
5065 2636
5066 2567
5067 2569
5068 2461
5069 2485
5070 2322
5071 2394
5072 2265
5073 2263
5074 2234
5075 2208
5076 2110
5077 2039
5078 2005
5079 2066
5080 1939
5081 1917
5082 1797
5083 1826
5084 1647
5085 1636
5086 1659
5087 1643
5088 1574
5089 1517
5090 1552
5091 1482
5092 1501
5093 1483
5094 1458
5095 1325
5096 1350
5097 1307
5098 1241
5099 1250
5100 1262
5101 1157
5102 1179
5103 1075
5104 1078
5105 1092
5106 1058
5107 988
5108 946
5109 897
5110 830
5111 852
5112 775
5113 775
5114 737
5115 722
5116 713
5117 641
5118 589
5119 612
5120 589
5121 559
5122 503
5123 476
5124 457
5125 414
5126 405
5127 364
5128 376
5129 333
5130 344
5131 241
5132 258
5133 256
5134 231
5135 212
5136 175
5137 161
5138 175
5139 158
5140 138
5141 118
5142 121
5143 117
5144 105
5145 77
5146 82
5147 74
5148 83
5149 68
5150 55
5151 59
5152 51
5153 53
5154 39
5155 33
5156 38
5157 45
5158 28
5159 19
5160 23
5161 19
5162 23
5163 16
5164 18
5165 6
5166 10
5167 10
5168 6
5169 5
5170 7
5171 1
5172 2
5174 3
5175 3
5181 1
