502 3
503 2
504 3
505 1
506 1
507 3
508 4
509 9
510 5
511 7
512 9
513 16
514 15
515 29
516 41
517 50
518 53
519 82
520 84
521 110
522 104
523 116
524 149
525 175
526 172
527 240
528 255
529 284
530 342
531 364
532 447
533 431
534 523
535 570
536 612
537 684
538 769
539 759
540 862
541 1019
542 1033
543 1183
544 1265
545 1348
546 1475
547 1578
548 1682
549 1904
550 2034
551 2212
552 2324
553 2556
554 2680
555 2797
556 2902
557 3206
558 3291
559 3359
560 3467
561 3582
562 3722
563 3761
564 3773
565 3826
566 3882
567 3870
568 4034
569 3988
570 4051
571 3996
572 3915
573 3984
574 4009
575 4021
576 4038
577 3956
578 3943
579 3817
580 3880
581 3729
582 3566
583 3551
584 3475
585 3372
586 3206
587 3171
588 3125
589 3092
590 3000
591 2818
592 2769
593 2733
594 2563
595 2471
596 2300
597 2233
598 1896
599 1864
600 1600
601 1614
602 1417
603 1369
604 1219
605 1174
606 1040
607 995
608 1003
609 885
610 879
611 780
612 732
613 677
614 658
615 616
616 527
617 535
618 438
619 455
620 418
621 372
622 381
623 295
624 290
625 237
626 221
627 184
628 159
629 156
630 146
631 128
632 127
633 108
634 112
635 73
636 66
637 68
638 58
639 29
640 33
641 27
642 12
643 10
644 7
645 6
646 5
647 2
