2348 2
2349 1
2351 3
2352 1
2353 6
2355 6
2356 4
2357 7
2358 4
2359 6
2360 13
2361 23
2362 11
2363 14
2364 19
2365 22
2366 18
2367 23
2368 19
2369 30
2370 33
2371 30
2372 37
2373 30
2374 46
2375 36
2376 56
2377 49
2378 52
2379 55
2380 50
2381 63
2382 86
2383 72
2384 74
2385 93
2386 104
2387 97
2388 131
2389 108
2390 156
2391 160
2392 187
2393 178
2394 212
2395 230
2396 232
2397 228
2398 249
2399 279
2400 336
2401 328
2402 370
2403 377
2404 381
2405 441
2406 513
2407 506
2408 555
2409 564
2410 648
2411 660
2412 739
2413 766
2414 789
2415 831
2416 888
2417 948
2418 986
2419 1013
2420 1117
2421 1131
2422 1172
2423 1230
2424 1299
2425 1314
2426 1371
2427 1493
2428 1548
2429 1624
2430 1755
2431 1835
2432 1915
2433 1985
2434 2141
2435 2189
2436 2429
2437 2485
2438 2567
2439 2669
2440 2760
2441 2793
2442 3004
2443 3156
2444 3242
2445 3496
2446 3537
2447 3658
2448 3813
2449 3998
2450 4122
2451 4350
2452 4421
2453 4480
2454 4767
2455 4960
2456 5062
2457 5328
2458 5377
2459 5570
2460 5720
2461 5878
2462 5999
2463 6196
2464 6264
2465 6354
2466 6482
2467 6549
2468 6783
2469 6927
2470 6848
2471 7200
2472 7032
2473 7219
2474 7173
2475 7288
2476 7394
2477 7391
2478 7451
2479 7447
2480 7493
2481 7679
2482 7715
2483 7772
2484 7544
2485 7758
2486 7807
2487 7876
2488 8032
2489 7965
2490 8111
2491 8222
2492 8271
2493 7797
2494 8163
2495 8324
2496 8142
2497 8023
2498 8229
2499 8082
2500 8126
2501 7906
2502 7964
2503 7994
2504 7853
2505 7689
2506 7779
2507 7698
2508 7390
2509 7305
2510 7414
2511 7304
2512 7083
2513 7050
2514 6859
2515 6591
2516 6650
2517 6594
2518 6392
2519 6173
2520 6312
2521 6120
2522 5948
2523 6083
2524 5806
2525 5793
2526 5644
2527 5382
2528 5425
2529 5290
2530 5128
2531 5105
2532 5007
2533 4870
2534 4805
2535 4534
2536 4516
2537 4427
2538 4338
2539 4230
2540 4114
2541 4002
2542 3905
2543 3822
2544 3703
2545 3594
2546 3680
2547 3442
2548 3437
2549 3332
2550 3254
2551 3226
2552 3117
2553 2966
2554 2869
2555 2823
2556 2804
2557 2567
2558 2587
2559 2470
2560 2498
2561 2435
2562 2358
2563 2188
2564 2229
2565 2172
2566 2137
2567 2038
2568 1956
2569 1980
2570 1820
2571 1849
2572 1840
2573 1735
2574 1663
2575 1652
2576 1636
2577 1536
2578 1519
2579 1463
2580 1441
2581 1350
2582 1350
2583 1273
2584 1199
2585 1157
2586 1212
2587 1077
2588 1044
2589 1017
2590 945
2591 954
2592 862
2593 842
2594 820
2595 822
2596 765
2597 732
2598 668
2599 612
2600 587
2601 562
2602 522
2603 473
2604 488
2605 414
2606 379
2607 381
2608 356
2609 315
2610 272
2611 280
2612 266
2613 247
2614 223
2615 223
2616 193
2617 176
2618 176
2619 168
2620 127
2621 136
2622 121
2623 128
2624 126
2625 113
2626 101
2627 80
2628 95
2629 67
2630 73
2631 58
2632 57
2633 48
2634 38
2635 43
2636 48
2637 30
2638 38
2639 32
2640 30
2641 27
2642 21
2643 21
2644 18
2645 22
2646 17
2647 16
2648 12
2649 11
2650 21
2651 10
2652 10
2653 7
2654 14
2655 4
2656 10
2657 5
2658 8
2659 5
2660 9
2661 4
2662 7
2663 9
2664 1
2665 5
2666 1
2667 6
2668 4
2669 2
2670 3
2671 2
2672 1
2673 4
2674 2
2675 3
2677 1
2678 1
2679 2
2683 1
