1524 1
1525 1
1527 2
1529 2
1530 4
1531 4
1532 7
1533 3
1534 9
1535 14
1536 12
1537 16
1538 13
1539 21
1540 19
1541 33
1542 35
1543 35
1544 40
1545 53
1546 53
1547 42
1548 50
1549 68
1550 82
1551 89
1552 105
1553 123
1554 112
1555 127
1556 146
1557 151
1558 152
1559 164
1560 167
1561 180
1562 185
1563 178
1564 223
1565 234
1566 226
1567 281
1568 263
1569 333
1570 308
1571 368
1572 332
1573 413
1574 476
1575 477
1576 547
1577 571
1578 613
1579 573
1580 637
1581 654
1582 734
1583 695
1584 728
1585 737
1586 846
1587 908
1588 878
1589 988
1590 1015
1591 1030
1592 1117
1593 1162
1594 1225
1595 1296
1596 1367
1597 1407
1598 1448
1599 1653
1600 1648
1601 1691
1602 1872
1603 1863
1604 2026
1605 2229
1606 2266
1607 2409
1608 2542
1609 2691
1610 2733
1611 2862
1612 3043
1613 3253
1614 3326
1615 3525
1616 3774
1617 3779
1618 3785
1619 4076
1620 4223
1621 4319
1622 4527
1623 4504
1624 4846
1625 4985
1626 5046
1627 5290
1628 5474
1629 5636
1630 5885
1631 5931
1632 6035
1633 6238
1634 6436
1635 6564
1636 6785
1637 6761
1638 6950
1639 7001
1640 7084
1641 7261
1642 7410
1643 7384
1644 7611
1645 7622
1646 7848
1647 7818
1648 8101
1649 7945
1650 8089
1651 8050
1652 8330
1653 8361
1654 8433
1655 8445
1656 8517
1657 8517
1658 8598
1659 8537
1660 8455
1661 8543
1662 8496
1663 8622
1664 8303
1665 8382
1666 8365
1667 8235
1668 8334
1669 8351
1670 8203
1671 8059
1672 8074
1673 8085
1674 7873
1675 7809
1676 7712
1677 7700
1678 7633
1679 7444
1680 7390
1681 7290
1682 7137
1683 7086
1684 7248
1685 7053
1686 6780
1687 6757
1688 6656
1689 6619
1690 6654
1691 6276
1692 6157
1693 6042
1694 6119
1695 6005
1696 5945
1697 5879
1698 5749
1699 5546
1700 5427
1701 5433
1702 5244
1703 5133
1704 5055
1705 4964
1706 4860
1707 4679
1708 4463
1709 4541
1710 4307
1711 4232
1712 4081
1713 3942
1714 3831
1715 3821
1716 3750
1717 3504
1718 3508
1719 3269
1720 3249
1721 3181
1722 2955
1723 3106
1724 2853
1725 2938
1726 2772
1727 2655
1728 2509
1729 2471
1730 2410
1731 2358
1732 2175
1733 2177
1734 2036
1735 1992
1736 1902
1737 1807
1738 1745
1739 1649
1740 1605
1741 1539
1742 1388
1743 1359
1744 1258
1745 1229
1746 1176
1747 1069
1748 1064
1749 925
1750 937
1751 857
1752 845
1753 739
1754 668
1755 633
1756 596
1757 592
1758 461
1759 434
1760 438
1761 429
1762 370
1763 323
1764 290
1765 283
1766 236
1767 223
1768 219
1769 178
1770 174
1771 157
1772 138
1773 127
1774 134
1775 94
1776 91
1777 80
1778 54
1779 54
1780 51
1781 31
1782 35
1783 32
1784 26
1785 13
1786 10
1787 6
1788 8
1789 4
1790 3
1791 7
1793 2
1794 3
1795 1
1797 1
1799 1
