879 1
880 1
881 4
882 6
883 12
884 14
885 29
886 36
887 37
888 52
889 58
890 69
891 77
892 86
893 96
894 88
895 120
896 132
897 112
898 129
899 128
900 139
901 146
902 165
903 191
904 203
905 215
906 230
907 243
908 260
909 278
910 277
911 344
912 371
913 409
914 452
915 425
916 474
917 484
918 552
919 593
920 551
921 611
922 687
923 693
924 718
925 766
926 804
927 757
928 885
929 896
930 1018
931 1037
932 1063
933 1075
934 1121
935 1174
936 1278
937 1310
938 1390
939 1369
940 1540
941 1557
942 1657
943 1753
944 1833
945 2015
946 2071
947 2190
948 2357
949 2455
950 2575
951 2636
952 2759
953 3039
954 3203
955 3312
956 3440
957 3472
958 3795
959 3979
960 4133
961 4341
962 4694
963 5024
964 5025
965 5305
966 5454
967 5655
968 5930
969 6057
970 6291
971 6684
972 6723
973 6851
974 7011
975 7362
976 7278
977 7533
978 7902
979 7927
980 8104
981 8161
982 8350
983 8547
984 8611
985 8953
986 8785
987 9205
988 9348
989 9315
990 9483
991 9757
992 9876
993 9946
994 10150
995 10125
996 10343
997 10544
998 10453
999 10365
1000 10819
1001 10713
1002 10823
1003 10837
1004 10793
1005 10876
1006 10847
1007 10798
1008 10638
1009 10649
1010 10519
1011 10583
1012 10324
1013 10479
1014 10323
1015 10025
1016 10057
1017 9768
1018 9642
1019 9367
1020 9491
1021 9069
1022 8841
1023 8657
1024 8331
1025 8249
1026 8005
1027 7877
1028 7388
1029 7302
1030 7139
1031 6909
1032 6507
1033 6334
1034 6090
1035 5697
1036 5630
1037 5323
1038 5148
1039 5026
1040 4726
1041 4502
1042 4207
1043 4137
1044 3904
1045 3716
1046 3414
1047 3202
1048 3139
1049 2884
1050 2683
1051 2631
1052 2335
1053 2209
1054 2043
1055 1909
1056 1772
1057 1649
1058 1465
1059 1379
1060 1231
1061 1149
1062 1014
1063 914
1064 851
1065 777
1066 700
1067 618
1068 577
1069 538
1070 451
1071 435
1072 365
1073 337
1074 264
1075 242
1076 195
1077 199
1078 165
1079 137
1080 118
1081 96
1082 71
1083 62
1084 51
1085 33
1086 30
1087 23
1088 29
1089 7
1090 14
1091 13
1092 9
1093 7
1094 6
1095 3
1096 3
1097 6
1098 4
1099 6
1100 3
1101 9
1102 3
1103 8
1104 10
1105 6
1106 9
1107 9
1108 5
1109 4
1110 3
1111 2
1112 1
