4518
94
9407
6071
2288
5398
6803
4710
4065
2771
9705
4236
3891
3007
6250
3600
4503
7164
8643
2944
955
7778
1653
3834
3944
608
8199
4743
1466
3812
8729
2321
1693
7797
6149
358
4816
733
7092
9029
1225
1141
4715
4660
1045
9256
128
3444
1562
2329
5068
9756
9611
8721
3679
931
6999
8208
6811
7434
5998
7525
8110
5685
497
3464
3679
8137
9141
3397
2852
8961
1955
8483
4334
9723
8256
1362
7394
6639
9796
6244
3092
5728
2169
1826
8770
5099
8018
9087
250
2060
9429
6425
793
528
7175
3211
5169
8805
370
288
2230
7342
6693
6275
8646
4579
2744
1858
3139
4389
5611
7024
4398
7006
3802
9881
2065
3511
751
2208
7512
739
8468
8261
109
601
5875
8370
3760
6223
1708
4916
6959
5233
9842
2615
679
65
6274
1402
8263
6441
3201
2066
2862
9900
6801
9435
1153
2586
5392
9720
7402
3826
8926
683
5663
3202
1240
1153
9374
6361
9286
4533
2691
9278
989
6148
1318
138
9025
6736
6484
6192
6955
6382
4680
4108
8563
1195
9381
9865
8251
4795
6274
605
4087
7490
8371
3887
7084
6395
2145
8873
4356
1013
8229
8824
9483
1518
9046
3152
1626
1480
9276
2077
6254
1448
608
8212
7971
6029
5586
3847
3922
9213
8950
7688
5924
4971
2717
2837
6354
6741
3451
6417
6427
6490
6426
7716
3121
5481
9179
136
4592
5380
836
9908
7196
2995
8490
998
8102
9333
2620
9417
9658
7106
3417
5191
3688
6684
6976
7543
13
2019
4514
5335
1998
6503
5046
9621
2897
9960
2393
5143
6056
1002
8143
555
6602
7557
8843
9640
9087
184
5814
6771
8599
1965
2351
4142
9816
2104
2416
7418
7219
9353
8953
2190
4242
3313
4572
4256
8224
3185
9092
703
2308
6973
5634
2211
8476
2416
5317
7357
2834
7913
3077
6744
6141
8995
7613
721
7799
867
8707
946
4278
6650
4789
8009
1930
5786
4225
5384
4562
7638
7664
9958
7451
6914
7809
5315
6389
793
3630
5096
1556
3469
6685
4237
7872
7080
3189
6452
73
9954
1947
8402
3276
5756
7576
7454
4714
5800
5048
3362
7051
1628
9522
6591
446
3979
3487
7453
6443
8547
1721
5535
6264
9142
4945
4389
1588
5152
8541
6859
1523
1991
1612
7119
8407
2753
1223
8512
6711
7695
9191
9457
6431
3078
2493
6029
1411
4734
5425
6453
6145
1524
9322
8389
5426
2138
7318
6852
6285
8174
4984
666
2057
9208
1884
9612
1164
2397
9943
8882
8452
4113
4495
7418
9201
2345
3700
4326
4238
8639
763
1584
7642
8190
1461
8861
71
9212
6704
111
766
2120
9514
293
9389
2153
8365
8845
3231
646
7883
8298
534
5844
5415
3169
8311
1978
9165
6668
5746
9568
7520
1985
5804
2790
8671
7405
2571
7041
2482
250
8157
4912
4631
5472
4549
2173
7299
8936
1748
7662
8951
6715
8464
3579
9105
2697
2547
3483
6284
3445
6707
4839
8405
3341
1593
7440
3834
5448
112
5420
9777
8824
8396
827
67
8287
4757
4199
2884
3118
4303
8922
1615
201
2038
2603
6898
8070
3755
3872
7747
3236
8454
4375
5262
2600
3126
7567
2092
546
7261
9841
3121
6126
4753
988
5922
5799
6448
9646
8961
7158
2515
1390
4839
1752
6605
4118
7437
1645
49
4623
3751
9708
2174
7380
1646
3637
952
9816
8328
6559
8739
1492
2693
6255
9134
1785
5945
7738
5546
5011
577
5425
5350
4958
8052
6284
2633
322
7896
6514
3210
5002
109
35
1215
99
4282
6504
4785
4240
7714
5139
5768
7450
8610
9472
8840
2084
4923
29
9768
7900
7206
5126
8314
846
4953
5016
5404
5170
1316
4328
7482
8758
1128
7212
1486
4727
8053
3974
9878
9896
190
7650
6271
7477
2380
3525
2931
7554
9867
4196
1821
9692
5845
1431
7925
2561
1353
5794
5596
779
3928
9363
4437
3159
317058
24550
103052
376429
422150
179568
222063
51162
444460
331375
452853
105045
298168
332724
515401
290674
393658
419482
204292
374347
446178
415913
210875
370330
347991
470793
76400
101545
388993
170551
350131
368703
482450
339300
281446
11293
332242
90637
543988
270549
25494
163765
334959
146105
108971
412018
402999
130909
8632
39851
108508
361891
190053
316559
443794
278988
483631
524960
8374
27293
254903
389509
237808
137254
182335
51796
22706
412923
339073
88678
475077
196902
314882
305037
391929
110991
241886
417831
11094
378098
169035
164231
228565
393029
11600
78603
122842
293313
165256
75701
444737
363704
392146
9621
115299
74923
433578
370157
422016
347435
246210
337143
164981
512908
386775
351072
2397
63229
209574
227152
532611
503396
46860
147688
45464
363514
326040
453442
538206
515942
483957
179405
201456
379878
7632
520936
206361
236355
19051
233774
154791
405761
244244
306569
456056
427461
12717
285128
377515
78087
296191
124727
389148
19577
143265
219656
333331
130422
461614
219132
539014
500096
513302
477544
519260
503397
469599
549313
490702
465028
550484
509762
545928
493570
524379
561597
476903
538816
574285
532041
514052
559669
487431
524334
534621
532230
548325
560501
553234
521145
512480
540165
494595
539280
499279
541255
480219
535869
526471
516454
529125
523497
506975
532371
514196
511184
554849
541301
515420
476497
462087
595606
539761
531964
533343
511686
493246
501392
549372
580497
542990
525599
523595
519628
518507
525486
496337
504846
483274
522833
534689
467856
462285
552698
514920
431430
558367
469159
551275
499885
540139
472761
511291
543526
461908
549426
505016
531142
557303
450312
476697
513944
526676
488959
540598
499788
456392
497378
532321
565839
508963
507752
522236
532540
479077
533143
478279
479370
489560
482533
474741
553508
537920
509611
540154
561434
486631
512415
508140
511088
524055
531920
511974
534397
553897
501286
543515
479376
534806
534525
511294
494696
526340
511763
486535
527905
503571
525076
498237
545078
557263
512157
479325
503837
482641
567112
524393
487617
513718
523990
508285
483815
572422
535032
499447
550113
530342
495396
547112
466989
562948
554883
531817
463908
520305
541494
458768
456690
464916
569055
493265
528884
528905
477650
499834
559055
517556
474714
504969
522734
522159
484763
540826
522166
540750
452240
486511
517388
510741
475046
495082
539639
501071
530269
518756
531098
525931
482314
563898
607363
