100 2
101 4
102 7
103 27
104 44
105 52
106 97
107 149
108 201
109 256
110 311
111 374
112 373
113 366
114 330
115 336
116 351
117 415
118 469
119 488
120 491
121 569
122 604
123 716
124 823
125 786
126 837
127 817
128 842
129 863
130 956
131 1037
132 970
133 956
134 992
135 984
136 1027
137 1017
138 1130
139 1286
140 1293
141 1485
142 1640
143 1858
144 2056
145 2136
146 2384
147 2420
148 2619
149 2777
150 2712
151 2885
152 2875
153 2958
154 2997
155 3197
156 3501
157 3658
158 3914
159 4001
160 4287
161 4381
162 4461
163 4421
164 4487
165 4275
166 4284
167 4068
168 3932
169 3803
170 3761
171 3654
172 3611
173 3698
174 3496
175 3481
176 3362
177 3372
178 3315
179 3378
180 3629
181 3789
182 3987
183 4290
184 4520
185 4577
186 4625
187 4297
188 4396
189 4285
190 4334
191 4311
192 4632
193 4830
194 4932
195 5079
196 5171
197 5187
198 5090
199 5003
200 4925
201 4928
202 4994
203 4910
204 4943
205 5044
206 4850
207 4813
208 4676
209 4439
210 4390
211 4204
212 3958
213 3911
214 3701
215 3822
216 3668
217 3563
218 3593
219 3741
220 3717
221 3802
222 3952
223 3994
224 4301
225 4169
226 4215
227 4344
228 4284
229 4242
230 4251
231 4248
232 4176
233 4114
234 4076
235 4125
236 4281
237 4300
238 4190
239 4139
240 3990
241 3851
242 3792
243 3578
244 3554
245 3377
246 3209
247 3016
248 2828
249 2726
250 2609
251 2418
252 2357
253 2318
254 2383
255 2342
256 2253
257 2312
258 2347
259 2199
260 2214
261 2119
262 2194
263 2197
264 2190
265 2330
266 2188
267 2244
268 2397
269 2266
270 2354
271 2321
272 2286
273 2320
274 2374
275 2367
276 2171
277 2135
278 2098
279 2034
280 1993
281 1869
282 1797
283 1745
284 1684
285 1700
286 1679
287 1672
288 1640
289 1663
290 1631
291 1652
292 1775
293 1755
294 1814
295 1857
296 1830
297 1976
298 1942
299 1901
300 1914
301 1988
302 1997
303 2007
304 1975
305 2120
306 2170
307 2193
308 2086
309 2172
310 2093
311 2034
312 2115
313 2051
314 2052
315 2114
316 2140
317 2177
318 2217
319 2169
320 2101
321 2054
322 1929
323 2069
324 2111
325 2032
326 2033
327 1961
328 1870
329 1849
330 1752
331 1609
332 1535
333 1417
334 1375
335 1296
336 1193
337 1165
338 1144
339 1133
340 1082
341 1148
342 1116
343 1107
344 1082
345 1059
346 1051
347 970
348 985
349 941
350 908
351 930
352 843
353 828
354 777
355 751
356 690
357 618
358 637
359 713
360 742
361 771
362 734
363 802
364 873
365 836
366 807
367 828
368 827
369 828
370 881
371 930
372 965
373 946
374 982
375 979
376 1004
377 1044
378 1097
379 1178
380 1071
381 1208
382 1195
383 1239
384 1250
385 1287
386 1216
387 1276
388 1155
389 1117
390 1065
391 1017
392 931
393 958
394 917
395 892
396 851
397 834
398 801
399 756
400 748
401 725
402 662
403 645
404 685
405 603
406 647
407 629
408 641
409 612
410 583
411 648
412 627
413 617
414 642
415 701
416 707
417 780
418 701
419 735
420 723
421 671
422 652
423 639
424 655
425 608
426 638
427 591
428 588
429 601
430 516
431 481
432 482
433 496
434 460
435 432
436 467
437 463
438 492
439 510
440 453
441 525
442 513
443 516
444 519
445 519
446 508
447 533
448 575
449 537
450 524
451 481
452 558
453 529
454 506
455 496
456 483
457 484
458 510
459 435
460 522
461 505
462 510
463 473
464 471
465 466
466 436
467 441
468 458
469 434
470 476
471 496
472 476
473 531
474 505
475 529
476 504
477 474
478 485
479 465
480 454
481 431
482 430
483 429
484 439
485 397
486 411
487 401
488 391
489 414
490 371
491 419
492 385
493 426
494 376
495 453
496 378
497 434
498 468
499 432
500 441
501 465
502 475
503 452
504 477
505 469
506 431
507 442
508 412
509 404
510 372
511 377
512 372
513 328
514 377
515 395
516 391
517 389
518 325
519 364
520 362
521 338
522 329
523 323
524 321
525 294
526 338
527 334
528 289
529 319
530 283
531 372
532 328
533 329
534 317
535 326
536 333
537 329
538 320
539 327
540 302
541 284
542 256
543 290
544 269
545 285
546 239
547 216
548 244
549 229
550 224
551 254
552 269
553 241
554 238
555 252
556 275
557 280
558 296
559 284
560 321
561 292
562 298
563 321
564 287
565 287
566 299
567 311
568 263
569 253
570 254
571 245
572 234
573 266
574 223
575 226
576 193
577 252
578 235
579 210
580 188
581 218
582 226
583 240
584 235
585 223
586 198
587 194
588 193
589 190
590 189
591 183
592 187
593 189
594 195
595 176
596 200
597 223
598 213
599 202
600 200
601 196
602 209
603 179
604 191
605 207
606 192
607 179
608 178
609 184
610 193
611 183
612 180
613 185
614 187
615 182
616 185
617 155
618 192
619 214
620 168
621 208
622 162
623 170
624 153
625 159
626 141
627 153
628 167
629 163
630 157
631 149
632 159
633 131
634 134
635 192
636 135
637 143
638 133
639 156
640 142
641 132
642 149
643 156
644 148
645 152
646 147
647 155
648 155
649 144
650 147
651 167
652 152
653 170
654 154
655 154
656 163
657 144
658 168
659 145
660 122
661 126
662 150
663 151
664 135
665 162
666 150
667 145
668 139
669 132
670 165
671 159
672 184
673 152
674 153
675 164
676 141
677 151
678 125
679 122
680 121
681 124
682 118
683 126
684 110
685 123
686 121
687 106
688 115
689 120
690 121
691 114
692 126
693 109
694 99
695 111
696 114
697 116
698 127
699 104
700 132
701 111
702 127
703 127
704 107
705 97
706 127
707 109
708 126
709 86
710 114
711 103
712 93
713 113
714 107
715 108
716 118
717 106
718 117
719 109
720 119
721 108
722 98
723 94
724 113
725 104
726 106
727 73
728 92
729 90
730 93
731 85
732 84
733 90
734 89
735 83
736 85
737 104
738 71
739 77
740 94
741 94
742 67
743 81
744 110
745 78
746 95
747 90
748 84
749 94
750 92
751 98
752 79
753 80
754 94
755 86
756 73
757 79
758 98
759 86
760 76
761 106
762 91
763 99
764 110
765 90
766 81
767 88
768 85
769 87
770 89
771 62
772 80
773 67
774 98
775 76
776 88
777 78
778 73
779 77
780 75
781 70
782 71
783 91
784 86
785 74
786 79
787 82
788 77
789 80
790 93
791 78
792 76
793 58
794 65
795 57
796 69
797 67
798 52
799 76
800 59
801 66
802 67
803 69
804 68
805 77
806 78
807 78
808 66
809 71
810 70
811 67
812 60
813 65
814 64
815 64
816 57
817 76
818 69
819 68
820 65
821 57
822 75
823 67
824 69
825 65
826 60
827 72
828 49
829 50
830 67
831 51
832 66
833 66
834 48
835 56
836 55
837 64
838 52
839 64
840 55
841 55
842 53
843 55
844 69
845 60
846 52
847 57
848 53
849 47
850 55
851 61
852 61
853 48
854 54
855 46
856 48
857 49
858 48
859 49
860 52
861 54
862 51
863 44
864 50
865 63
866 42
867 46
868 46
869 51
870 55
871 54
872 46
873 60
874 49
875 59
876 53
877 60
878 41
879 42
880 42
881 39
882 36
883 39
884 51
885 41
886 53
887 59
888 44
889 54
890 47
891 30
892 41
893 41
894 42
895 46
896 48
897 54
898 56
899 38
900 43
901 47
902 45
903 41
904 38
905 43
906 48
907 47
908 51
909 35
910 45
911 40
912 43
913 48
914 35
915 43
916 49
917 43
918 46
919 46
920 35
921 48
922 39
923 29
924 47
925 40
926 58
927 37
928 50
929 33
930 31
931 53
932 39
933 49
934 40
935 28
936 39
937 48
938 36
939 39
940 46
941 39
942 46
943 43
944 40
945 37
946 59
947 38
948 45
949 37
950 42
951 40
952 37
953 24
954 43
955 33
956 35
957 37
958 45
959 42
960 50
961 38
962 31
963 38
964 37
965 49
966 58
967 44
968 30
969 36
970 37
971 38
972 30
973 31
974 41
975 28
976 42
977 34
978 54
979 48
980 51
981 42
982 31
983 38
984 39
985 42
986 46
987 43
988 36
989 47
990 25
991 34
992 40
993 44
994 38
995 48
996 46
997 38
998 31
999 43
1000 41
1001 40
1002 35
1003 39
1004 45
1005 41
1006 34
1007 30
1008 36
1009 35
1010 29
1011 43
1012 29
1013 37
1014 38
1015 28
1016 35
1017 42
1018 47
1019 45
1020 43
1021 40
1022 37
1023 33
1024 24
1025 44
1026 40
1027 38
1028 34
1029 36
1030 30
1031 37
1032 34
1033 43
1034 41
1035 46
1036 32
1037 35
1038 32
1039 38
1040 39
1041 32
1042 35
1043 35
1044 26
1045 46
1046 30
1047 29
1048 40
1049 45
1050 22
1051 36
1052 22
1053 35
1054 31
1055 36
1056 34
1057 31
1058 29
1059 45
1060 21
1061 30
1062 46
1063 27
1064 29
1065 23
1066 43
1067 29
1068 27
1069 39
1070 30
1071 25
1072 26
1073 35
1074 28
1075 35
1076 27
1077 26
1078 27
1079 25
1080 35
1081 26
1082 32
1083 27
1084 33
1085 45
1086 27
1087 34
1088 26
1089 30
1090 29
1091 28
1092 27
1093 25
1094 22
1095 23
1096 20
1097 36
1098 31
1099 25
1100 22
1101 22
1102 32
1103 21
1104 22
1105 25
1106 27
1107 20
1108 34
1109 25
1110 22
1111 22
1112 25
1113 19
1114 23
1115 22
1116 23
1117 24
1118 24
1119 21
1120 13
1121 9
1122 31
1123 24
1124 29
1125 26
1126 27
1127 17
1128 18
1129 24
1130 29
1131 25
1132 21
1133 25
1134 25
1135 18
1136 26
1137 26
1138 13
1139 21
1140 18
1141 19
1142 23
1143 16
1144 23
1145 27
1146 14
1147 25
1148 22
1149 22
1150 24
1151 20
1152 17
1153 22
1154 24
1155 19
1156 36
1157 22
1158 15
1159 22
1160 17
1161 17
1162 20
1163 21
1164 19
1165 17
1166 22
1167 14
1168 18
1169 17
1170 21
1171 19
1172 16
1173 19
1174 32
1175 16
1176 21
1177 15
1178 20
1179 20
1180 22
1181 19
1182 14
1183 23
1184 11
1185 17
1186 18
1187 23
1188 16
1189 15
1190 36
1191 12
1192 10
1193 20
1194 11
1195 17
1196 20
1197 21
1198 23
1199 18
1200 18
1201 22
1202 16
1203 10
1204 11
1205 13
1206 22
1207 18
1208 18
1209 20
1210 18
1211 19
1212 16
1213 15
1214 5
1215 20
1216 21
1217 9
1218 17
1219 18
1220 16
1221 19
1222 14
1223 15
1224 17
1225 21
1226 21
1227 14
1228 17
1229 17
1230 14
1231 14
1232 8
1233 17
1234 13
1235 16
1236 8
1237 19
1238 24
1239 16
1240 17
1241 9
1242 19
1243 15
1244 15
1245 11
1246 15
1247 17
1248 15
1249 19
1250 12
1251 15
1252 12
1253 11
1254 16
1255 19
1256 12
1257 18
1258 16
1259 16
1260 15
1261 19
1262 14
1263 13
1264 18
1265 11
1266 15
1267 14
1268 17
1269 13
1270 14
1271 14
1272 15
1273 7
1274 23
1275 7
1276 15
1277 12
1278 12
1279 14
1280 13
1281 16
1282 17
1283 19
1284 15
1285 14
1286 15
1287 15
1288 13
1289 13
1290 13
1291 12
1292 5
1293 13
1294 17
1295 15
1296 15
1297 17
1298 15
1299 14
1300 9
1301 15
1302 11
1303 8
1304 22
1305 14
1306 15
1307 13
1308 13
1309 11
1310 14
1311 14
1312 10
1313 10
1314 16
1315 18
1316 14
1317 10
1318 10
1319 21
1320 10
1321 9
1322 10
1323 21
1324 14
1325 4
1326 12
1327 16
1328 6
1329 12
1330 13
1331 9
1332 15
1333 12
1334 11
1335 13
1336 21
1337 13
1338 10
1339 13
1340 12
1341 11
1342 8
1343 14
1344 12
1345 5
1346 12
1347 14
1348 17
1349 13
1350 15
1351 12
1352 8
1353 9
1354 17
1355 7
1356 8
1357 17
1358 11
1359 8
1360 12
1361 10
1362 14
1363 8
1364 9
1365 13
1366 9
1367 12
1368 9
1369 16
1370 8
1371 12
1372 4
1373 8
1374 14
1375 12
1376 14
1377 6
1378 11
1379 11
1380 10
1381 7
1382 12
1383 11
1384 7
1385 11
1386 10
1387 17
1388 9
1389 8
1390 14
1391 4
1392 11
1393 13
1394 5
1395 10
1396 11
1397 8
1398 6
1399 8
1400 3
1401 12
1402 8
1403 10
1404 14
1405 11
1406 7
1407 8
1408 8
1409 8
1410 10
1411 9
1412 6
1413 13
1414 10
1415 9
1416 10
1417 9
1418 5
1419 12
1420 13
1421 5
1422 12
1423 11
1424 10
1425 7
1426 7
1427 8
1428 7
1429 8
1430 7
1431 5
1432 12
1433 8
1434 8
1435 8
1436 12
1437 14
1438 6
1439 9
1440 5
1441 10
1442 11
1443 7
1444 6
1445 12
1446 5
1447 10
1448 7
1449 6
1450 8
1451 11
1452 9
1453 7
1454 10
1455 8
1456 6
1457 13
1458 6
1459 7
1460 10
1461 4
1462 6
1463 7
1464 9
1465 7
1466 6
1467 6
1468 10
1469 5
1470 8
1471 7
1472 8
1473 10
1474 13
1475 8
1476 8
1477 3
1478 5
1479 5
1480 12
1481 5
1482 6
1483 10
1484 11
1485 4
1486 8
1487 5
1488 7
1489 8
1490 9
1491 8
1492 6
1493 9
1494 6
1495 1
1496 10
1497 9
1498 3
1499 6
1500 12
1501 8
1502 2
1503 8
1504 10
1505 7
1506 6
1507 7
1508 3
1509 8
1510 8
1511 5
1512 7
1513 6
1514 4
1515 7
1516 8
1517 2
1518 3
1519 10
1520 5
1521 7
1522 5
1523 9
1524 6
1525 8
1526 6
1527 5
1528 5
1529 8
1530 8
1531 4
1532 7
1533 6
1534 5
1535 3
1536 2
1537 9
1538 9
1539 7
1540 5
1541 8
1542 5
1543 3
1544 8
1545 3
1546 4
1547 8
1548 5
1549 6
1550 13
1551 3
1552 3
1553 5
1554 7
1555 4
1556 4
1557 6
1558 4
1559 5
1560 4
1561 4
1562 8
1563 5
1564 5
1565 10
1566 6
1567 1
1568 7
1569 6
1570 6
1571 2
1572 8
1573 5
1574 7
1575 2
1576 2
1577 8
1578 5
1579 3
1580 4
1581 8
1582 4
1583 8
1584 3
1585 5
1586 8
1587 10
1588 3
1589 1
1590 1
1591 4
1592 4
1593 4
1594 4
1595 4
1596 6
1597 7
1598 5
1599 8
1600 4
1601 3
1602 7
1603 3
1604 5
1605 4
1606 1
1607 7
1608 6
1609 6
1610 4
1611 2
1612 4
1613 4
1614 8
1615 8
1616 4
1617 3
1619 6
1620 2
1621 6
1622 10
1623 5
1624 6
1625 3
1626 2
1627 3
1628 4
1629 5
1630 4
1631 5
1632 3
1633 2
1634 6
1635 4
1636 5
1637 3
1638 3
1639 5
1640 8
1641 7
1642 6
1643 4
1644 2
1645 3
1646 5
1647 2
1648 3
1649 1
1650 2
1651 6
1652 4
1653 5
1654 6
1655 1
1656 4
1657 7
1658 4
1659 3
1660 6
1661 4
1662 4
1663 3
1664 2
1665 3
1666 2
1667 6
1668 6
1669 6
1670 3
1671 4
1672 3
1673 3
1674 2
1675 3
1676 3
1677 3
1678 4
1679 3
1680 4
1681 5
1682 6
1683 1
1684 2
1685 3
1686 9
1687 5
1688 4
1689 3
1690 5
1692 1
1693 2
1694 3
1695 5
1696 7
1697 4
1698 1
1699 4
1700 3
1701 4
1702 4
1703 6
1704 4
1705 2
1706 7
1707 4
1708 2
1709 2
1712 4
1713 4
1714 4
1715 4
1716 4
1717 3
1718 2
1719 2
1720 5
1721 3
1722 2
1723 3
1724 3
1725 5
1726 3
1727 5
1728 3
1729 5
1730 1
1731 4
1732 4
1733 2
1734 5
1735 2
1736 4
1737 2
1738 4
1739 2
1742 6
1743 3
1744 3
1745 3
1746 3
1747 6
1748 3
1749 2
1750 2
1751 4
1752 3
1753 6
1754 6
1755 1
1756 1
1757 3
1758 3
1759 2
1760 4
1761 1
1762 1
1763 4
1764 1
1765 3
1766 6
1767 4
1768 2
1769 3
1770 2
1771 3
1772 3
1773 3
1774 6
1775 4
1776 1
1777 3
1778 1
1779 4
1780 1
1781 3
1782 4
1783 3
1784 2
1785 2
1786 1
1787 4
1788 1
1789 1
1790 3
1791 4
1792 5
1793 3
1794 4
1795 3
1796 1
1797 4
1798 2
1799 2
1800 2
1801 3
1802 2
1803 6
1804 1
1805 2
1806 2
1807 3
1809 1
1810 6
1811 1
1812 2
1813 5
1814 4
1815 3
1816 2
1817 1
1818 1
1819 2
1820 5
1821 1
1822 3
1823 4
1824 3
1825 2
1826 4
1828 3
1829 2
1830 1
1831 2
1832 3
1833 2
1834 2
1836 4
1837 2
1838 4
1839 4
1840 4
1842 8
1844 2
1845 2
1846 3
1847 1
1849 1
1850 1
1851 2
1852 4
1853 2
1854 3
1855 2
1856 4
1857 2
1858 1
1859 3
1860 3
1861 3
1862 5
1863 3
1865 1
1866 1
1867 3
1868 3
1869 4
1871 1
1872 3
1874 1
1875 6
1876 2
1877 3
1878 1
1879 2
1880 1
1881 5
1882 2
1883 4
1885 4
1887 2
1888 2
1889 1
1890 3
1891 4
1892 2
1893 2
1894 1
1895 2
1896 5
1898 1
1900 3
1901 5
1902 1
1903 2
1904 2
1905 2
1906 2
1907 2
1908 1
1909 2
1910 1
1911 3
1912 5
1913 3
1914 2
1915 2
1916 1
1918 3
1919 2
1920 1
1921 1
1922 2
1924 3
1925 1
1927 4
1928 1
1929 4
1930 4
1931 3
1932 1
1933 3
1934 2
1935 2
1937 2
1939 1
1940 3
1941 2
1942 2
1943 1
1944 3
1945 1
1946 1
1947 2
1948 3
1949 2
1950 2
1951 4
1954 3
1955 1
1956 1
1957 3
1958 1
1959 5
1960 1
1961 1
1962 3
1964 2
1965 3
1966 2
1967 1
1968 3
1970 2
1971 1
1972 1
1973 1
1976 5
1977 3
1978 4
1979 2
1980 1
1982 1
1983 3
1984 3
1985 2
1988 4
1989 4
1991 3
1993 3
1994 1
1998 2
1999 3
2000 2
2001 5
2002 1
2003 1
2004 2
2005 3
2007 1
2008 2
2010 2
2011 2
2012 3
2013 2
2014 2
2016 2
2018 4
2019 1
2020 1
2021 3
2024 2
2025 1
2026 1
2027 1
2028 5
2029 1
2032 2
2033 4
2035 1
2036 2
2037 3
2038 2
2039 1
2040 2
2041 3
2042 1
2044 2
2046 2
2047 3
2049 1
2050 2
2051 1
2052 1
2053 3
2057 2
2059 2
2060 3
2062 2
2063 2
2064 4
2065 1
2067 2
2068 3
2069 4
2072 1
2073 2
2074 1
2075 1
2076 2
2078 1
2079 1
2081 2
2082 1
2083 2
2084 4
2085 1
2087 2
2088 1
2089 1
2090 1
2091 1
2092 3
2095 1
2096 2
2097 1
2098 3
2099 2
2100 1
2102 1
2103 1
2105 2
2107 1
2108 2
2109 1
2110 2
2111 3
2112 1
2113 2
2114 2
2115 2
2116 1
2120 1
2121 1
2124 4
2125 3
2129 3
2130 5
2132 1
2133 1
2134 1
2135 1
2136 2
2138 2
2139 1
2141 1
2142 1
2143 2
2147 1
2148 2
2149 2
2150 2
2152 1
2153 3
2155 1
2156 2
2157 1
2158 1
2159 1
2160 2
2161 2
2162 2
2166 1
2168 3
2169 1
2171 3
2173 1
2176 2
2177 3
2178 2
2181 2
2183 1
2185 3
2186 1
2187 2
2188 2
2190 1
2192 1
2194 2
2196 1
2197 2
2201 3
2202 2
2203 1
2204 1
2205 1
2206 1
2208 2
2209 2
2210 1
2212 1
2213 1
2214 3
2215 1
2218 1
2219 1
2221 1
2223 1
2224 1
2226 2
2227 1
2230 1
2232 3
2233 2
2234 1
2235 2
2236 1
2237 1
2239 2
2241 2
2242 1
2244 1
2246 1
2248 1
2251 1
2252 1
2253 1
2254 1
2257 1
2258 2
2260 3
2262 1
2263 3
2264 2
2265 1
2266 1
2267 1
2269 1
2271 2
2276 2
2281 1
2283 2
2284 2
2285 2
2286 1
2290 1
2292 2
2293 1
2294 3
2295 1
2296 1
2297 1
2298 1
2299 1
2300 1
2303 1
2304 1
2306 1
2310 1
2312 1
2314 1
2315 1
2316 1
2317 1
2318 1
2323 2
2324 3
2325 3
2328 2
2330 1
2332 1
2336 1
2337 2
2339 1
2341 1
2347 2
2348 1
2350 2
2351 1
2352 2
2353 2
2355 2
2357 1
2358 1
2360 1
2363 1
2366 1
2367 1
2371 1
2372 1
2375 2
2380 1
2381 1
2382 2
2383 2
2384 1
2385 1
2386 1
2388 2
2389 1
2392 2
2396 1
2397 1
2402 1
2406 1
2407 1
2409 1
2411 1
2412 1
2413 3
2414 1
2415 1
2416 1
2420 1
2421 2
2423 1
2425 2
2427 1
2435 1
2438 2
2439 2
2443 1
2444 1
2446 1
2448 2
2450 1
2451 1
2453 1
2455 1
2456 1
2457 2
2463 1
2466 1
2470 1
2473 1
2475 3
2479 1
2480 1
2482 3
2483 1
2485 2
2490 1
2493 1
2494 1
2496 1
2502 1
2504 1
2507 1
2509 1
2510 1
2511 2
2514 1
2518 1
2519 1
2520 1
2523 1
2526 1
2527 1
2528 1
2531 1
2537 1
2539 1
2540 1
2541 1
2544 1
2548 2
2553 1
2554 1
2556 1
2557 1
2559 1
2562 1
2564 1
2568 1
2570 2
2577 1
2578 1
2580 1
2582 1
2584 1
2593 3
2594 1
2595 1
2596 1
2603 1
2608 1
2610 2
2611 1
2612 1
2622 1
2624 1
2628 1
2630 1
2631 1
2634 1
2635 1
2636 1
2640 1
2645 1
2649 1
2653 1
2658 2
2659 1
2662 1
2667 1
2668 1
2672 1
2674 1
2682 1
2687 1
2689 2
2690 1
2698 1
2701 1
2702 1
2708 2
2714 1
2721 1
2725 1
2729 1
2731 1
2736 1
2737 1
2742 1
2743 1
2752 1
2757 2
2763 1
2769 1
2773 1
2776 1
2778 1
2784 1
2791 1
2799 1
2804 1
2806 1
2813 2
2827 2
2841 1
2842 1
2847 1
2851 1
2861 1
2870 1
2878 1
2883 1
2885 1
2899 1
2908 1
2920 1
2922 1
2933 1
2950 1
2961 1
2971 1
2993 1
3010 1
3041 1
