618 3
619 4
620 1
621 3
622 6
623 3
624 3
625 8
626 13
627 20
628 14
629 12
630 12
631 22
632 19
633 27
634 23
635 20
636 27
637 23
638 38
639 33
640 48
641 46
642 54
643 67
644 61
645 68
646 69
647 81
648 87
649 64
650 69
651 70
652 55
653 52
654 45
655 46
656 46
657 40
658 43
659 48
660 28
661 37
662 38
663 41
664 42
665 39
666 48
667 39
668 39
669 50
670 47
671 38
672 41
673 32
674 27
675 32
676 27
677 32
678 23
679 16
680 25
681 23
682 26
683 21
684 14
685 15
686 14
687 9
688 7
689 10
690 4
691 9
692 4
693 5
694 2
695 1
696 1
697 2
