0 1 1
1 2 0
1 3 0
13 20 0
1 4 0
1 5 1
2 3 1
1 7 1
12 22 1
2 4 1
1 9 1
14 19 0
2 5 1
1 11 1
3 4 0
1 13 1
15 18 0
1 14 1
3 5 1
16 17 0
1 16 1
13 21 0
1 17 1
3 6 1
1 19 1
12 23 1
4 5 1
3 7 1
2 11 1
1 23 1
14 20 0
4 6 1
1 25 1
2 13 1
3 9 1
4 7 1
15 19 0
13 22 0
5 6 0
16 18 0
2 16 1
3 11 1
2 17 1
5 7 0
3 12 1
14 21 0
2 19 1
3 13 1
5 8 0
6 7 1
13 23 0
15 20 0
4 11 1
5 9 1
2 23 1
16 19 0
6 8 1
17 18 0
5 10 1
3 17 1
14 22 0
4 13 1
6 9 1
5 11 1
7 8 0
3 19 1
15 21 0
4 15 1
7 9 0
16 20 0
4 16 1
5 13 1
3 22 1
14 23 0
17 19 0
4 17 1
3 23 1
7 10 0
8 9 0
15 22 0
5 15 1
4 19 1
7 11 0
6 13 1
8 10 0
16 21 0
7 12 1
17 20 0
5 17 1
18 19 0
8 11 0
15 23 0
9 10 0
7 13 1
4 23 1
5 19 1
8 12 1
16 22 0
7 14 1
9 11 0
5 20 1
17 21 0
6 17 1
8 13 1
18 20 0
7 15 1
9 12 1
10 11 0
8 14 1
16 23 0
6 19 1
5 23 1
9 13 1
17 22 0
7 17 1
10 12 1
18 21 0
19 20 0
9 14 1
8 16 1
10 13 1
11 12 1
7 19 1
9 15 1
17 23 0
8 17 1
6 23 1
10 14 1
18 22 0
11 13 1
19 21 0
9 16 1
10 15 1
8 19 1
9 17 1
11 14 1
12 13 1
18 23 0
10 16 1
7 23 1
9 18 1
19 22 0
20 21 0
11 15 1
12 14 1
10 17 1
9 19 1
11 16 1
12 15 1
19 23 0
13 14 0
20 22 0
8 23 1
11 17 1
10 19 1
12 16 1
13 15 0
11 18 1
12 17 1
20 23 0
21 22 0
9 23 1
13 16 0
11 19 1
14 15 0
12 18 1
11 20 1
13 17 0
14 16 0
21 23 0
12 19 1
10 23 1
11 21 1
13 18 0
14 17 0
15 16 0
11 22 1
13 19 0
22 23 0
14 18 0
11 23 1
15 17 0
110
