3162 1
3163 1
3164 1
3166 2
3167 6
3168 2
3169 4
3170 2
3171 5
3172 4
3173 8
3174 4
3175 7
3176 10
3177 14
3178 11
3179 13
3180 19
3181 20
3182 25
3183 16
3184 18
3185 20
3186 25
3187 26
3188 17
3189 32
3190 29
3191 34
3192 32
3193 36
3194 51
3195 54
3196 39
3197 52
3198 57
3199 66
3200 84
3201 79
3202 75
3203 80
3204 92
3205 135
3206 147
3207 185
3208 152
3209 211
3210 238
3211 251
3212 271
3213 298
3214 311
3215 357
3216 381
3217 377
3218 446
3219 501
3220 521
3221 556
3222 579
3223 584
3224 637
3225 660
3226 671
3227 725
3228 764
3229 781
3230 818
3231 827
3232 878
3233 967
3234 969
3235 1001
3236 1027
3237 978
3238 1159
3239 1213
3240 1289
3241 1237
3242 1449
3243 1383
3244 1417
3245 1477
3246 1599
3247 1702
3248 1761
3249 1794
3250 1889
3251 1837
3252 1919
3253 2082
3254 2127
3255 2143
3256 2348
3257 2222
3258 2318
3259 2402
3260 2525
3261 2644
3262 2676
3263 2708
3264 2759
3265 2763
3266 2814
3267 2993
3268 3026
3269 3067
3270 3017
3271 3109
3272 3130
3273 3442
3274 3331
3275 3461
3276 3424
3277 3457
3278 3547
3279 3668
3280 3713
3281 3754
3282 3848
3283 3851
3284 4007
3285 4104
3286 4239
3287 4185
3288 4342
3289 4440
3290 4577
3291 4512
3292 4695
3293 4740
3294 4782
3295 5087
3296 5055
3297 5055
3298 5287
3299 5364
3300 5487
3301 5473
3302 5664
3303 5601
3304 5516
3305 5702
3306 5716
3307 5673
3308 6022
3309 5907
3310 5789
3311 6159
3312 6073
3313 6100
3314 6061
3315 6375
3316 6286
3317 6338
3318 6439
3319 6418
3320 6325
3321 6496
3322 6503
3323 6515
3324 6600
3325 6721
3326 6745
3327 6836
3328 6816
3329 6879
3330 6904
3331 6996
3332 6991
3333 7002
3334 6986
3335 6847
3336 7055
3337 6708
3338 6803
3339 6930
3340 6818
3341 6850
3342 6853
3343 6674
3344 6603
3345 6649
3346 6506
3347 6627
3348 6490
3349 6374
3350 6219
3351 6275
3352 6230
3353 6074
3354 6134
3355 5984
3356 5823
3357 5737
3358 5704
3359 5662
3360 5565
3361 5377
3362 5455
3363 5319
3364 5091
3365 5084
3366 5169
3367 4927
3368 4936
3369 4858
3370 4706
3371 4630
3372 4517
3373 4423
3374 4340
3375 4255
3376 4210
3377 4031
3378 3930
3379 3839
3380 3633
3381 3565
3382 3655
3383 3479
3384 3376
3385 3323
3386 3308
3387 3178
3388 3171
3389 3096
3390 2937
3391 2983
3392 2806
3393 2834
3394 2604
3395 2627
3396 2500
3397 2371
3398 2393
3399 2258
3400 2209
3401 2156
3402 2106
3403 2024
3404 1912
3405 1838
3406 1772
3407 1706
3408 1741
3409 1646
3410 1508
3411 1443
3412 1416
3413 1351
3414 1334
3415 1339
3416 1217
3417 1158
3418 1191
3419 1159
3420 1119
3421 1053
3422 1001
3423 1007
3424 1005
3425 958
3426 891
3427 852
3428 828
3429 843
3430 808
3431 743
3432 741
3433 750
3434 716
3435 677
3436 659
3437 658
3438 591
3439 586
3440 542
3441 594
3442 523
3443 563
3444 476
3445 467
3446 444
3447 399
3448 474
3449 421
3450 411
3451 363
3452 408
3453 420
3454 360
3455 366
3456 360
3457 337
3458 363
3459 309
3460 311
3461 281
3462 288
3463 294
3464 295
3465 270
3466 274
3467 269
3468 217
3469 228
3470 237
3471 198
3472 192
3473 209
3474 223
3475 192
3476 190
3477 177
3478 155
3479 165
3480 179
3481 148
3482 171
3483 146
3484 169
3485 113
3486 139
3487 134
3488 115
3489 147
3490 139
3491 113
3492 121
3493 119
3494 107
3495 89
3496 106
3497 100
3498 107
3499 98
3500 97
3501 88
3502 82
3503 99
3504 87
3505 81
3506 100
3507 98
3508 73
3509 75
3510 76
3511 72
3512 83
3513 78
3514 72
3515 81
3516 83
3517 60
3518 66
3519 63
3520 64
3521 48
3522 54
3523 47
3524 53
3525 43
3526 43
3527 40
3528 41
3529 29
3530 38
3531 30
3532 27
3533 31
3534 21
3535 27
3536 18
3537 23
3538 17
3539 10
3540 15
3541 9
3542 9
3543 7
3544 8
3545 5
3546 6
3547 7
3548 4
3549 7
3550 4
3551 5
3552 1
3553 3
3554 3
3555 2
3556 2
3557 1
3558 2
3560 1
3562 1
