1137 1
1139 2
1140 2
1141 1
1142 2
1143 4
1144 6
1145 8
1146 11
1147 8
1148 35
1149 23
1150 17
1151 33
1152 36
1153 32
1154 64
1155 53
1156 64
1157 53
1158 74
1159 93
1160 97
1161 109
1162 131
1163 162
1164 160
1165 227
1166 214
1167 253
1168 300
1169 320
1170 340
1171 364
1172 439
1173 461
1174 517
1175 534
1176 604
1177 676
1178 680
1179 782
1180 820
1181 876
1182 1046
1183 1008
1184 1069
1185 1135
1186 1214
1187 1333
1188 1360
1189 1461
1190 1624
1191 1645
1192 1749
1193 1843
1194 2051
1195 2130
1196 2234
1197 2354
1198 2509
1199 2635
1200 2910
1201 3001
1202 3238
1203 3344
1204 3635
1205 3743
1206 3927
1207 4162
1208 4322
1209 4660
1210 4961
1211 5102
1212 5465
1213 5661
1214 5735
1215 5857
1216 6104
1217 6367
1218 6514
1219 6920
1220 7124
1221 7399
1222 7559
1223 7767
1224 8065
1225 8227
1226 8218
1227 8624
1228 8599
1229 9040
1230 9124
1231 9382
1232 9281
1233 9382
1234 9502
1235 9721
1236 9783
1237 9815
1238 9921
1239 10007
1240 10042
1241 10121
1242 9780
1243 10094
1244 9934
1245 9924
1246 9632
1247 9717
1248 9653
1249 9629
1250 9639
1251 9338
1252 9459
1253 9467
1254 9236
1255 9094
1256 9008
1257 8963
1258 8772
1259 8732
1260 8736
1261 8536
1262 8490
1263 8277
1264 8045
1265 8145
1266 8088
1267 7907
1268 7903
1269 7625
1270 7612
1271 7499
1272 7347
1273 7342
1274 7052
1275 7132
1276 6962
1277 6986
1278 6769
1279 6605
1280 6515
1281 6434
1282 6237
1283 6176
1284 6160
1285 5880
1286 5781
1287 5566
1288 5345
1289 5309
1290 4935
1291 4838
1292 4579
1293 4498
1294 4368
1295 4085
1296 3985
1297 3814
1298 3509
1299 3427
1300 3377
1301 3170
1302 2983
1303 2805
1304 2710
1305 2543
1306 2416
1307 2374
1308 2165
1309 2014
1310 1880
1311 1734
1312 1634
1313 1532
1314 1539
1315 1367
1316 1278
1317 1190
1318 1108
1319 1061
1320 1005
1321 917
1322 830
1323 807
1324 725
1325 697
1326 703
1327 635
1328 546
1329 588
1330 501
1331 516
1332 512
1333 459
1334 436
1335 387
1336 389
1337 372
1338 336
1339 275
1340 242
1341 239
1342 221
1343 232
1344 196
1345 177
1346 151
1347 125
1348 116
1349 97
1350 81
1351 81
1352 74
1353 37
1354 53
1355 34
1356 24
1357 22
1358 20
1359 21
1360 13
1361 9
1362 10
1363 6
1364 6
1365 5
1366 2
1368 2
