15 21
16 44
17 61
18 98
19 178
20 250
21 381
22 419
23 520
24 652
25 707
26 817
27 945
28 1283
29 1558
30 1884
31 2252
32 2186
33 2194
34 2437
35 2900
36 3416
37 3911
38 4434
39 5396
40 5928
41 6558
42 7392
43 8555
44 9365
45 9339
46 9300
47 9120
48 8825
49 8098
50 7015
51 6291
52 5706
53 5065
54 4871
55 4836
56 4408
57 4239
58 4178
59 4324
60 4655
61 5096
62 5172
63 5479
64 6214
65 6795
66 6910
67 7204
68 7213
69 7083
70 7209
71 6822
72 6877
73 7003
74 6455
75 5949
76 5766
77 5406
78 4959
79 4940
80 4839
81 4995
82 5066
83 5023
84 5218
85 4951
86 4772
87 4374
88 4430
89 4335
90 4408
91 4341
92 4371
93 4467
94 4496
95 4464
96 4273
97 4022
98 3902
99 3795
100 3845
101 3924
102 3777
103 3910
104 3847
105 3799
106 3770
107 3742
108 3682
109 3632
110 3660
111 3811
112 3420
113 3277
114 3086
115 2978
116 3062
117 3095
118 3142
119 3651
120 3664
121 3792
122 3754
123 3720
124 3633
125 3718
126 3744
127 3613
128 3401
129 3317
130 3065
131 2994
132 3016
133 2906
134 2782
135 2712
136 2628
137 2624
138 2716
139 2598
140 2471
141 2262
142 2280
143 2077
144 2080
145 1984
146 2023
147 2126
148 2114
149 2108
150 2052
151 2062
152 2038
153 2019
154 2096
155 2139
156 2120
157 2020
158 1956
159 1971
160 1924
161 2016
162 1966
163 1864
164 1726
165 1704
166 1686
167 1666
168 1673
169 1699
170 1561
171 1610
172 1662
173 1617
174 1584
175 1546
176 1493
177 1426
178 1266
179 1315
180 1226
181 1228
182 1218
183 1242
184 1232
185 1275
186 1212
187 1217
188 1256
189 1305
190 1239
191 1189
192 1181
193 1281
194 1289
195 1127
196 1119
197 1073
198 1107
199 1060
200 1029
201 1065
202 1013
203 1118
204 1029
205 974
206 957
207 935
208 911
209 871
210 861
211 915
212 894
213 957
214 953
215 961
216 931
217 918
218 900
219 950
220 849
221 846
222 888
223 916
224 850
225 864
226 803
227 794
228 720
229 690
230 655
231 669
232 646
233 614
234 627
235 604
236 624
237 587
238 625
239 612
240 692
241 691
242 738
243 695
244 734
245 735
246 628
247 594
248 594
249 577
250 528
251 615
252 645
253 605
254 587
255 606
256 528
257 514
258 527
259 522
260 563
261 527
262 528
263 549
264 563
265 645
266 571
267 594
268 537
269 577
270 488
271 582
272 549
273 540
274 504
275 504
276 476
277 496
278 520
279 511
280 535
281 495
282 511
283 487
284 510
285 527
286 503
287 546
288 565
289 590
290 561
291 671
292 584
293 624
294 587
295 531
296 568
297 560
298 518
299 586
300 546
301 531
302 538
303 540
304 492
305 504
306 492
307 503
308 457
309 502
310 498
311 460
312 446
313 471
314 443
315 416
316 440
317 373
318 390
319 378
320 409
321 389
322 406
323 383
324 390
325 459
326 437
327 449
328 437
329 411
330 426
331 410
332 386
333 349
334 391
335 404
336 409
337 352
338 387
339 408
340 381
341 409
342 378
343 423
344 371
345 410
346 419
347 408
348 416
349 410
350 383
351 417
352 402
353 410
354 423
355 410
356 395
357 379
358 389
359 382
360 410
361 375
362 384
363 370
364 358
365 364
366 362
367 347
368 344
369 378
370 333
371 360
372 354
373 345
374 369
375 417
376 391
377 402
378 418
379 351
380 361
381 351
382 391
383 370
384 322
385 370
386 376
387 326
388 375
389 361
390 373
391 375
392 389
393 313
394 345
395 357
396 342
397 325
398 314
399 289
400 283
401 288
402 291
403 303
404 261
405 255
406 258
407 287
408 260
409 266
410 250
411 253
412 253
413 252
414 254
415 256
416 269
417 233
418 248
419 247
420 286
421 266
422 286
423 277
424 320
425 300
426 282
427 261
428 253
429 225
430 254
431 208
432 234
433 220
434 216
435 233
436 224
437 216
438 234
439 233
440 230
441 209
442 226
443 236
444 237
445 195
446 209
447 195
448 205
449 210
450 221
451 199
452 217
453 195
454 218
455 182
456 212
457 207
458 191
459 220
460 193
461 203
462 172
463 228
464 217
465 196
466 200
467 208
468 205
469 200
470 190
471 181
472 185
473 174
474 178
475 183
476 158
477 163
478 152
479 163
480 149
481 160
482 137
483 158
484 157
485 147
486 169
487 179
488 164
489 182
490 187
491 163
492 174
493 172
494 158
495 196
496 179
497 180
498 160
499 164
500 168
501 145
502 160
503 166
504 151
505 183
506 133
507 142
508 152
509 147
510 156
511 165
512 139
513 148
514 136
515 165
516 147
517 149
518 149
519 133
520 141
521 139
522 126
523 177
524 145
525 138
526 126
527 155
528 128
529 132
530 116
531 146
532 147
533 139
534 127
535 119
536 140
537 121
538 106
539 132
540 109
541 126
542 114
543 113
544 101
545 130
546 106
547 149
548 133
549 116
550 122
551 116
552 113
553 110
554 97
555 119
556 118
557 125
558 101
559 137
560 109
561 132
562 122
563 111
564 106
565 106
566 114
567 114
568 103
569 102
570 105
571 106
572 110
573 120
574 115
575 112
576 92
577 108
578 110
579 112
580 112
581 102
582 102
583 103
584 99
585 114
586 113
587 116
588 95
589 113
590 124
591 118
592 119
593 125
594 107
595 110
596 123
597 103
598 95
599 103
600 99
601 98
602 110
603 103
604 92
605 110
606 112
607 97
608 136
609 113
610 122
611 121
612 99
613 100
614 121
615 100
616 101
617 119
618 92
619 94
620 83
621 87
622 79
623 88
624 78
625 106
626 108
627 88
628 103
629 84
630 98
631 96
632 99
633 99
634 83
635 98
636 96
637 72
638 96
639 104
640 83
641 88
642 88
643 87
644 98
645 97
646 90
647 93
648 82
649 79
650 74
651 74
652 63
653 76
654 76
655 79
656 93
657 89
658 87
659 90
660 82
661 79
662 83
663 88
664 101
665 77
666 82
667 82
668 84
669 82
670 68
671 83
672 74
673 93
674 87
675 81
676 76
677 73
678 90
679 77
680 69
681 70
682 71
683 74
684 75
685 71
686 72
687 76
688 73
689 73
690 81
691 76
692 72
693 66
694 78
695 78
696 75
697 68
698 70
699 78
700 62
701 66
702 64
703 71
704 77
705 53
706 72
707 61
708 64
709 60
710 66
711 63
712 69
713 77
714 64
715 63
716 62
717 58
718 57
719 63
720 58
721 71
722 74
723 69
724 58
725 54
726 79
727 77
728 64
729 62
730 78
731 56
732 63
733 73
734 53
735 60
736 66
737 55
738 68
739 59
740 62
741 65
742 63
743 56
744 64
745 61
746 47
747 66
748 57
749 61
750 50
751 62
752 58
753 66
754 58
755 73
756 61
757 53
758 50
759 69
760 61
761 48
762 72
763 75
764 54
765 64
766 61
767 65
768 70
769 55
770 60
771 47
772 61
773 55
774 56
775 51
776 62
777 59
778 64
779 57
780 58
781 40
782 54
783 62
784 55
785 57
786 52
787 53
788 48
789 55
790 66
791 61
792 42
793 67
794 55
795 46
796 42
797 58
798 57
799 65
800 49
801 36
802 53
803 44
804 46
805 60
806 65
807 54
808 49
809 54
810 46
811 50
812 44
813 51
814 45
815 52
816 59
817 61
818 50
819 49
820 57
821 39
822 45
823 43
824 66
825 48
826 59
827 33
828 40
829 50
830 41
831 56
832 64
833 43
834 52
835 57
836 49
837 50
838 50
839 52
840 40
841 37
842 48
843 45
844 52
845 57
846 50
847 49
848 38
849 43
850 47
851 55
852 55
853 39
854 46
855 53
856 45
857 53
858 43
859 48
860 44
861 44
862 38
863 46
864 42
865 41
866 50
867 57
868 47
869 39
870 51
871 47
872 42
873 56
874 54
875 38
876 56
877 46
878 53
879 39
880 52
881 39
882 42
883 50
884 44
885 48
886 44
887 39
888 44
889 52
890 35
891 39
892 39
893 47
894 39
895 57
896 30
897 43
898 37
899 58
900 36
901 33
902 48
903 44
904 46
905 36
906 43
907 37
908 37
909 35
910 55
911 38
912 54
913 30
914 46
915 29
916 50
917 49
918 31
919 48
920 41
921 42
922 38
923 45
924 59
925 39
926 33
927 34
928 48
929 46
930 53
931 30
932 46
933 37
934 28
935 45
936 37
937 49
938 48
939 36
940 32
941 44
942 34
943 31
944 43
945 50
946 33
947 40
948 48
949 42
950 40
951 32
952 46
953 36
954 41
955 43
956 31
957 28
958 43
959 43
960 38
961 42
962 39
963 33
964 46
965 35
966 44
967 40
968 34
969 38
970 40
971 27
972 43
973 37
974 45
975 47
976 34
977 29
978 35
979 46
980 31
981 39
982 46
983 34
984 41
985 30
986 32
987 30
988 35
989 46
990 26
991 34
992 38
993 34
994 33
995 34
996 38
997 32
998 35
999 33
1000 33
1001 36
1002 36
1003 34
1004 24
1005 37
1006 28
1007 32
1008 40
1009 32
1010 40
1011 27
1012 28
1013 37
1014 36
1015 32
1016 35
1017 31
1018 30
1019 29
1020 35
1021 33
1022 33
1023 44
1024 29
1025 33
1026 34
1027 29
1028 26
1029 33
1030 35
1031 47
1032 28
1033 19
1034 36
1035 37
1036 23
1037 35
1038 29
1039 39
1040 37
1041 27
1042 29
1043 34
1044 24
1045 42
1046 44
1047 33
1048 25
1049 35
1050 24
1051 29
1052 32
1053 39
1054 27
1055 29
1056 28
1057 34
1058 27
1059 28
1060 29
1061 31
1062 35
1063 31
1064 25
1065 25
1066 29
1067 23
1068 34
1069 21
1070 33
1071 19
1072 38
1073 39
1074 28
1075 34
1076 27
1077 32
1078 22
1079 37
1080 28
1081 23
1082 21
1083 33
1084 33
1085 23
1086 30
1087 25
1088 30
1089 37
1090 21
1091 31
1092 25
1093 31
1094 27
1095 19
1096 26
1097 26
1098 32
1099 25
1100 38
1101 24
1102 23
1103 25
1104 23
1105 23
1106 32
1107 27
1108 29
1109 29
1110 26
1111 24
1112 34
1113 23
1114 21
1115 18
1116 24
1117 30
1118 25
1119 26
1120 30
1121 31
1122 27
1123 32
1124 25
1125 29
1126 21
1127 27
1128 25
1129 19
1130 44
1131 23
1132 27
1133 26
1134 21
1135 17
1136 25
1137 23
1138 19
1139 25
1140 19
1141 30
1142 36
1143 28
1144 26
1145 22
1146 27
1147 22
1148 30
1149 21
1150 17
1151 29
1152 22
1153 34
1154 21
1155 25
1156 22
1157 19
1158 27
1159 24
1160 32
1161 27
1162 23
1163 29
1164 17
1165 16
1166 19
1167 23
1168 23
1169 23
1170 31
1171 21
1172 24
1173 23
1174 23
1175 28
1176 19
1177 18
1178 19
1179 30
1180 17
1181 17
1182 27
1183 31
1184 27
1185 21
1186 27
1187 16
1188 22
1189 18
1190 22
1191 20
1192 23
1193 19
1194 24
1195 31
1196 23
1197 20
1198 16
1199 33
1200 18
1201 29
1202 23
1203 17
1204 19
1205 18
1206 19
1207 28
1208 20
1209 21
1210 21
1211 28
1212 25
1213 19
1214 24
1215 25
1216 16
1217 18
1218 17
1219 18
1220 25
1221 25
1222 32
1223 26
1224 22
1225 13
1226 28
1227 16
1228 21
1229 20
1230 23
1231 29
1232 25
1233 21
1234 22
1235 24
1236 20
1237 11
1238 23
1239 17
1240 18
1241 24
1242 19
1243 31
1244 16
1245 26
1246 32
1247 21
1248 18
1249 21
1250 22
1251 27
1252 17
1253 19
1254 21
1255 24
1256 21
1257 26
1258 18
1259 18
1260 16
1261 23
1262 19
1263 22
1264 28
1265 20
1266 19
1267 20
1268 21
1269 21
1270 21
1271 19
1272 18
1273 24
1274 22
1275 24
1276 20
1277 15
1278 20
1279 19
1280 23
1281 22
1282 26
1283 14
1284 16
1285 25
1286 23
1287 21
1288 16
1289 19
1290 15
1291 16
1292 23
1293 24
1294 22
1295 23
1296 21
1297 19
1298 16
1299 22
1300 17
1301 21
1302 16
1303 18
1304 23
1305 13
1306 15
1307 17
1308 21
1309 24
1310 17
1311 22
1312 13
1313 25
1314 22
1315 23
1316 20
1317 15
1318 14
1319 20
1320 25
1321 18
1322 18
1323 21
1324 16
1325 19
1326 21
1327 13
1328 10
1329 24
1330 20
1331 27
1332 18
1333 20
1334 17
1335 12
1336 20
1337 23
1338 19
1339 16
1340 16
1341 19
1342 14
1343 21
1344 24
1345 15
1346 20
1347 21
1348 17
1349 16
1350 22
1351 13
1352 18
1353 18
1354 15
1355 15
1356 17
1357 16
1358 25
1359 25
1360 12
1361 12
1362 12
1363 23
1364 13
1365 20
1366 21
1367 22
1368 16
1369 14
1370 16
1371 19
1372 21
1373 16
1374 17
1375 19
1376 10
1377 15
1378 19
1379 17
1380 17
1381 15
1382 21
1383 17
1384 22
1385 16
1386 19
1387 18
1388 14
1389 16
1390 16
1391 17
1392 15
1393 17
1394 14
1395 24
1396 16
1397 16
1398 17
1399 12
1400 16
1401 20
1402 11
1403 17
1404 13
1405 20
1406 22
1407 19
1408 23
1409 12
1410 16
1411 11
1412 13
1413 21
1414 16
1415 16
1416 21
1417 14
1418 16
1419 16
1420 12
1421 17
1422 20
1423 15
1424 13
1425 25
1426 17
1427 11
1428 23
1429 21
1430 13
1431 11
1432 14
1433 21
1434 13
1435 14
1436 11
1437 17
1438 18
1439 18
1440 20
1441 18
1442 13
1443 15
1444 16
1445 18
1446 14
1447 12
1448 21
1449 12
1450 18
1451 20
1452 8
1453 18
1454 16
1455 16
1456 16
1457 19
1458 14
1459 13
1460 18
1461 14
1462 11
1463 18
1464 15
1465 14
1466 14
1467 17
1468 14
1469 12
1470 21
1471 7
1472 10
1473 23
1474 10
1475 18
1476 19
1477 14
1478 16
1479 14
1480 19
1481 17
1482 9
1483 17
1484 8
1485 18
1486 18
1487 12
1488 15
1489 14
1490 16
1491 20
1492 10
1493 16
1494 10
1495 16
1496 13
1497 13
1498 17
1499 14
1500 10
1501 19
1502 20
1503 19
1504 13
1505 18
1506 10
1507 16
1508 12
1509 17
1510 14
1511 15
1512 13
1513 11
1514 16
1515 17
1516 11
1517 15
1518 17
1519 9
1520 12
1521 13
1522 18
1523 15
1524 17
1525 12
1526 18
1527 15
1528 12
1529 13
1530 14
1531 11
1532 14
1533 15
1534 14
1535 18
1536 16
1537 15
1538 8
1539 9
1540 16
1541 20
1542 14
1543 8
1544 12
1545 10
1546 16
1547 14
1548 20
1549 9
1550 17
1551 15
1552 11
1553 16
1554 13
1555 9
1556 16
1557 19
1558 12
1559 13
1560 10
1561 16
1562 14
1563 12
1564 12
1565 16
1566 12
1567 14
1568 15
1569 10
1570 19
1571 11
1572 14
1573 15
1574 9
1575 13
1576 7
1577 11
1578 14
1579 14
1580 13
1581 13
1582 21
1583 16
1584 9
1585 15
1586 15
1587 12
1588 8
1589 8
1590 10
1591 14
1592 10
1593 17
1594 15
1595 11
1596 15
1597 10
1598 18
1599 11
1600 15
1601 15
1602 7
1603 7
1604 10
1605 17
1606 14
1607 10
1608 12
1609 17
1610 15
1611 15
1612 9
1613 14
1614 9
1615 14
1616 13
1617 10
1618 9
1619 11
1620 11
1621 12
1622 16
1623 15
1624 14
1625 9
1626 18
1627 16
1628 9
1629 8
1630 10
1631 15
1632 14
1633 14
1634 15
1635 8
1636 10
1637 14
1638 12
1639 8
1640 8
1641 15
1642 19
1643 16
1644 10
1645 8
1646 11
1647 13
1648 12
1649 12
1650 16
1651 12
1652 13
1653 6
1654 9
1655 13
1656 11
1657 14
1658 11
1659 12
1660 14
1661 9
1662 7
1663 19
1664 15
1665 9
1666 14
1667 7
1668 13
1669 12
1670 10
1671 15
1672 9
1673 5
1674 15
1675 15
1676 16
1677 7
1678 10
1679 10
1680 11
1681 5
1682 14
1683 10
1684 12
1685 12
1686 15
1687 11
1688 15
1689 7
1690 9
1691 8
1692 10
1693 16
1694 9
1695 15
1696 9
1697 10
1698 19
1699 9
1700 8
1701 6
1702 12
1703 14
1704 11
1705 7
1706 12
1707 9
1708 14
1709 12
1710 16
1711 11
1712 7
1713 11
1714 5
1715 7
1716 11
1717 7
1718 16
1719 9
1720 12
1721 15
1722 12
1723 6
1724 14
1725 7
1726 10
1727 10
1728 8
1729 13
1730 13
1731 10
1732 9
1733 12
1734 8
1735 19
1736 8
1737 9
1738 7
1739 11
1740 11
1741 9
1742 10
1743 6
1744 11
1745 13
1746 13
1747 9
1748 9
1749 12
1750 5
1751 14
1752 10
1753 8
1754 14
1755 12
1756 10
1757 12
1758 7
1759 7
1760 11
1761 10
1762 10
1763 11
1764 9
1765 9
1766 13
1767 9
1768 14
1769 5
1770 11
1771 9
1772 10
1773 10
1774 9
1775 10
1776 14
1777 7
1778 11
1779 12
1780 9
1781 9
1782 12
1783 9
1784 5
1785 9
1786 8
1787 10
1788 12
1789 10
1790 15
1791 12
1792 7
1793 9
1794 14
1795 6
1796 7
1797 11
1798 7
1799 6
1800 11
1801 10
1802 11
1803 8
1804 8
1805 11
1806 13
1807 9
1808 12
1809 8
1810 6
1811 12
1812 7
1813 11
1814 7
1815 12
1816 7
1817 13
1818 5
1819 10
1820 8
1821 11
1822 14
1823 11
1824 8
1825 7
1826 7
1827 10
1828 9
1829 7
1830 8
1831 9
1832 14
1833 6
1834 11
1835 8
1836 10
1837 9
1838 6
1839 11
1840 9
1841 11
1842 9
1843 10
1844 8
1845 13
1846 10
1847 9
1848 6
1849 5
1850 9
1851 9
1852 9
1853 17
1854 6
1855 6
1856 8
1857 11
1858 11
1859 9
1860 12
1861 7
1862 9
1863 5
1864 8
1865 9
1866 5
1867 8
1868 6
1869 11
1870 10
1871 7
1872 10
1873 8
1874 10
1875 17
1876 5
1877 8
1878 10
1879 8
1880 9
1881 7
1882 10
1883 4
1884 7
1885 12
1886 9
1887 10
1888 8
1889 5
1890 6
1891 8
1892 10
1893 10
1894 7
1895 7
1896 4
1897 10
1898 8
1899 10
1900 9
1901 14
1902 8
1903 10
1904 4
1905 6
1906 7
1907 7
1908 10
1909 9
1910 8
1911 9
1912 8
1913 8
1914 6
1915 11
1916 11
1917 5
1918 9
1919 5
1920 9
1921 12
1922 4
1923 10
1924 9
1925 11
1926 6
1927 6
1928 9
1929 4
1930 9
1931 9
1932 9
1933 6
1934 5
1935 5
1936 7
1937 8
1938 11
1939 5
1940 6
1941 14
1942 7
1943 9
1944 14
1945 6
1946 6
1947 6
1948 7
1949 10
1950 6
1951 7
1952 10
1953 5
1954 5
1955 8
1956 7
1957 7
1958 9
1959 8
1960 6
1961 7
1962 6
1963 9
1964 5
1965 7
1966 8
1967 11
1968 12
1969 5
1970 4
1971 13
1972 8
1973 7
1974 8
1975 7
1976 9
1977 3
1978 5
1979 12
1980 7
1981 3
1982 6
1983 7
1984 3
1985 11
1986 7
1987 7
1988 11
1989 15
1990 7
1991 6
1992 3
1993 8
1994 4
1995 6
1996 5
1997 11
1998 9
1999 10
2000 2
2001 6
2002 8
2003 9
2004 5
2005 9
2006 6
2007 8
2008 7
2009 6
2010 3
2011 5
2012 13
2013 11
2014 7
2015 5
2016 6
2017 10
2018 5
2019 10
2020 3
2021 5
2022 4
2023 6
2024 5
2025 14
2026 5
2027 9
2028 10
2029 4
2030 8
2031 4
2032 7
2033 8
2034 7
2035 7
2036 5
2037 9
2038 11
2039 9
2040 9
2041 4
2042 7
2043 3
2044 7
2045 8
2046 3
2047 8
2048 1
2049 11
2050 8
2051 7
2052 3
2053 8
2054 6
2055 3
2056 8
2057 12
2058 7
2059 10
2060 5
2061 8
2062 6
2063 9
2064 7
2065 4
2066 6
2067 3
2068 4
2069 14
2070 3
2071 5
2072 9
2073 4
2074 5
2075 8
2076 3
2077 11
2078 2
2079 10
2080 7
2081 8
2082 8
2083 3
2084 7
2085 7
2086 4
2087 12
2088 4
2089 5
2090 3
2091 8
2092 6
2093 6
2094 10
2095 10
2096 8
2097 2
2098 9
2099 7
2100 5
2101 6
2102 2
2103 5
2104 6
2105 7
2106 6
2107 3
2108 9
2109 4
2110 9
2111 7
2112 5
2113 2
2114 11
2115 8
2116 8
2117 9
2118 6
2119 4
2120 9
2121 5
2122 5
2123 4
2124 6
2125 10
2126 8
2127 1
2128 4
2129 5
2130 8
2131 7
2132 3
2133 9
2134 8
2135 4
2136 3
2137 5
2138 12
2139 9
2140 6
2141 4
2142 7
2143 8
2144 10
2145 5
2146 4
2147 2
2148 3
2149 8
2150 6
2151 9
2152 6
2153 6
2154 5
2155 5
2156 10
2157 6
2158 7
2159 6
2160 6
2161 5
2162 5
2163 6
2164 5
2165 4
2166 5
2167 2
2168 5
2169 2
2170 4
2171 6
2172 8
2173 12
2174 5
2175 11
2176 8
2177 6
2178 4
2179 13
2180 10
2181 9
2182 3
2183 4
2184 4
2185 2
2186 2
2187 4
2188 4
2189 3
2190 6
2191 3
2192 7
2193 7
2194 5
2195 6
2196 6
2197 8
2198 11
2199 6
2200 9
2201 6
2202 5
2203 5
2204 9
2205 4
2206 4
2207 1
2208 5
2209 6
2210 2
2211 7
2212 6
2213 4
2214 5
2215 6
2216 3
2217 10
2218 5
2219 10
2220 5
2221 6
2222 10
2223 6
2224 1
2225 2
2226 10
2227 3
2228 4
2229 4
2230 6
2231 8
2232 5
2233 3
2234 8
2235 4
2236 7
2237 10
2238 5
2239 7
2240 6
2241 4
2242 4
2243 1
2244 6
2245 1
2246 6
2247 8
2248 7
2249 7
2250 4
2251 7
2252 7
2253 4
2254 2
2255 7
2256 4
2257 3
2258 9
2259 3
2260 4
2261 7
2262 2
2263 6
2264 8
2265 12
2266 3
2267 5
2268 4
2269 7
2270 6
2271 8
2272 2
2273 5
2274 5
2275 4
2276 6
2277 4
2278 3
2279 7
2280 3
2281 4
2282 6
2283 4
2284 3
2285 6
2286 8
2287 11
2288 5
2289 7
2290 5
2291 5
2292 5
2293 3
2294 5
2295 1
2296 7
2297 2
2298 7
2299 5
2300 4
2301 7
2302 8
2303 5
2304 6
2305 3
2306 5
2307 6
2308 5
2309 2
2310 2
2311 6
2312 5
2313 8
2314 6
2315 7
2316 6
2317 4
2318 4
2319 4
2320 4
2321 7
2322 8
2323 4
2324 6
2325 6
2326 4
2327 4
2328 5
2329 3
2330 7
2331 4
2332 5
2333 8
2334 1
2335 1
2336 6
2337 1
2338 6
2339 8
2340 9
2341 7
2342 1
2343 3
2344 4
2345 5
2346 4
2347 8
2348 7
2349 4
2350 6
2351 4
2352 7
2353 5
2354 2
2355 6
2356 5
2357 4
2358 4
2359 5
2360 10
2361 7
2362 4
2363 3
2364 4
2365 6
2366 2
2367 3
2368 2
2369 2
2370 3
2371 2
2372 8
2373 7
2374 8
2375 7
2376 4
2377 6
2378 5
2379 5
2380 5
2381 8
2383 7
2384 4
2385 6
2386 3
2387 3
2388 3
2389 7
2390 6
2391 3
2392 5
2393 3
2394 6
2395 2
2396 4
2397 4
2398 9
2399 4
2400 9
2401 5
2402 2
2403 5
2404 4
2405 3
2406 6
2407 6
2408 5
2409 4
2410 4
2411 3
2412 2
2413 1
2414 6
2415 7
2416 6
2417 2
2418 3
2419 11
2420 2
2421 4
2422 7
2423 4
2424 8
2425 7
2426 6
2427 3
2428 2
2429 6
2430 6
2431 4
2432 1
2433 4
2434 6
2435 2
2436 8
2437 2
2438 4
2439 3
2440 6
2441 3
2442 3
2443 6
2444 5
2445 3
2446 4
2447 4
2448 2
2449 6
2450 11
2451 2
2452 5
2453 4
2454 5
2455 6
2456 2
2457 6
2458 7
2459 3
2460 3
2461 4
2462 5
2463 4
2464 6
2465 3
2466 4
2467 3
2468 7
2469 3
2470 3
2471 5
2472 3
2473 3
2474 5
2475 7
2476 3
2477 5
2478 5
2479 1
2480 7
2481 7
2482 5
2483 2
2484 6
2485 4
2486 8
2487 4
2488 2
2489 4
2490 6
2491 1
2492 2
2493 2
2494 3
2495 5
2496 8
2497 2
2498 5
2499 4
2500 2
2501 6
2502 2
2503 6
2504 5
2505 10
2506 5
2507 4
2508 10
2509 4
2510 1
2511 1
2512 3
2513 6
2514 2
2515 2
2516 3
2517 2
2518 6
2519 8
2520 4
2521 5
2522 4
2523 3
2524 3
2525 2
2526 4
2527 5
2528 3
2529 6
2530 3
2531 9
2532 4
2533 3
2534 7
2535 4
2536 8
2537 2
2538 6
2539 1
2540 3
2541 4
2542 4
2543 3
2544 1
2545 4
2546 4
2547 4
2548 2
2549 4
2550 7
2551 4
2552 2
2553 5
2554 5
2555 4
2556 5
2557 5
2558 9
2559 2
2560 3
2561 8
2562 8
2563 3
2564 4
2565 1
2566 2
2567 3
2568 4
2569 4
2570 2
2571 3
2572 3
2573 4
2574 4
2575 3
2576 1
2577 2
2578 6
2579 2
2580 8
2581 4
2582 7
2583 8
2584 1
2585 3
2586 6
2587 7
2588 3
2589 5
2590 6
2591 3
2592 3
2593 3
2594 6
2595 3
2596 4
2597 1
2598 3
2599 2
2600 4
2601 2
2602 3
2603 5
2604 3
2605 1
2606 8
2607 1
2608 5
2609 5
2610 4
2611 7
2612 2
2613 3
2614 7
2615 5
2616 5
2617 1
2618 6
2619 2
2620 3
2621 8
2622 4
2623 7
2624 1
2625 6
2626 3
2627 2
2628 2
2629 2
2630 1
2631 2
2632 4
2633 3
2634 6
2635 3
2636 3
2637 6
2638 3
2639 3
2640 4
2641 8
2642 3
2643 4
2644 1
2645 7
2646 2
2647 4
2648 5
2649 4
2650 4
2651 6
2652 5
2653 5
2654 2
2655 1
2656 1
2657 4
2658 7
2659 2
2660 2
2661 8
2662 1
2663 3
2664 2
2665 1
2666 5
2667 6
2668 4
2669 2
2670 1
2671 5
2672 4
2673 3
2674 5
2675 4
2676 3
2677 5
2678 6
2679 3
2680 5
2681 5
2682 2
2683 4
2684 5
2685 3
2686 3
2687 2
2688 2
2689 1
2690 4
2691 7
2692 4
2693 4
2694 5
2695 2
2696 4
2697 4
2698 1
2699 2
2700 2
2701 4
2702 6
2703 2
2704 5
2705 8
2706 5
2707 5
2708 3
2709 1
2710 2
2711 5
2712 4
2713 1
2714 7
2715 2
2716 1
2717 4
2718 1
2719 3
2720 5
2721 3
2722 4
2723 4
2724 3
2725 2
2726 2
2727 4
2728 8
2729 2
2730 4
2731 2
2732 3
2733 7
2734 5
2735 7
2736 4
2737 3
2738 2
2739 4
2740 2
2741 1
2742 6
2743 4
2744 1
2745 6
2746 1
2747 1
2748 4
2749 5
2750 1
2751 2
2752 4
2753 4
2754 2
2755 1
2756 1
2757 3
2758 5
2759 7
2760 4
2761 6
2762 2
2763 3
2764 7
2765 2
2766 6
2767 6
2768 11
2769 2
2770 2
2771 3
2772 2
2773 1
2774 5
2775 1
2776 2
2777 3
2778 1
2779 2
2780 3
2781 3
2782 2
2783 1
2784 3
2785 2
2786 5
2787 1
2788 7
2789 5
2790 4
2791 3
2792 5
2793 2
2794 4
2795 7
2796 7
2797 1
2798 7
2799 4
2800 3
2802 3
2803 8
2804 1
2805 3
2807 4
2808 2
2809 1
2810 1
2811 1
2812 3
2813 6
2814 1
2815 6
2816 1
2817 6
2818 1
2819 3
2820 1
2821 4
2822 4
2823 3
2824 3
2825 8
2826 3
2827 2
2828 3
2829 4
2830 5
2831 9
2832 5
2833 2
2834 6
2835 3
2836 2
2837 2
2838 1
2839 2
2840 2
2841 1
2842 2
2843 4
2844 1
2845 2
2846 4
2847 4
2848 4
2849 1
2850 5
2852 2
2853 2
2854 4
2855 4
2856 2
2857 2
2858 5
2859 6
2860 7
2861 5
2862 2
2863 4
2864 4
2865 5
2866 3
2867 1
2868 3
2869 3
2870 5
2871 5
2872 3
2873 3
2874 2
2875 3
2876 1
2877 2
2878 4
2879 2
2880 1
2881 2
2883 2
2884 2
2885 2
2886 4
2887 1
2888 2
2889 5
2890 5
2891 3
2892 5
2893 6
2894 5
2895 4
2896 3
2897 6
2898 2
2899 6
2900 2
2901 3
2902 5
2903 5
2904 2
2905 2
2906 1
2907 2
2908 2
2909 2
2910 1
2911 3
2912 3
2913 3
2914 2
2915 2
2916 2
2917 2
2918 1
2919 4
2920 5
2921 1
2922 4
2923 3
2924 1
2925 7
2926 6
2927 1
2928 3
2929 2
2930 7
2931 5
2932 2
2933 4
2934 2
2935 4
2936 5
2937 1
2938 4
2939 2
2940 2
2941 2
2942 2
2943 2
2944 4
2945 1
2946 1
2947 5
2948 2
2949 2
2950 2
2951 1
2952 1
2953 3
2954 7
2955 4
2956 1
2958 4
2959 3
2960 5
2961 10
2962 3
2963 2
2964 5
2965 1
2966 2
2967 2
2968 2
2969 1
2970 6
2971 3
2972 4
2973 2
2974 1
2975 3
2976 5
2977 3
2978 1
2979 2
2980 2
2982 3
2983 1
2984 3
2985 4
2986 1
2987 4
2988 5
2989 4
2990 4
2991 5
2992 1
2993 5
2994 5
2995 1
2996 1
2997 3
2998 4
2999 3
3000 1
3001 3
3002 2
3003 6
3004 4
3005 1
3006 3
3008 2
3009 4
3010 1
3011 4
3012 1
3013 3
3015 5
3016 4
3017 3
3018 1
3019 3
3020 1
3021 6
3022 1
3023 3
3024 2
3025 4
3026 5
3027 2
3028 5
3029 1
3030 5
3031 4
3032 3
3033 3
3034 2
3035 2
3036 5
3038 5
3039 3
3041 1
3042 1
3043 5
3044 2
3045 1
3046 1
3047 5
3048 1
3049 3
3050 2
3051 1
3052 3
3053 5
3054 3
3055 4
3056 3
3057 1
3058 4
3059 2
3060 5
3062 3
3063 2
3064 2
3065 3
3066 3
3067 3
3068 2
3069 2
3070 7
3071 3
3072 6
3073 2
3074 6
3075 2
3076 3
3078 3
3079 1
3080 1
3081 1
3082 2
3083 1
3084 4
3085 1
3087 1
3088 4
3089 5
3090 3
3091 6
3092 2
3093 4
3094 1
3095 1
3096 3
3098 2
3099 3
3100 2
3101 3
3102 2
3103 3
3104 4
3105 5
3106 4
3107 6
3108 2
3109 2
3110 5
3111 3
3112 2
3113 1
3114 2
3115 2
3117 4
3118 2
3119 1
3120 4
3121 3
3123 2
3124 4
3125 6
3126 4
3127 1
3128 2
3130 2
3131 1
3133 1
3134 1
3135 4
3136 4
3137 3
3138 1
3139 4
3140 4
3141 4
3142 3
3143 1
3144 7
3145 2
3146 4
3147 2
3148 4
3149 4
3150 1
3151 4
3152 1
3153 3
3155 3
3156 3
3157 1
3158 2
3159 3
3160 5
3161 3
3163 1
3164 3
3165 1
3166 2
3167 2
3168 5
3170 1
3171 2
3172 2
3173 4
3174 4
3175 2
3176 1
3177 2
3178 6
3179 2
3180 2
3181 2
3182 5
3184 3
3185 3
3186 2
3187 3
3188 1
3189 3
3190 2
3191 4
3192 3
3193 3
3194 2
3195 3
3196 3
3197 1
3198 3
3199 2
3200 4
3201 2
3202 2
3203 2
3204 4
3205 1
3206 1
3207 2
3209 3
3210 4
3211 4
3212 3
3213 2
3214 4
3216 2
3217 4
3218 3
3219 3
3220 2
3221 3
3222 1
3223 1
3225 1
3226 2
3227 3
3229 4
3230 2
3231 2
3232 5
3233 3
3234 5
3235 1
3236 2
3237 5
3238 2
3239 6
3240 1
3241 3
3242 2
3243 3
3244 3
3245 2
3246 1
3247 1
3248 1
3249 2
3251 6
3252 4
3253 2
3255 4
3256 3
3257 3
3258 2
3259 2
3261 1
3262 1
3263 1
3264 2
3266 1
3267 4
3268 6
3269 3
3270 1
3271 4
3272 2
3274 5
3275 3
3276 2
3277 3
3278 7
3279 2
3280 3
3281 2
3282 6
3283 3
3284 2
3286 1
3287 2
3288 3
3290 2
3291 2
3292 2
3293 4
3294 1
3297 1
3298 2
3299 2
3300 3
3301 1
3302 3
3303 1
3304 3
3305 1
3306 5
3308 2
3309 3
3310 4
3312 1
3313 8
3314 3
3315 4
3316 3
3317 4
3318 4
3319 2
3320 1
3321 4
3322 2
3323 4
3324 3
3325 2
3326 1
3328 2
3329 4
3331 2
3332 1
3333 2
3334 2
3335 2
3336 2
3337 2
3338 1
3341 3
3342 2
3343 2
3344 1
3345 4
3347 4
3348 3
3350 2
3351 1
3352 4
3353 5
3354 3
3355 3
3356 5
3357 4
3359 2
3360 2
3361 7
3362 3
3363 2
3364 2
3365 5
3366 2
3367 1
3369 1
3370 3
3371 4
3373 1
3374 1
3375 1
3376 1
3377 2
3380 1
3381 3
3382 3
3383 3
3384 3
3385 1
3386 3
3388 1
3389 1
3390 1
3391 2
3392 4
3393 2
3394 4
3395 6
3396 1
3397 2
3398 7
3399 3
3400 4
3401 2
3402 5
3403 2
3404 2
3405 4
3406 2
3408 4
3410 1
3411 1
3412 2
3413 1
3414 1
3415 1
3416 2
3417 3
3418 2
3419 2
3423 1
3424 2
3425 1
3426 3
3427 2
3428 2
3429 5
3430 2
3431 4
3432 3
3434 1
3435 2
3436 4
3437 6
3438 2
3439 4
3440 3
3441 3
3442 2
3443 1
3444 2
3445 4
3446 1
3447 2
3449 1
3450 3
3451 5
3452 3
3453 1
3454 1
3455 1
3456 1
3457 3
3458 3
3461 2
3464 3
3465 2
3466 1
3467 5
3468 2
3469 1
3470 2
3471 2
3472 2
3473 1
3474 1
3475 3
3476 3
3477 6
3478 1
3479 4
3480 3
3481 3
3482 3
3483 2
3484 1
3485 1
3486 1
3487 3
3488 4
3489 3
3490 1
3491 2
3492 2
3494 1
3496 3
3497 2
3498 2
3499 2
3500 3
3501 2
3503 1
3505 3
3507 3
3509 1
3510 4
3511 5
3512 3
3513 3
3514 1
3515 8
3516 2
3517 1
3518 1
3519 1
3521 3
3522 3
3523 3
3524 1
3525 3
3526 1
3527 3
3528 2
3530 2
3531 1
3532 5
3533 1
3534 3
3535 1
3536 3
3537 1
3538 3
3540 2
3541 1
3542 1
3543 2
3544 2
3545 1
3546 2
3547 1
3548 1
3549 1
3550 3
3551 3
3553 1
3554 3
3555 1
3556 3
3557 2
3558 4
3559 6
3560 1
3561 5
3562 3
3563 2
3564 2
3565 1
3566 1
3567 1
3568 2
3569 1
3570 1
3571 4
3572 1
3573 3
3574 1
3575 4
3576 1
3577 4
3578 1
3579 1
3583 4
3584 4
3585 1
3588 1
3589 2
3590 3
3591 2
3592 1
3594 4
3595 3
3596 1
3597 3
3598 2
3599 3
3600 5
3601 1
3602 4
3603 1
3604 1
3605 3
3606 1
3607 1
3608 3
3609 4
3611 1
3612 2
3613 4
3614 5
3616 1
3617 1
3618 2
3620 1
3622 4
3623 2
3624 5
3625 1
3626 1
3629 2
3630 1
3632 2
3633 3
3634 2
3636 3
3637 1
3638 3
3639 1
3640 4
3641 3
3642 2
3643 2
3644 3
3645 3
3646 2
3647 1
3648 1
3649 2
3650 2
3651 2
3652 2
3653 4
3654 2
3655 5
3656 1
3658 2
3659 2
3660 3
3661 3
3662 1
3663 1
3664 1
3666 2
3667 1
3669 2
3670 1
3671 2
3672 2
3674 5
3675 1
3677 2
3678 3
3680 1
3681 1
3682 1
3683 1
3684 2
3685 2
3686 2
3687 4
3688 4
3689 2
3691 4
3692 2
3693 2
3694 2
3695 5
3697 2
3698 2
3699 5
3700 2
3702 7
3705 2
3706 2
3707 2
3708 2
3709 1
3710 1
3714 2
3715 3
3716 2
3718 1
3719 2
3720 2
3721 1
3722 3
3723 1
3724 3
3726 2
3727 3
3730 1
3731 2
3732 4
3733 4
3734 1
3735 3
3736 1
3738 4
3739 3
3740 3
3741 3
3742 2
3743 2
3745 4
3746 3
3748 2
3750 4
3752 2
3753 1
3754 3
3756 1
3757 5
3759 3
3760 2
3762 2
3763 2
3764 1
3766 2
3767 1
3768 1
3769 1
3770 1
3773 3
3774 1
3775 3
3776 2
3777 2
3778 3
3779 2
3780 4
3781 3
3783 2
3785 2
3786 3
3788 3
3789 1
3790 3
3791 2
3792 2
3793 2
3794 5
3795 4
3796 1
3797 1
3799 2
3801 1
3802 3
3803 2
3804 1
3805 4
3806 1
3809 3
3810 1
3811 2
3812 1
3815 1
3816 2
3818 3
3819 2
3820 2
3821 2
3822 2
3823 2
3824 2
3825 1
3826 2
3827 3
3828 1
3829 2
3830 2
3831 3
3832 3
3833 1
3835 3
3836 2
3838 1
3839 3
3840 4
3841 4
3842 1
3843 2
3844 3
3845 1
3846 1
3848 2
3849 3
3851 2
3852 1
3853 1
3854 1
3856 4
3859 1
3860 4
3861 2
3862 3
3863 1
3864 3
3866 1
3868 2
3870 1
3871 1
3872 2
3873 3
3874 1
3875 1
3876 3
3877 1
3878 2
3879 2
3880 1
3881 2
3882 3
3883 4
3884 1
3885 2
3886 3
3887 2
3888 1
3889 2
3890 1
3891 2
3892 2
3893 3
3894 2
3895 2
3896 3
3897 1
3898 1
3899 1
3900 2
3902 2
3903 1
3904 2
3905 1
3906 2
3907 2
3908 1
3910 2
3911 1
3914 3
3915 1
3917 2
3920 2
3921 6
3922 3
3923 2
3925 2
3927 4
3928 2
3929 1
3930 2
3931 3
3932 2
3933 1
3934 2
3935 2
3936 1
3937 2
3938 2
3939 2
3940 2
3941 1
3942 2
3946 2
3947 7
3948 3
3949 1
3952 2
3953 1
3954 2
3955 3
3957 3
3960 1
3961 1
3962 2
3964 2
3966 1
3967 2
3968 2
3969 2
3970 4
3971 1
3972 2
3973 2
3974 2
3975 3
3976 1
3977 1
3978 4
3979 1
3980 4
3981 1
3982 1
3983 1
3985 1
3986 2
3987 1
3988 1
3989 1
3991 2
3992 4
3993 1
3994 1
3995 2
3997 2
3998 2
3999 2
4000 1
4001 3
4002 1
4004 2
4005 2
4006 2
4007 3
4008 2
4010 1
4011 2
4012 1
4013 3
4014 1
4016 1
4017 1
4018 2
4019 1
4020 3
4021 2
4022 2
4023 2
4024 5
4027 1
4028 1
4029 1
4030 2
4031 2
4032 1
4033 3
4034 2
4036 2
4038 3
4039 2
4040 1
4043 1
4044 3
4046 1
4047 4
4049 4
4051 2
4052 3
4053 4
4054 2
4055 1
4057 1
4059 3
4060 2
4062 1
4063 2
4064 1
4065 3
4066 3
4067 1
4068 1
4069 1
4070 2
4071 2
4072 2
4073 2
4075 1
4076 2
4078 1
4079 1
4080 3
4081 1
4082 2
4083 1
4084 1
4085 1
4086 1
4088 2
4090 1
4091 4
4093 2
4094 2
4095 2
4096 2
4097 4
4098 2
4099 1
4101 2
4102 2
4103 2
4105 1
4106 4
4107 1
4108 2
4110 2
4111 1
4112 4
4113 3
4114 1
4115 1
4116 3
4118 1
4119 2
4120 2
4121 1
4122 2
4124 2
4125 1
4126 1
4127 1
4130 1
4132 1
4133 1
4134 2
4135 2
4137 3
4138 2
4139 1
4141 1
4142 2
4144 2
4145 1
4146 4
4147 1
4149 2
4150 1
4151 2
4152 5
4153 2
4154 4
4155 1
4156 2
4157 1
4158 4
4159 3
4160 1
4161 1
4162 2
4163 3
4165 1
4166 2
4169 2
4170 1
4171 4
4172 1
4173 1
4178 1
4180 2
4184 2
4185 1
4188 2
4189 3
4190 2
4191 2
4193 3
4195 2
4196 1
4197 1
4198 5
4199 3
4200 5
4201 2
4202 3
4203 1
4204 3
4205 1
4207 2
4208 3
4209 3
4210 1
4211 1
4212 1
4213 1
4215 1
4217 4
4218 1
4219 1
4220 1
4221 3
4222 1
4226 2
4229 1
4231 1
4233 1
4235 3
4238 1
4240 1
4241 2
4242 2
4243 1
4244 4
4245 3
4247 2
4248 3
4249 3
4250 1
4251 3
4252 1
4253 5
4254 5
4255 1
4256 2
4257 1
4258 3
4260 2
4261 4
4262 2
4263 1
4264 2
4265 1
4266 1
4269 1
4271 1
4273 1
4275 1
4279 1
4280 1
4281 3
4284 1
4286 1
4289 1
4290 2
4291 2
4292 3
4293 1
4294 2
4295 2
4296 5
4297 2
4298 1
4299 2
4301 2
4302 3
4303 1
4304 4
4305 3
4306 2
4307 3
4308 3
4309 2
4312 3
4313 1
4314 3
4315 1
4316 2
4318 1
4320 3
4322 2
4327 1
4332 1
4333 1
4334 2
4336 3
4338 1
4340 2
4341 1
4342 1
4343 2
4344 2
4345 1
4346 3
4347 1
4348 1
4349 4
4350 2
4351 3
4353 2
4354 1
4355 2
4356 1
4357 2
4358 1
4359 4
4360 1
4361 2
4362 3
4363 3
4364 2
4365 4
4366 1
4367 3
4369 1
4371 1
4375 2
4377 1
4381 1
4384 2
4389 4
4391 1
4392 3
4395 3
4396 2
4397 3
4398 3
4399 1
4400 2
4401 1
4404 2
4405 2
4406 1
4407 1
4408 2
4409 6
4410 1
4411 2
4412 4
4413 3
4414 1
4415 2
4416 2
4417 2
4418 2
4419 3
4421 1
4422 1
4424 1
4426 1
4431 1
4433 1
4435 1
4436 1
4437 1
4440 1
4441 4
4443 1
4444 1
4447 1
4448 3
4449 2
4451 1
4452 1
4453 4
4454 4
4455 1
4456 2
4457 1
4458 3
4459 4
4460 3
4461 1
4462 2
4463 1
4464 1
4465 2
4466 1
4467 1
4469 3
4470 1
4471 2
4472 2
4474 1
4475 3
4479 2
4482 2
4484 1
4486 1
4487 1
4491 1
4494 1
4495 3
4496 3
4497 2
4498 1
4499 1
4500 1
4503 2
4504 1
4505 3
4506 3
4507 2
4508 3
4510 3
4511 2
4512 3
4513 2
4514 2
4517 1
4518 2
4519 4
4520 2
4521 3
4523 1
4524 1
4526 1
4529 2
4532 1
4534 1
4535 1
4536 1
4537 1
4538 1
4539 1
4540 2
4541 1
4543 1
4547 1
4548 2
4549 1
4550 2
4551 2
4552 1
4553 2
4555 4
4558 1
4560 2
4561 4
4562 1
4564 5
4565 3
4566 1
4567 4
4568 3
4569 2
4570 1
4571 1
4573 2
4575 2
4576 1
4579 1
4580 2
4581 2
4586 3
4588 1
4589 1
4593 1
4594 1
4595 1
4596 1
4597 1
4598 2
4600 1
4604 1
4605 4
4606 1
4607 1
4608 2
4609 2
4610 1
4611 2
4612 3
4613 1
4614 3
4615 1
4616 2
4617 1
4618 1
4619 4
4620 1
4621 3
4622 2
4624 3
4626 1
4627 3
4628 1
4630 2
4631 1
4634 2
4639 1
4641 1
4642 1
4643 2
4645 1
4646 1
4647 1
4651 1
4652 2
4653 2
4654 1
4655 1
4657 1
4658 1
4659 2
4660 2
4661 1
4662 2
4663 2
4664 2
4665 2
4666 1
4667 2
4668 1
4669 3
4671 1
4672 3
4673 2
4674 4
4675 1
4676 1
4677 1
4678 5
4682 2
4683 1
4684 1
4687 1
4688 1
4691 2
4697 2
4698 1
4701 1
4703 1
4704 1
4705 1
4706 1
4707 1
4708 1
4709 1
4710 3
4711 2
4712 2
4713 1
4715 1
4716 1
4717 2
4718 3
4719 2
4720 1
4721 1
4722 2
4723 4
4724 2
4725 2
4726 3
4731 2
4732 3
4733 2
4734 1
4735 2
4736 2
4737 1
4738 1
4741 1
4742 1
4743 1
4744 1
4746 1
4751 2
4753 1
4755 1
4756 1
4759 1
4762 2
4763 1
4765 1
4767 1
4768 1
4769 3
4770 3
4771 5
4773 2
4774 1
4775 2
4776 3
4777 3
4778 2
4780 3
4781 3
4785 4
4786 1
4787 2
4789 2
4792 2
4794 3
4795 1
4800 1
4803 1
4804 1
4808 1
4809 1
4812 1
4814 3
4815 1
4816 1
4817 1
4818 1
4821 1
4822 1
4823 2
4824 1
4825 3
4826 1
4827 2
4828 4
4829 2
4830 1
4831 4
4832 1
4833 1
4834 6
4835 1
4836 2
4837 2
4839 1
4841 1
4842 1
4845 1
4849 1
4850 1
4851 1
4852 2
4853 2
4858 1
4861 2
4862 1
4863 1
4865 1
4869 1
4872 1
4873 1
4874 2
4875 2
4876 2
4877 1
4878 1
4879 1
4880 2
4881 2
4882 1
4883 3
4884 5
4885 3
4887 4
4888 1
4889 1
4890 2
4891 1
4892 1
4893 3
4895 2
4896 2
4899 1
4908 2
4909 2
4912 1
4913 2
4914 1
4922 3
4924 1
4925 1
4926 1
4928 1
4929 1
4930 2
4931 1
4932 1
4933 1
4934 1
4935 2
4936 2
4937 1
4938 2
4939 2
4940 4
4941 3
4942 3
4943 2
4944 5
4945 1
4946 1
4948 1
4950 4
4952 1
4953 1
4958 1
4966 1
4967 1
4969 1
4970 1
4972 1
4973 2
4976 1
4977 1
4979 1
4980 1
4982 1
4983 2
4986 1
4987 1
4988 4
4989 1
4990 1
4991 2
4993 2
4994 2
4995 6
4996 3
4999 4
5000 2
5001 4
5003 3
5005 2
5006 1
5008 1
5010 1
5017 1
5020 1
5025 1
5027 2
5029 1
5030 1
5031 2
5035 1
5036 2
5038 2
5039 1
5043 1
5044 1
5045 1
5046 4
5047 2
5048 1
5049 4
5050 1
5051 5
5052 1
5054 2
5055 5
5056 1
5058 3
5059 2
5060 1
5061 1
5062 2
5063 1
5071 1
5074 1
5079 1
5080 1
5081 1
5085 2
5087 1
5089 1
5091 1
5092 1
5093 1
5094 2
5095 1
5097 2
5098 2
5099 1
5100 2
5101 2
5102 2
5104 3
5106 2
5107 1
5108 3
5109 1
5110 1
5111 2
5112 1
5113 3
5114 1
5115 1
5116 3
5118 3
5119 1
5120 2
5121 1
5137 2
5139 1
5140 2
5142 2
5145 2
5146 1
5147 1
5150 1
5151 1
5152 1
5154 3
5155 1
5156 1
5157 2
5158 2
5160 3
5161 1
5162 1
5164 1
5165 2
5166 5
5167 2
5169 1
5170 2
5171 2
5172 1
5173 2
5176 3
5177 1
5178 1
5182 1
5183 1
5190 1
5198 3
5199 2
5200 2
5201 1
5202 3
5208 1
5209 2
5210 1
5211 3
5212 1
5213 1
5217 3
5218 1
5219 2
5221 3
5222 1
5223 1
5224 1
5225 3
5226 3
5227 1
5229 3
5231 1
5232 1
5233 1
5234 2
5235 1
5238 2
5239 1
5243 1
5253 1
5254 1
5257 1
5259 4
5260 2
5261 2
5262 1
5263 3
5264 1
5265 1
5266 1
5269 3
5270 2
5274 2
5275 1
5280 3
5282 1
5283 1
5284 1
5285 2
5286 3
5287 3
5288 2
5289 2
5291 2
5293 1
5294 1
5297 2
5300 1
5303 1
5306 1
5311 1
5314 2
5316 2
5317 1
5318 2
5319 3
5321 1
5322 3
5323 3
5326 1
5330 1
5333 1
5336 1
5337 2
5338 2
5339 1
5340 4
5343 2
5344 1
5345 1
5346 2
5348 2
5349 3
5350 1
5351 1
5352 2
5354 1
5355 1
5356 1
5365 2
5372 2
5374 2
5375 2
5376 2
5377 1
5378 3
5380 1
5381 1
5382 1
5383 3
5387 1
5391 1
5392 1
5394 2
5396 1
5397 1
5398 1
5399 1
5400 1
5401 1
5402 3
5405 1
5406 5
5408 2
5409 2
5410 2
5411 1
5412 2
5418 1
5420 1
5426 2
5427 1
5429 1
5434 2
5435 1
5436 3
5437 2
5439 1
5440 2
5444 1
5445 1
5446 1
5450 1
5451 2
5453 2
5455 1
5457 1
5458 2
5459 1
5460 4
5461 1
5462 2
5464 1
5465 1
5466 2
5468 1
5469 1
5470 4
5472 1
5474 1
5478 1
5479 1
5484 1
5487 1
5488 2
5490 2
5492 1
5494 1
5495 1
5496 2
5499 2
5502 1
5503 1
5505 2
5511 2
5512 1
5513 1
5514 1
5515 4
5517 2
5518 1
5519 2
5520 1
5522 2
5523 1
5524 2
5527 2
5528 1
5530 3
5532 2
5533 1
5535 1
5538 1
5540 1
5541 1
5543 1
5549 2
5554 1
5555 1
5556 3
5559 1
5561 1
5562 2
5563 1
5566 1
5567 1
5569 1
5570 2
5571 1
5572 1
5573 1
5574 2
5575 2
5577 1
5578 1
5579 1
5582 2
5583 1
5584 1
5585 1
5586 2
5587 3
5588 2
5590 3
5593 1
5600 2
5602 1
5607 1
5611 2
5615 1
5616 1
5617 2
5619 2
5620 1
5623 1
5624 3
5625 1
5626 2
5628 1
5629 1
5630 1
5632 1
5636 1
5637 3
5640 2
5641 1
5642 1
5644 2
5645 2
5646 3
5647 1
5648 3
5649 1
5650 1
5655 1
5661 2
5663 1
5670 1
5673 2
5676 1
5678 5
5682 3
5683 1
5684 1
5685 1
5688 1
5689 2
5690 1
5691 3
5694 1
5696 1
5698 2
5700 1
5701 1
5703 3
5704 1
5707 3
5709 4
5710 2
5719 1
5722 1
5723 1
5724 1
5728 1
5732 1
5733 1
5734 2
5736 1
5737 1
5740 1
5741 3
5742 1
5745 1
5746 1
5747 1
5748 1
5750 2
5751 2
5753 2
5755 1
5756 2
5757 2
5763 2
5764 1
5765 2
5766 1
5767 1
5769 1
5770 1
5771 1
5773 1
5774 1
5775 1
5777 1
5783 1
5784 1
5785 1
5790 2
5791 1
5793 2
5795 1
5797 2
5798 1
5799 1
5803 1
5804 1
5807 4
5808 3
5810 1
5813 1
5816 1
5817 1
5818 1
5820 1
5822 2
5823 1
5825 1
5826 2
5828 1
5829 1
5831 1
5832 3
5835 1
5839 1
5840 1
5842 2
5845 1
5846 1
5849 1
5851 1
5853 2
5854 1
5855 1
5858 1
5860 1
5862 3
5863 1
5866 1
5867 1
5869 1
5870 1
5872 1
5873 1
5874 3
5877 1
5878 1
5886 3
5887 1
5888 2
5889 2
5893 2
5894 1
5895 1
5897 1
5899 1
5900 1
5902 1
5903 1
5905 3
5906 1
5912 1
5914 3
5915 1
5920 1
5921 2
5922 1
5924 1
5928 1
5929 3
5930 1
5932 1
5934 1
5938 1
5940 2
5945 2
5948 2
5949 2
5950 1
5951 1
5952 2
5953 1
5954 2
5955 1
5960 2
5961 1
5963 1
5964 1
5968 3
5973 1
5974 2
5977 1
5978 2
5981 1
5986 1
5988 2
5992 4
5994 1
5995 2
6006 1
6007 1
6008 1
6010 3
6011 2
6012 1
6013 2
6014 1
6015 1
6017 4
6020 1
6021 1
6023 1
6026 1
6027 1
6030 1
6032 1
6034 1
6035 1
6040 3
6043 1
6044 1
6046 1
6047 1
6050 1
6051 1
6054 2
6062 1
6063 1
6064 1
6066 1
6067 1
6068 1
6069 1
6072 2
6073 3
6074 2
6076 3
6077 1
6081 1
6082 2
6086 2
6088 1
6089 1
6095 1
6096 1
6099 2
6100 1
6101 1
6102 1
6106 1
6107 1
6108 1
6111 2
6115 1
6125 1
6126 2
6127 2
6130 2
6131 2
6132 2
6134 1
6135 2
6136 1
6139 2
6140 1
6141 1
6142 1
6146 1
6147 2
6149 1
6155 2
6156 1
6158 1
6161 2
6162 1
6164 3
6169 1
6170 1
6179 1
6184 1
6185 2
6186 1
6189 2
6190 2
6191 2
6195 1
6196 1
6197 2
6198 1
6199 2
6202 1
6203 1
6206 1
6207 1
6208 2
6209 1
6212 1
6215 1
6217 3
6219 2
6223 1
6229 1
6231 1
6239 1
6241 1
6242 1
6245 2
6248 1
6249 1
6250 2
6253 2
6254 2
6255 2
6257 2
6262 1
6263 1
6264 1
6265 3
6266 1
6269 1
6272 1
6273 1
6274 2
6276 1
6279 1
6280 1
6286 1
6287 1
6298 2
6299 1
6301 1
6302 1
6304 1
6307 1
6308 1
6311 1
6313 3
6317 1
6318 1
6319 2
6320 1
6321 3
6323 3
6324 1
6328 2
6331 1
6332 1
6334 1
6335 1
6341 1
6342 1
6343 1
6345 1
6356 2
6357 1
6360 2
6368 1
6369 1
6372 1
6373 1
6374 2
6375 1
6376 3
6378 1
6381 2
6382 1
6383 1
6385 2
6386 1
6387 1
6389 1
6390 2
6391 1
6396 1
6399 1
6400 2
6407 1
6413 1
6415 1
6416 1
6418 1
6423 1
6428 1
6429 2
6432 1
6433 1
6435 1
6436 1
6438 2
6439 3
6441 1
6442 2
6444 1
6445 1
6447 2
6450 1
6453 3
6454 1
6457 1
6463 1
6469 1
6472 1
6474 2
6481 1
6483 1
6489 2
6490 1
6491 1
6492 1
6494 2
6496 2
6497 1
6500 1
6501 1
6502 1
6503 1
6504 1
6506 2
6509 3
6510 1
6512 1
6514 1
6516 1
6521 1
6526 1
6533 2
6539 1
6540 2
6543 1
6549 1
6550 1
6554 1
6555 1
6556 3
6558 1
6559 2
6562 2
6565 2
6566 3
6567 1
6570 3
6574 1
6582 1
6584 1
6593 1
6596 1
6598 2
6601 1
6604 1
6606 1
6614 1
6615 1
6616 1
6617 1
6618 2
6620 1
6622 4
6624 1
6625 1
6626 2
6627 2
6628 1
6630 2
6636 1
6646 1
6656 3
6657 1
6664 1
6665 1
6666 1
6670 1
6671 1
6675 1
6678 1
6679 1
6680 2
6681 3
6683 3
6685 1
6687 1
6688 1
6690 1
6692 3
6710 1
6712 1
6715 1
6716 1
6721 1
6722 1
6726 1
6728 1
6731 1
6733 1
6734 1
6735 2
6736 1
6738 4
6739 1
6743 1
6744 1
6745 1
6751 3
6753 1
6756 1
6768 1
6771 1
6774 1
6777 1
6782 2
6785 1
6789 1
6790 1
6792 2
6793 2
6796 1
6797 1
6798 1
6800 2
6801 1
6804 1
6806 1
6809 2
6812 1
6814 1
6815 1
6826 1
6828 1
6837 1
6839 1
6840 1
6844 1
6845 2
6846 1
6848 1
6850 1
6854 1
6855 1
6856 1
6857 1
6862 3
6864 1
6866 1
6867 1
6869 1
6871 1
6872 1
6873 1
6881 1
6893 1
6897 1
6900 2
6901 2
6904 1
6908 1
6910 3
6914 1
6915 1
6923 1
6924 2
6925 2
6927 2
6928 1
6929 1
6930 1
6945 1
6955 1
6957 1
6958 2
6959 2
6962 1
6965 2
6966 1
6969 1
6977 1
6981 1
6983 1
6984 1
6985 1
6986 2
6987 2
6990 1
6993 1
7008 1
7012 1
7014 2
7015 2
7016 1
7019 1
7021 1
7023 1
7026 1
7036 1
7041 3
7043 1
7046 2
7049 1
7050 1
7051 1
7056 1
7065 1
7066 1
7068 1
7070 1
7072 1
7073 1
7074 1
7076 1
7080 1
7089 1
7097 1
7098 1
7102 3
7104 1
7106 1
7109 2
7113 1
7115 1
7117 1
7124 1
7127 1
7128 1
7129 1
7130 1
7134 1
7135 1
7145 1
7154 1
7159 1
7161 1
7162 2
7163 1
7167 1
7169 1
7170 1
7171 1
7175 1
7177 1
7178 1
7182 1
7185 2
7190 1
7191 1
7200 1
7213 1
7218 1
7221 1
7222 1
7223 2
7226 2
7227 1
7229 1
7234 1
7237 1
7240 2
7241 1
7242 1
7246 1
7247 1
7273 1
7277 1
7278 1
7279 2
7283 1
7286 2
7289 2
7291 1
7292 2
7294 1
7296 1
7302 1
7304 1
7330 1
7331 1
7336 2
7342 2
7343 2
7344 1
7349 2
7350 1
7351 1
7353 1
7357 1
7359 1
7387 1
7389 1
7392 1
7393 1
7395 1
7398 1
7403 1
7404 1
7405 2
7406 1
7409 1
7412 1
7415 2
7443 1
7445 1
7451 2
7452 1
7456 1
7457 1
7461 1
7462 1
7465 1
7466 1
7469 1
7470 1
7472 1
7496 1
7505 1
7506 2
7511 1
7512 1
7514 1
7516 1
7517 1
7522 1
7524 1
7525 1
7533 1
7556 1
7560 1
7564 1
7568 1
7569 2
7570 1
7572 2
7576 1
7578 1
7588 1
7617 1
7618 1
7622 1
7623 2
7625 1
7627 1
7628 2
7633 1
7635 1
7670 1
7676 1
7677 1
7679 1
7680 3
7681 1
7684 1
7692 1
7725 1
7728 1
7731 1
7732 1
7734 1
7735 1
7737 1
7741 1
7743 1
7776 1
7781 1
7785 1
7788 1
7790 2
7791 1
7796 1
7832 2
7835 1
7841 1
7842 1
7844 1
7846 1
7878 1
7882 1
7889 1
7895 1
7898 1
7899 1
7927 1
7943 1
7944 1
7947 1
7948 1
7991 1
7992 1
7993 1
7997 1
8036 1
8045 2
8088 1
8092 1
8135 1
