453 1
454 3
455 4
456 5
457 5
458 11
459 10
460 19
461 16
462 22
463 19
464 17
465 16
466 34
467 23
468 14
469 29
470 24
471 34
472 27
473 45
474 52
475 45
476 65
477 69
478 91
479 92
480 89
481 126
482 144
483 164
484 213
485 254
486 279
487 311
488 387
489 400
490 484
491 512
492 548
493 607
494 696
495 673
496 718
497 776
498 858
499 941
500 1059
501 1137
502 1174
503 1288
504 1391
505 1544
506 1664
507 1709
508 1963
509 2029
510 2200
511 2435
512 2503
513 2807
514 2879
515 3275
516 3262
517 3522
518 3679
519 3800
520 4200
521 4151
522 4399
523 4616
524 4836
525 5022
526 5321
527 5308
528 5541
529 5768
530 6038
531 6118
532 6222
533 6523
534 6542
535 6536
536 6958
537 6708
538 7078
539 7274
540 7357
541 7614
542 7486
543 7655
544 7989
545 7772
546 7902
547 7748
548 7906
549 7794
550 7722
551 7668
552 7774
553 7455
554 7352
555 7299
556 7138
557 7016
558 6668
559 6624
560 6247
561 6181
562 5955
563 5717
564 5415
565 5255
566 5189
567 4881
568 4593
569 4537
570 4222
571 3962
572 3797
573 3519
574 3304
575 3085
576 2803
577 2591
578 2370
579 2209
580 2147
581 1898
582 1813
583 1581
584 1531
585 1345
586 1240
587 1154
588 1155
589 1005
590 906
591 843
592 726
593 756
594 663
595 555
596 556
597 463
598 400
599 341
600 345
601 258
602 256
603 241
604 222
605 197
606 194
607 161
608 143
609 128
610 105
611 80
612 77
613 76
614 75
615 70
616 49
617 44
618 39
619 36
620 44
621 37
622 31
623 26
624 21
625 16
626 21
627 17
628 8
629 8
630 5
631 1
632 1
633 1
634 1
635 2
