420 2
421 4
422 2
423 11
424 3
425 12
426 17
427 11
428 19
429 19
430 17
431 26
432 20
433 22
434 32
435 37
436 36
437 48
438 61
439 70
440 69
441 103
442 130
443 125
444 153
445 154
446 202
447 200
448 236
449 247
450 256
451 296
452 318
453 355
454 378
455 450
456 477
457 553
458 603
459 687
460 817
461 867
462 991
463 1105
464 1214
465 1353
466 1440
467 1560
468 1762
469 1873
470 2268
471 2270
472 2568
473 2809
474 3180
475 3171
476 3516
477 3720
478 3986
479 4197
480 4532
481 4879
482 5197
483 5469
484 5880
485 6101
486 6686
487 6948
488 7150
489 7437
490 7900
491 8072
492 8499
493 8776
494 9038
495 9125
496 9367
497 9346
498 9679
499 9832
500 10039
501 10162
502 10284
503 10241
504 10378
505 10604
506 10445
507 10593
508 10538
509 10484
510 10549
511 10427
512 10345
513 10552
514 9985
515 10031
516 9759
517 9665
518 9469
519 9232
520 8888
521 8523
522 8174
523 7878
524 7502
525 7148
526 6668
527 6477
528 6199
529 5841
530 5391
531 5031
532 4905
533 4654
534 4347
535 4029
536 3852
537 3631
538 3255
539 2952
540 2803
541 2649
542 2577
543 2298
544 2097
545 1881
546 1858
547 1643
548 1425
549 1344
550 1300
551 1152
552 1020
553 968
554 865
555 762
556 704
557 610
558 590
559 540
560 508
561 448
562 365
563 406
564 347
565 294
566 268
567 223
568 192
569 173
570 175
571 141
572 131
573 96
574 92
575 67
576 65
577 55
578 46
579 46
580 36
581 23
582 29
583 20
584 14
585 12
586 3
587 3
588 2
590 2
