Case 1: 4 A C
Case 2: 1 A C
Case 3: 2 A B
Case 4: 1 C B
Case 5: 3 A C
Case 6: 1 B A
Case 7: 2 B C
Case 8: 1 A C
Case 9: 2 B A
Case 10: 1 C A
Case 11: 3 B C
Case 12: 3 B A
Case 13: 2 C B
Case 14: 14 A C
Case 15: 13 A C
Case 16: 12 A C
Case 17: 11 A C
Case 18: 10 A C
Case 19: 1 B C
Case 20: 9 B C
Case 21: 2 C B
Case 22: 1 A B
Case 23: 4 A C
Case 24: 2 C B
Case 25: 1 A B
Case 26: 4 A C
Case 27: 2 A C
Case 28: 1 B C
Case 29: 4 B A
Case 30: 1 C A
Case 31: 2 C B
Case 32: 1 A B
Case 33: 12 B A
Case 34: 13 A B
Case 35: 49 A B
