783 1
784 1
785 2
786 2
787 5
788 4
789 6
790 10
791 7
792 15
793 13
794 16
795 14
796 17
797 24
798 25
799 37
800 51
801 55
802 50
803 55
804 61
805 63
806 57
807 84
808 64
809 64
810 73
811 80
812 95
813 93
814 104
815 113
816 145
817 138
818 125
819 139
820 140
821 153
822 165
823 150
824 154
825 182
826 205
827 216
828 223
829 268
830 280
831 311
832 306
833 336
834 372
835 356
836 409
837 472
838 515
839 575
840 582
841 672
842 791
843 853
844 948
845 1052
846 1104
847 1223
848 1305
849 1395
850 1570
851 1717
852 1843
853 1949
854 2111
855 2258
856 2448
857 2594
858 2838
859 2942
860 3183
861 3269
862 3468
863 3677
864 3924
865 4100
866 4309
867 4424
868 4617
869 4858
870 4879
871 5214
872 5328
873 5534
874 5603
875 5853
876 6034
877 6372
878 6384
879 6556
880 6865
881 6996
882 7157
883 7320
884 7631
885 8057
886 8114
887 8323
888 8594
889 8819
890 8813
891 9007
892 9282
893 9544
894 9711
895 9973
896 10460
897 10519
898 10876
899 11173
900 11382
901 11422
902 11832
903 11949
904 11799
905 12136
906 12043
907 12098
908 12173
909 12426
910 12242
911 12223
912 12025
913 11835
914 11908
915 11756
916 11330
917 10933
918 10922
919 10872
920 10587
921 10218
922 10238
923 9859
924 9801
925 9630
926 9169
927 8932
928 8636
929 8687
930 8377
931 8119
932 7566
933 7447
934 7124
935 6848
936 6529
937 6159
938 5916
939 5656
940 5452
941 5280
942 5053
943 4655
944 4426
945 4248
946 4042
947 3870
948 3737
949 3426
950 3246
951 3041
952 2943
953 2769
954 2533
955 2373
956 2218
957 2154
958 1980
959 1920
960 1775
961 1588
962 1517
963 1403
964 1357
965 1273
966 1144
967 1115
968 1032
969 1040
970 944
971 923
972 867
973 814
974 804
975 747
976 695
977 629
978 618
979 570
980 576
981 534
982 496
983 463
984 421
985 385
986 389
987 319
988 328
989 320
990 232
991 246
992 211
993 187
994 133
995 143
996 114
997 90
998 92
999 75
1000 61
1001 47
1002 47
1003 43
1004 36
1005 20
1006 16
1007 15
1008 10
1009 10
1010 4
1011 1
1012 1
