3127 1
3128 1
3129 1
3131 3
3132 2
3133 1
3134 2
3135 1
3136 3
3137 5
3138 4
3140 4
3141 5
3142 3
3143 6
3144 2
3145 8
3146 3
3147 1
3148 10
3149 7
3150 11
3151 10
3152 5
3153 17
3154 13
3155 13
3156 17
3157 19
3158 17
3159 20
3160 26
3161 28
3162 39
3163 46
3164 40
3165 57
3166 39
3167 48
3168 49
3169 48
3170 58
3171 59
3172 72
3173 88
3174 71
3175 94
3176 75
3177 100
3178 128
3179 110
3180 129
3181 127
3182 130
3183 165
3184 174
3185 188
3186 190
3187 197
3188 194
3189 236
3190 224
3191 218
3192 255
3193 255
3194 272
3195 258
3196 275
3197 319
3198 300
3199 303
3200 314
3201 292
3202 317
3203 289
3204 346
3205 299
3206 310
3207 361
3208 348
3209 345
3210 391
3211 403
3212 346
3213 358
3214 373
3215 424
3216 410
3217 438
3218 476
3219 500
3220 466
3221 564
3222 495
3223 586
3224 592
3225 587
3226 654
3227 646
3228 714
3229 712
3230 756
3231 738
3232 750
3233 728
3234 740
3235 818
3236 864
3237 832
3238 876
3239 939
3240 929
3241 985
3242 1027
3243 1050
3244 1026
3245 1102
3246 1125
3247 1135
3248 1134
3249 1239
3250 1267
3251 1314
3252 1267
3253 1402
3254 1373
3255 1438
3256 1491
3257 1561
3258 1659
3259 1745
3260 1753
3261 1823
3262 1868
3263 1884
3264 2005
3265 1981
3266 2069
3267 2167
3268 2314
3269 2355
3270 2452
3271 2526
3272 2535
3273 2625
3274 2691
3275 2659
3276 2846
3277 3087
3278 2985
3279 3194
3280 3149
3281 3220
3282 3480
3283 3443
3284 3597
3285 3614
3286 3755
3287 3863
3288 3945
3289 3946
3290 4180
3291 4167
3292 4324
3293 4381
3294 4531
3295 4670
3296 4660
3297 4691
3298 4729
3299 4878
3300 5066
3301 4996
3302 5247
3303 5171
3304 5302
3305 5298
3306 5475
3307 5380
3308 5624
3309 5484
3310 5710
3311 5774
3312 5876
3313 5759
3314 5778
3315 5923
3316 5924
3317 5939
3318 5931
3319 5893
3320 6029
3321 6068
3322 6194
3323 6243
3324 6152
3325 6260
3326 6122
3327 6300
3328 6217
3329 6265
3330 6390
3331 6312
3332 6295
3333 6208
3334 6404
3335 6323
3336 6286
3337 6340
3338 6441
3339 6382
3340 6502
3341 6370
3342 6262
3343 6388
3344 6273
3345 6368
3346 6293
3347 6270
3348 6310
3349 6469
3350 6351
3351 6325
3352 6315
3353 6241
3354 6148
3355 6313
3356 6163
3357 6256
3358 6285
3359 6328
3360 6217
3361 6109
3362 6022
3363 6132
3364 6019
3365 5953
3366 5875
3367 5914
3368 5878
3369 5824
3370 5818
3371 5697
3372 5530
3373 5528
3374 5674
3375 5340
3376 5252
3377 5101
3378 5055
3379 4956
3380 4891
3381 4749
3382 4681
3383 4491
3384 4427
3385 4325
3386 4321
3387 4052
3388 3972
3389 3910
3390 3749
3391 3692
3392 3547
3393 3537
3394 3406
3395 3313
3396 3166
3397 3160
3398 3024
3399 2848
3400 2816
3401 2639
3402 2726
3403 2481
3404 2436
3405 2433
3406 2370
3407 2323
3408 2094
3409 2065
3410 2042
3411 1988
3412 1957
3413 1809
3414 1811
3415 1750
3416 1696
3417 1603
3418 1515
3419 1424
3420 1441
3421 1425
3422 1354
3423 1286
3424 1237
3425 1179
3426 1118
3427 1135
3428 1043
3429 1015
3430 1010
3431 968
3432 936
3433 920
3434 858
3435 812
3436 806
3437 766
3438 718
3439 745
3440 680
3441 649
3442 665
3443 607
3444 595
3445 532
3446 565
3447 527
3448 492
3449 484
3450 450
3451 459
3452 429
3453 433
3454 408
3455 349
3456 381
3457 311
3458 330
3459 296
3460 281
3461 280
3462 245
3463 234
3464 223
3465 212
3466 172
3467 200
3468 157
3469 163
3470 116
3471 120
3472 129
3473 108
3474 99
3475 82
3476 94
3477 69
3478 71
3479 62
3480 46
3481 51
3482 42
3483 26
3484 40
3485 24
3486 22
3487 32
3488 22
3489 18
3490 14
3491 21
3492 14
3493 13
3494 5
3495 8
3496 10
3497 12
3498 9
3499 7
3500 8
3501 7
3502 5
3503 3
3504 12
3505 8
3506 2
3507 2
3508 3
3509 7
3510 4
3511 5
3512 3
3513 3
3514 1
3515 4
3517 1
3518 2
3520 2
3523 1
