1
0
3
2
1
0
7
6
5
4
3
2
1
0
9223372036854775807
4611686018427387903
0
1
3316483522369626859
5842787547877375549
7141597130069752704
2223167953246229751
8793618429856122106
3433586066121720510
7510412167471003449
3431641212982851800
4756433743849910991
8351619119990742342
1774430280862285408
8909898508052443286
8045940814709169791
5730237634061489842
5340163583157543864
5698887264243664072
7303441616627829108
7953181985036243707
22415272106386175
2339803746106765737
2587925187136250256
6737742964108366281
7666882088871006973
6083673404277611011
181981290626240232
867700959197261291
3500626261167216919
7720104365771916943
7990749067803453660
6087047749461634598
2788332224391364233
2138646583819380759
8072174354032403949
1100855909245620924
5283064235294360882
6165704318279344578
7683048631906894626
6483441028677029195
2087471753667050180
3687078026135506629
3028310503029208567
7275168781528026185
6250004723711900280
6856911286272288921
1969626956657984792
7225570053340273174
9153422498219937044
8034076935399337053
6470781496444825254
3221514581062612996
9187097563555766116
1334145574724919790
6581235326068351619
6329624517682394217
2672745881268262756
5519083438072797436
8475615225631169952
8040968664106161278
2058945323423288852
5870433095235512384
1290341778495310418
3696305384663345012
1216122721088886371
2954318460686799272
8720140690938276352
6082788989396868210
8380712425810673560
3052610567243775634
7101145948487347743
5282863373900799213
5668092884997322775
1851130310585980323
5284287276957000250
3191596288103972476
5725978570540816389
7470299878093806506
6697498368311225506
5127498641595027951
1274123093337432099
1732658845599575544
8180049803796869302
8774927135901552533
1191789060000624633
212946822890656492
3587454292375670069
7010381614076888696
8473760996426571928
6465682524995333194
8117840942178547599
605526108787861751
2558849527218635090
689506280807697608
6519172538525444256
542326416187737240
8233914825145076331
3413776921421558601
5806442876905623189
4579605483014356922
4972016368640282345
8600566551326132556
6568812680224265474
5735798881885417765
8616686790834011343
8235021293384302974
522983136597169520
1751465131949962736
8628014140278519185
2955900459450066383
879382618168169445
8086279172464948856
5222011236267614071
1922935498591292343
4693227631948032036
814348568724690968
2440679127107148455
8965958245502372969
8747724524633231766
967473082165309909
1423950575882449007
5591197112919730069
2329911614773367653
3877771755980227039
2327889265718700440
9048780197600896073
5281038492640160065
8107616298266344913
4755441858491329216
3197109886702872511
5341610473598519002
2857955796531549705
3223055241514757085
5327446028619095071
8362903011449385512
7030927982371267579
2050607214717761037
6519163341035491702
488177151110534215
5125523729326971600
8338111762470898317
7307129760319086280
1924355224614947958
6523977615098348171
7565286605874829549
7262723515731332653
1881035705009737842
4011483189718890332
8818317863795892557
850733007564652351
2994619395368790531
1067469272440878606
1624859855368330070
1077029270845676905
1315967951289997411
6007561807693820110
278720641879089372
3610538662713246305
2731868334666316165
6740967413813593824
6529669468686023940
290442389518753816
4717041866535274235
5027452645770816576
752880424969869832
8667898858288144790
5541826067596508423
8737256748481388181
7894965327128302322
5180488987556840653
3148694116374909481
5381245431176193527
699915981698074723
7494620075491350793
4135380082683728706
8552032615666089408
1181727013943092085
1164184843124620054
5983949976882932421
7898003113075341177
144469627078056083
5926418860314308018
1375670372534504581
5208307963537570839
7848289296128861082
6110381857926865929
8691239836804455748
9182496795423459580
7948269481859736666
215304858765299342
1992979396501860172
1177606193268237404
2309078025019765907
6287976424984782940
2932313804089257285
3196307625794930726
3842407502679801267
3219134404877260333
413379119889638254
5112023764800809450
5372837805844565429
7748356428211553802
8009241018254701228
876058064359056140
4987530647383960303
8073034141152839173
4851916148860071847
9047317978864900239
7285322172381198623
5211678616629625166
626896284662511876
155145145068700950
4256592752385936459
7332715007677258326
6975747239304951414
7373518267008771029
9151384315967799614
534777726413306551
3596594219930153192
6930173109024024382
3330699341958799344
6497790089967965157
3759797060162437337
3171687764483824764
3939531813083523354
1763785260915632831
1755826569419132439
988096215029022772
7730159797408231862
5078574813520195287
6758959036990758242
5917782736715632445
2736003165819598643
5401348737990395335
7812860498567059704
6554706966235221817
3663595486518847276
2237319464742688451
1162208812887410085
4955535837862270229
9635047830390426
7218450239846872199
6828195284866681361
774634722630244363
5866517380634832251
3693218420020137883
6394566076775217974
682781911659953382
5583260010118850355
6514581039360532449
8662710642324678086
3819498232008222605
4261183368203408367
8560661937006318574
3516849722554721963
9007279163182221140
4711241533441816679
5023929432113837741
9057590446968358700
8609190221500677561
5019103374611645060
5943533733772655901
3869574177041229755
8398931553375117668
5359439729592511677
717496717234063973
5391304378794316127
8680770126517375547
3136446615477012002
7012660503005246245
1379605353144232547
6285976382116999943
3852369723543163966
7933631536807139635
7104379887552625337
5717032649464630757
287395272802993455
1899340945929303150
5982721564172227790
4944912968023509889
5427161552439331282
5957598146078440498
2120034197238047501
4599295621274498367
1703462418894501177
6291371385109986538
5709253112664809883
7702876735632307892
1033668759276565590
2768235596132174499
5416465354486918105
8063050889488410720
7169363079053223581
7379373918496861099
5356043135681010507
8247993362289800835
3551202875285167334
7981402310615932468
7150211626777975925
4546210883171231607
891691927257911899
772394361405366998
3433846234275064448
1217330572725938220
1742496897040818930
7360326201619358841
3225946516632761367
7633148991713831435
7144303850878009742
35824339477693807
4057066147910731693
1939357423036992779
8701699251594208778
1119234181335234228
2585739838129705451
3698929242470881260
940211172142636034
1036576892025293348
6381499205862157974
3370905618401585132
2638401483942259042
2129311565895890094
8415627379253773768
8187137363202909433
4403356898465675371
2308478976279403456
1214058516301027303
1012549517221323629
1313944667630751468
2884408470973977443
5366207407338897316
5631621769225498596
4161261950826036954
1653367767247004112
6755416621788292470
4138345786375516103
1414703637759221982
5086272934249260843
2347065566487540363
6695340696381649525
6931036482620006775
3980149072016541808
2363335280881114078
2095165804647496371
8850934922107784362
7098841014324679109
8577324773839580322
124029878176682651
1967607924332583709
590540915628724598
452286931626981892
7457219105981096509
1101253901989290817
4186824951488589446
1185534794441749471
3085792612177329857
1220509644836360379
8094270416435091604
1594026901385884308
1574231098509204816
90667248890896699
7861194973950298739
2591204570570953477
4382627804652856117
6353458920395256841
678957679992248959
2623740386637730306
7721787606555255284
5947848312903880270
3506894394802601156
7895978137859148907
3993896455923929548
2328590726796571058
3696635144192807685
7047929327280038870
1051096564309251356
3839376813443514111
4712294729400360481
1860891362376553538
1764418473794560406
6660115651363057235
4926323266348842450
7120891920997190705
1934194066648220597
3411640266067865244
2806458559056042030
1783623987859350753
3830530469235518447
166833929176942585
940737908366616567
8770036895454469147
8714478964119050537
4476294897322917838
6066388789194271562
582621327544424181
6679864161998591447
2703358601629659701
5155672707165625389
7933390901051893781
6859165854239318607
6264057054561537999
7276735638802439698
3805607356392016322
2256924477038277378
5319533582952586397
678932626630120040
6805726093115125141
2951353950663142367
8643404130575936577
5647036952739208057
3393608776568209404
3611251593790198106
313428728504193000
2181272380907285100
4048774870426997202
7195973655348907508
2946681242952141815
4830705377700466332
8033227498974249437
2843004542967600322
5908159219154205157
734883094545640350
9010350139850155306
6917528147906669884
7035287357939619057
3264550272786990113
6961113393691900711
3773926487762750027
5452908036660999242
3950995384666607686
3299541888794324058
306359516755353075
7336044999922347411
1576450633697379122
3045383674192986208
4460028236648091002
6652821825529056874
4893841135674802970
3479004227698575503
2626539507716916029
1523154663089427156
4598499899589903043
3669419470469420302
409425992441483530
835904156381246284
8465709782626802918
5372703756420029320
971588021223470562
3824290397814016402
7100043975156779586
5543881415347270153
2417684798300707197
5640162678972117572
2592411580098056367
8356547493833355906
2192729355426315871
2810384985411646478
8301200790066135872
8953890761480605543
7864956655120048183
7632569131506036060
72622684169779801
4765712139099418235
2557510827159676634
2992422717854993263
6179833097964155530
8657126121421227423
1685246587703488166
1954474053233786708
7362122076705645870
2726757993755075729
2281564803924166394
4467838121561697670
9139309105195914009
3564943546121042610
4094842935392350359
6786177171556683098
6482087996977435967
7695908292903393307
7848198633878911129
4298340166775897266
3046375499044499412
9133177875728301852
4087838692564715370
8520712695965904836
8299357563649105409
2373549054350452914
752466655912690249
8331841696146349782
2057302240193509068
5236872220002833539
4593918662267065976
6884390396783698870
3894784133470382582
8849512532105322962
7356064207302508761
1907393557314910083
5141820536728208324
4643027104696004431
3633555009140908351
5896969624127808568
9070975129673127166
4652456661852766566
2500381036486580791
738844920115354566
8547291828553961046
125781636474626675
6214190147521700324
6125457073219059242
9079888971912440437
1934000502038542098
6917391300163262738
3370865589317710571
4441800413569386868
511906441601333055
3277149800560054350
8451935190348664409
3814938494683465920
4043368099096570290
5272841222822538515
3552892209543488629
5164928987917358395
2452882099634198334
3722866457117265084
8157953754508146334
2753221498218565068
7343380163351397440
5846074930098430413
1005840986509793589
2918227510094137609
4390728301056192283
1719649683456117226
8945906796382466199
6777130387397744493
1061838145213258490
4764778778870792948
3868176201514064901
1409144791919075822
2333211005143422878
6914140787973017648
1794777350090361036
4527635851433663983
904002760758103910
4753009668717681901
4480355890925340423
2408897905852299492
267094877099232564
3752887701059523777
3402964373843461664
8666053093995602977
6374074774105179109
344756096536282377
8737157337390320252
4919169209796538582
1286018110792114297
7880668837521753166
5211727799168805946
6631234354535285528
8838168197553181080
93272198339641567
8953727582892025940
8145194438946975463
8484547906012282877
3113290403532535976
8999294893389002594
3578387751201403093
2294909755172687670
6240966138947277857
6999594158884775237
8686685465185907193
2923694738941999477
7714709705068650094
763710977406740276
8881728084022906325
2029350010285995039
8762783739140336469
3856410676812029081
4237825813285327937
5807725053724641964
3225377186080744628
8402243104409144305
8896417932171494886
3033618936033493313
7977212326144270949
2219265546406641617
8404606638558272006
9064851360053036239
3614770293742175900
4355741900336935385
7744683968078941588
7402645133545768845
7939501297970581712
6052555802832575660
8883042101516157095
4767560130544359952
1386175455699523780
7812392554545505104
8990131584998012936
1147990944323549279
8605471402511965325
8815377199944011594
1034137818036107815
1720360539536019112
2242670195011403936
5296089926683615135
6910748184852994020
8667067261829943191
3643735869951457027
633638459573823020
7073960724878045119
5129983354679558884
3241887216387942803
3210462966729952741
1573765436289132611
4990869158247061157
5774794679725740390
6510817089722476766
6450812259174300003
6355755159585099389
3586877630071872382
7302996644528349878
2624230448581856590
5451831546683131493
3131986393347897496
7628487550629731079
4772879689510783503
7742478899631317373
993254686695488722
4786452386188998802
6710422064517073266
4155999703210840467
9015196626765091819
7166993448726274924
6165281975186902934
3268647109459190542
4270216493385742323
8578675703433095842
5635925678456656264
6667816178658150151
4243632601856871666
112184036011143059
7997954467903275891
4862816836325176694
218418578588265875
3723875719437834236
8108662997540169322
1449620440709220626
4889289443999666262
3256182058091051274
7204079439972808405
6975798213392037777
8431132307432525608
6823000382542709336
6192741879574797110
131918740293875243
7434191687493498804
3408408487300907538
1140503738623779690
3437548383666044417
4925116082622934149
723095155243969701
8464146212333372395
5674608565647839721
3561674300655282431
129048754516816924
4692308657409486608
8121799550516855564
5090464623733587035
4263360121717318293
7955413131351805208
1983516239008279198
7553430830311637823
2310849161200538027
7550492435030949546
9171227911424970088
7968171049146051175
5897525535828531562
1557874135034283179
8287300923081063872
8129533561357533158
4711366284019200715
1484416490359036115
7106058228730612643
7445995950157056881
4270842486915325496
7021016412523475624
4313384293424551619
1253926237512548288
3009157693329212949
1791155834375801774
9187427276346921944
8842445888165420821
4779366170553694660
8319469479164979091
5760564951199564080
2892570219966077529
348885982686171582
5518190291860708571
2634939740289743773
5903564716989553288
1875740469320157562
670368730833876482
1043035411783631137
6392562592033412379
2624278028277612065
1007535045139384164
7056476018387753707
5527348707419386868
505667875678912846
4079461144704993949
4731396897678281237
8700795990710533725
4149336038050693755
2491626587133199329
7741501169607382138
6577837852431192167
3171944473023037971
5592298943819805406
4886816637010715818
5780868338735902153
7766924329058722706
3042929270994443535
6446170614826397666
8113057709116077639
557257619805385171
2005960393067750794
853205313794162696
3593478356598433860
2652239238000700708
6685607644112825530
5983362269510564126
3986875175203457773
470022314094693773
6797758676021643931
6251632775791300137
2095190127229972383
5492080188263340214
8590003470227551865
3026137991294976094
8566995067990705305
71973535344685974
4336621565999722495
7038750542760611492
5418295534024470102
4616066063409480459
620720365037848520
6438592490140664567
4183191119801795262
8375635632638669352
2260941485813738950
1269634584953365557
3412794621373766549
2346183937105291246
4162868397265059765
4826637286020832201
2227563383706174695
4105524814224943916
3660193126819880641
6373633168977375915
1232987025442867306
3195926943381051359
8105498417929852513
2382501499008053623
8720544027164202177
8025788326720846563
6721674948299081331
7011745968089538144
4020722044574806752
288725951397131959
8575561519184580900
2081277098884015400
4526674568655472250
4892366026891509374
5789498247849788285
8153474465275185158
5783773025829607166
3612395683560073079
7053962956782157184
6815313795900880878
4195213458687616786
5332318953873371034
1500158904866033371
7737679767515225294
6451419797070397473
4199212934744608437
5248374647802429812
1660590766308956249
2851832212046215356
4600438216666532070
12684721887662906
3196009673137194916
6024523480834282100
4654231251597078088
1678294137555596204
4476104721577377986
3362814167459648896
2170626482767668221
5229002652046382221
380095749958755368
2292778205525415840
8418230812549651889
5309586523016843380
2704683759809727906
1870341276142169444
4374413519237653929
197062744776813312
8913331487453674382
3065744078194874338
6914129205126424583
3254944690984594476
1933245351714685439
279807867289831666
1984188169930721242
2512107864392584151
7643975036566667074
9096462567087891148
3296682447913485958
9070967538945206091
503598187689913408
7805454802568720009
2374370250506076637
411624560221492308
8686364792648303244
8829626186103597185
38073807746915887
2418476306507620307
7991743031533310374
2149172994125173232
6577361887407037826
3311247540717215667
5425823826919590608
2339528015221275468
7033872736586966842
880116589433132903
7320424653957091924
4994509836774071583
4300127029809317018
7067234333995763172
6439570622171781279
2910359165879153905
4854725419636408614
2680847256114265764
7109077395423336787
2612763637478192349
1741122779468805674
7307048858690311310
7110544311387653721
380584749769202384
6177652357702663745
7034447774707777382
8519863745267181101
2704907246952683942
5867742483284617439
6728032962904815532
3294151660342182076
5376014241364308754
8180788480895886194
2120825405507056536
6196778875718010836
5818764883000536930
3526667479379873109
8956698442313744653
5505829214928968639
8105304712259176132
6324077040982413484
1645322417138741972
4521947150007270310
1865573038460120029
670441968811086629
4936181304987883541
3007806622899663209
7594754872462400819
5700592753403105690
2014754781519149102
5542643783726352396
27348961805176760
5509499132821304170
6854091706198598014
2366245248397428482
123560493034611989
7153081839297227070
3497063392436010878
7056886267554596147
24075452031686955
2559592869515583941
1336267643399146086
2410226845590745031
5680342397875483126
4714594828477116248
8754942543952452515
5102101097957046443
3493463810504821710
1976562556532903787
8068339053571386379
7426603074250839677
1161896880537010160
5360890049627629039
3912101552153968547
6403481374804742501
5865028390398362149
2668309738210195992
1442784834861357445
1522373861447328338
6556824420265701055
890175911889723410
5301471831772388484
925135828861891840
4584463312813998510
7252719339666659528
1393726250274244819
1970189859376451114
7188360492067796824
1780179452992173328
3148449619426960213
7087797642820173157
7246600147935558809
8445205786421009269
7093968259161073084
220261105824389815
2768908159854194856
8952542825419940851
431505362485210564
5524510892830594651
7349026921359452293
4460172559935560487
5925427537407427673
6577009239730341223
6251741524150614895
1614382836768062008
2039563539921230898
1427693898920071092
6081997357921719034
4491860004490818259
3271768799383390720
4873333185716184495
306914029542360172
3227629318819139792
6607753509244580897
4297966977735025161
3295682599095888205
7332761082396615257
8499196159189039975
5367932188935093595
7262614413107204379
5234032160802269431
339548124148255010
475928516316776745
4178433747751603604
6272796894632938926
4765682798651232817
2945654969924201610
7210789073417658947
671169123872596689
975576561261917073
7701274142318582598
948692983738471194
907511126854259266
5656458760395157623
1016695514028959404
232706004923652866
1470050341004215682
1850546935585875211
5132942284228920583
2693668515596184511
5698426441530918582
2432257789806915288
2010201362083351787
4495353075272155601
9017344381226577728
6558217681206035621
1931850983274621076
1094467405124040143
2903840089376195936
8108919361506741924
8776144239548219716
4548372171831383013
7754369248663409396
3490183950916657101
847313656973812604
9126886028954947895
7487251551161645822
4096948749125427056
1944430951710716811
5851828873799359375
2382098516928840204
160675547652187607
2064926251496759604
2968654666894868520
8528057384705413639
985127700742561281
69882280471927692
6473354054733370917
1385151047376049628
2813493531370993954
8653791338781800711
7089531591810400467
2992461118198475994
6767053860278704552
4583174652478662945
5891966067865840163
2114451285880289903
3152597666237041877
20247
17017156374466086
903339
1620565566
816641079
500475349129379615
3596601867166
323
28662
25899825969626561
423068356356894
102782140255533944
0
15727613
12801659651
63
1579
2600264268849553
103535248609601820
6200626515455
225726
0
960294924960
2093514015940
2990
97336967924205
775923
4251744
3826940298429115
1017287631118
157756371361
14
6844931470
8
2561115931805699
552986387048
304984564501899
110570885834
86418034912
145487753
3742
863639092963333
786439313107
165711154102
3957666241174117412
1325578580295920765
7013384329598110
106183573620627034
1152520425
482282
6622112676467081
47017335508599659
113116355661034155
235473
98080565746596
9
67776881586981
181392895
557851054659187863
672117012
105430468
2355943846666
476898633
43774
4
589071251668
55206203304
541
132193193
17363666616673
10397
0
508835
60275949
55
995653809322971094
1
7734818740731
14910554477505988
114261677342910
6138613215734
45
24588327830879
164447
12146079887
1231967698018100708
565119417792
6
2113745530904
25690
150162213607
15837333451
2229196825293
1902325
166536213
9691825332563980
549918223563920598
1
429186594666
25365413412381
40712
27
1766
362757619068909
1567493933978592
61372534694983442
947127036
258507515736522
195954616589281852
3248334786332
952885859943
6883
1011600185629140619
39026052746637813
462486
17
16579923
2354
63443476
1111059757260170984
333
299
2128367166
790560974863
2237771
1130
109905337800167897
404
843645319504915849
19792339097559
832
2041
423062256576587
203381231879789
2157
21
12250429969899
27302
941930486
1807
1002160
2687
3
1984249
7500
0
811384
1855933134940917631
16254730
953
457129393285
57973
3166751030796358672
55371
4
4518913
24699456250228
1403448
5
973960632
15685605
47026857
112065303
31
743
28390
3880
12572415660063
140375400972
3944809075
1726951321028552277
434758282
2
3544899982
1666
584031732158
55131280436587489
40552183
20232
73
175125
7161
2364269186
0
176199519
1
15413399807
17902427256525
284387827567
3764557860
483023720332865
76883449298268
3638
10814563
44
13722410256
2201914533
133134597703
115927738576075
4283746
189324
17903
17712755111777081
3314735115481177262
28605
25570
348608509
185
805942876504005166
2554921140833275734
3019
61856178358
1884
106
194687017742390
3187605830
403652
888819787964363258
28797819243237482
6202676101
65979
22204447088973301
1760
425927921739710
23313033745449
2922456648
93563407155272
29443734059315823
11717
9085777559136
193531152563478
34479755567217
665452720
16500892806
14
10775616955485531
12252437
1013584
981913107835277
7675583759034883
33482132
31448
17487809899335209
7325
5533782206284
43264
0
5735
44377343613650341
236563153066552494
57
202609844698777
16079648562072
7261785715
452961
10707765099
1
265704102770471633
16328507105547
15
414
3037197394770456
2226567325004265377
3991421826399812
7516159284695
1142072218653627921
307438856
104299
115679456585673
87546
72127084091532
475
2381678664966289510
965186272920383
4158
97275
464493354
135807774455
497273359
70972191879
2729656457184280
15443743111
133563909393885
208
4177034736
42386
6886176733419045
997006157870
180
21731117327
1778
29357
519295603094234
9546
418
179717117403757634
714
12
490977843003
753238860
230738825435
13879883
194
5
18846108
5750641095
1762
42105987
346820820229009621
16602093
1417
12941841570
495749235
215118894962323361
9096416
454137491
774937196213
129468816
158559
544802606732632
2233
224
91993091050127271
9231492172774
4
13790
1264014499300
400407992741371
467
246124222063231402
1182744559874
191
266313015296
8
1083005409074381057
184376
80156047
462955877442736
28168319401
6549761669035952
106304228488154
213753430525476
4
3207053
2703450517432
13275643
87761466072817233
7083095067451
22715
4110871
11336328
12
2133660423214041399
1497248067059970184
197328508182
90965640620226
2605735
958390
1972847385
481110864703531
231372
458903347150
651948792770
20813561415410701
58
52776720
3091484198353
2653910083034097
958065
111079982903718
7966658
1872088
43855761
342580161995942
32567464880242
3
78
106129
3777261
805390
1263523806164498
49533
4062226
52231179069309
174754748736356637
965021
1258600480551161551
269613878277805
137672342621484
4578979
212
244330368
2879604
8033695834
332101677431618371
395365210954
7489778435289
7
98
7756190896706041
4
2726089
71595265198046
37640256093634
8574115127
14407211345505
587
0
1954
44181323
840768228785607445
225
1047
568826
8972483659966282
10898385572959
712264082
4511521393675767
540797515783798
598884244620
404
9596622
83499
7120460755
16190448
144683702706285107
267420292655820
13109638
76352947121
131
55913567
183239817
1126334482069472968
38
2531179483901
3157
561182197972872129
7020504450462
131553665075
1261549911696
127560980928156025
138515426987096809
4769
1
50
9290
7502280803505981
15351913284445
496
460
316029588884
70947304995395
400919
5793
1
148936
29579
2
1961045
0
1489144397237
1
55048498248478232
33037710157098679
91541381020112797
2785185
7411
30097
66767299080896639
1874990939902
4454992014442931
27
523
0
39
13237520717639174
3847624032
1808
495518386178119829
35294173787888166
1893535282740
10241
70
105222247927367362
142573
13756340
874570390
20327084810553
1170790888832
28531657413888
137172408554
31
53310376328927
396409717863912345
30
1894872058
221879679787254179
982191147683847
85174435840212832
90987696633
1629
3
132437246
4181430041159
8045399495687397
1851584696
42
28975281013060673
17004
152007
152778350034
220593964
633840886
713883375440115946
415494794912819779
1884130
939
239
3658378014559275
32
62
508998675883573
168
1594605887
36361
37668
138
5946
2
123646221752258
11351
109183039656137
670490
64552144487
15272139931516
21342982633
227313031588
200717
51333377335091
1417004
1246
13119405248526212
39
6202402141331182
22514101456222717
51221537112731
1185
19
400665923
24
1246788
114615514997144
111009977432072
1872070
91400
216340
119216521
815
3
35582167
128
8263046219950
17001869573941
685478075494341543
19879
1905627515283
94997827
3960577635
2519933220443393
8786338573815
4880708379813232
19582216477
47496313578824
77198068
1960675
335422993689717
117738729
3296761290
30699
90
3032947857399
11
21139
2300844429902913
121083853113395
5
7019
4425513116559777
1013979353859
0
942997210900331
0
137884531064493632
139313222307
312783789089
1355727733147
364862669
11675
87070
175675631380
1
122084
1105278358114088004
241359121063319632
113624614
1309616988432
360012295051545136
213247126350618352
3460719
202885494922679567
194075122
56769165557
24
7600
293722
16046653033
196498594
6
19453699237312
11033503046538
1288
17043
451378454286385161
62008067
301190295159596387
11184694869021
281368674
21573
4077
4443269
2538989454845094268
116457759111602
28568234499
38412470641485
650881404
4628785
59197142076144889
1
64
320571
28
61584821372266572
25
1739815835073
1221640
216259201341
16659036397351
187999
3277
1210259746
32407050312
11321
1815385529824287
464131
564553
51675844
76478958506
11094
369898
64749
941
964796388315611844
5
4
14327707865
6294
14615674172
128110747
2650197814209903
91169208214919641
2867771
4500326205037
32541641466
2030340025367935
3735424
927
2188541511751
443372351006146
1497727276
493592158
1990023747484
66704005210730793
688650460253608
48079136604116507
489275200
31
405712761810
1847143244150392
270
6893
1355110564705
24
74786697286
900211748715372
691306344581
1355226589606
596
71757293237
239588634531
500487052395899
200167144851692
3413745188459940456
6434549921683
3
6402490
905265
1
7
82249977568882
84926818375297846
37890170122697
8438919695938405
3324751555360285
529911640132301313
84402
14
1
36
78871904728
5754066227045375
0
102863373986
53302937326
753337740582390
648783983127
814990691852404389
498479413
343395
204659845176365
8009453664768
797248
84390894096801902
2838257
134883409634914020
9065828153
9582690
20901820418706
174541
11397953133
1508162
53488114914
128
270931
105819450877218291
13715
10569846402534695
192411
8186144564397305
7671084222
5418883202
9323609049
47196
91
4699286
27228
1126729713613988840
133999091828088
847530133882928118
11356227887612
8113696350
65
16138335691195
30397
2065358818426
4954
1918182
4850879
6622803439
10978630
22344356491743827
456494264
326
84441118304536155
260553973283760083
4423398392650757779
206236307883296185
27689279
116158993242351146
2576
711768502736723566
2564345685
68
14636043973197
132300870973
7688721108
769938299194698699
9203092252
445618
465849746371560
3994223456905820
1405462276
4078810455
3
6033665663936514
8604197134884
181181
3394711661049
64800113673055
630101068345
708197517906348
32783880390212
0
292147928
5554634680221
725876840948190
4
43091
230325472648
816707
190878
32898756092622006
120862287194458
108112543
360993991607606072
29
0
7681
482112758
723619043875114
19229890424
30
146103051641229798
1486310870030
521368865468
1029907
62978831855
370431977140040
10774923
3228275452456
454980711173
4331219164182869116
98104456
484302916
5597335900714383
925
590
7782728
6866868756
1795
13831
103311462467510
787186193393917
16577313124
341
63
161459595
1373907515248011
441436542
5
302809
3898821899
162144403
1503078284526663
2765992697199
481028
490694
56860444
120885460
237035
13144965120
110533032416
12877
23294735000502
15624557266666
4279878
26969
128299661238250414
740881
3368738058184
93
14554
18476
4476525398669072492
6078859
52496508
1301773052
297999956409
838677
2010626
126
56142268111677789
1111412608032
1102507342860234068
0
1677960
7468
455599987632438
3
90580
0
879390996170685
52389160
2097123
103204026
5
7
3764982740825171
194
282842277261898
1434986076492765766
14029090
30679052219
2137057719525900
57596650297010
41489667365274696
30356330
424742955503320316
2206911
1508
263
10
5405
26690854831
7
6643210
19584225
1334898
1306118
25209357214080101
1105113095
897980728439732
588
3620122094682
618228810128716621
730
4718812154413
1288811
28032378
409
403420297584383239
1016661537075925
71784354067857
26902995710850970
21213883
12237054074291
6936441
1991347559134
1634
11855589
92503471
120227780
155
83
66758
876337736
6
3726267
811428353197
53
769
13249060
3204798
419058959569
534778045438
122851577494598
6691566
2136711433305046
121
1
12
38700691957908453
1
201101091582109
90714236
165102631397649819
920324749191814750
1911159902992732
501
56626
1325590952616220
1
14448624298309
1095375594
70780739429193548
27423540
8671209
45323137
2335218182506571601
497828468843
152079331380
1771031686154
1209845058
547604169241497
356189980690
173770
69977153977588506
882
19023181
120336907
1
8102376250666
8004
147
35348381332141303
21898
13522452505646273
2953573355953553
517605639257
233
38967724654030406
