791 1
795 1
796 3
797 3
799 2
800 8
801 8
802 11
803 7
804 11
805 23
806 25
807 38
808 43
809 58
810 74
811 85
812 119
813 128
814 161
815 187
816 222
817 248
818 275
819 313
820 350
821 398
822 444
823 473
824 500
825 580
826 604
827 643
828 723
829 755
830 827
831 927
832 962
833 1053
834 1104
835 1158
836 1214
837 1287
838 1311
839 1430
840 1467
841 1504
842 1648
843 1791
844 1809
845 1940
846 2033
847 2134
848 2354
849 2442
850 2511
851 2774
852 2848
853 3037
854 3162
855 3484
856 3599
857 3790
858 3943
859 4042
860 4276
861 4452
862 4632
863 4726
864 5078
865 5331
866 5514
867 5641
868 5987
869 5914
870 6146
871 6261
872 6431
873 6469
874 6716
875 6836
876 7114
877 7126
878 7425
879 7553
880 7857
881 8001
882 8333
883 8292
884 8712
885 8749
886 8998
887 9153
888 9461
889 9665
890 9691
891 9888
892 10068
893 10260
894 10318
895 10293
896 10637
897 10805
898 10588
899 10585
900 10885
901 10920
902 10871
903 10915
904 10961
905 10910
906 10937
907 10883
908 10511
909 10770
910 10732
911 10381
912 10254
913 10372
914 10029
915 9934
916 9791
917 9672
918 9361
919 9187
920 9046
921 8720
922 8599
923 8259
924 8113
925 7956
926 7825
927 7491
928 7156
929 6846
930 6517
931 6350
932 6027
933 5620
934 5758
935 5346
936 5255
937 4910
938 4847
939 4752
940 4453
941 4385
942 4157
943 3962
944 3781
945 3636
946 3581
947 3445
948 3387
949 3242
950 3201
951 3050
952 2807
953 2699
954 2623
955 2620
956 2410
957 2307
958 2168
959 2073
960 1938
961 1830
962 1693
963 1662
964 1486
965 1342
966 1255
967 1221
968 1081
969 1130
970 889
971 848
972 814
973 685
974 643
975 600
976 524
977 439
978 352
979 324
980 301
981 274
982 223
983 189
984 177
985 140
986 131
987 117
988 99
989 90
990 75
991 78
992 55
993 45
994 61
995 38
996 35
997 25
998 22
999 26
1000 24
1001 20
1002 8
1003 13
1004 12
1005 6
1006 4
1007 3
1008 2
1009 3
1010 1
1012 1
