10226.04
29999.99
160559.44
826.54
827.30
768.34
768.74
8361036.36
2368060.04
4387574.10
113369.33
4000667.78
1096146.12
9752318.24
3109214.38
2550498.04
4337597.92
8814025.05
396048.07
7494377.86
2506922.31
1383812.27
2410420.03
5285992.09
763409.99
9551031.69
25971.00
8537730.68
6349278.21
6155400.41
4667264.96
1760769.69
4212306.45
171875.92
4998166.68
341544.20
1587598.26
881875.66
3884958.58
9078395.95
4293084.33
1210229.98
7895431.78
4572107.85
3389243.94
3151456.87
5691436.02
158334177.76
3594892.22
214814.90
