984 1
986 2
988 1
989 2
990 2
991 8
992 7
993 5
994 7
995 16
996 24
997 23
998 25
999 27
1000 48
1001 51
1002 65
1003 76
1004 96
1005 95
1006 130
1007 138
1008 121
1009 140
1010 157
1011 172
1012 186
1013 192
1014 209
1015 218
1016 226
1017 238
1018 251
1019 237
1020 280
1021 274
1022 307
1023 364
1024 351
1025 392
1026 429
1027 462
1028 435
1029 475
1030 490
1031 559
1032 626
1033 656
1034 682
1035 781
1036 858
1037 949
1038 970
1039 1071
1040 1162
1041 1299
1042 1397
1043 1417
1044 1494
1045 1644
1046 1678
1047 1774
1048 1838
1049 1934
1050 2011
1051 2100
1052 2225
1053 2242
1054 2280
1055 2486
1056 2648
1057 2649
1058 2871
1059 2895
1060 3056
1061 3223
1062 3369
1063 3431
1064 3587
1065 3779
1066 3927
1067 3977
1068 4177
1069 4300
1070 4466
1071 4667
1072 4832
1073 4946
1074 5018
1075 5352
1076 5402
1077 5620
1078 5888
1079 5913
1080 6151
1081 6313
1082 6260
1083 6570
1084 6700
1085 6801
1086 6956
1087 7205
1088 7243
1089 7541
1090 7928
1091 7981
1092 8126
1093 8312
1094 8418
1095 8666
1096 8769
1097 9059
1098 8872
1099 9238
1100 9438
1101 9414
1102 9568
1103 9316
1104 9515
1105 9374
1106 9568
1107 9298
1108 9410
1109 9282
1110 9362
1111 9243
1112 9171
1113 9299
1114 9104
1115 9099
1116 8862
1117 9055
1118 8829
1119 8579
1120 8378
1121 8469
1122 8418
1123 8198
1124 8130
1125 8124
1126 8062
1127 7943
1128 7821
1129 7741
1130 7792
1131 7652
1132 7588
1133 7531
1134 7395
1135 7143
1136 7167
1137 7016
1138 6807
1139 6604
1140 6772
1141 6614
1142 6471
1143 6307
1144 6132
1145 6026
1146 5774
1147 5661
1148 5488
1149 5218
1150 5240
1151 5094
1152 4828
1153 4568
1154 4412
1155 4255
1156 4145
1157 3951
1158 3849
1159 3637
1160 3578
1161 3431
1162 3295
1163 3189
1164 3074
1165 2960
1166 2920
1167 2658
1168 2651
1169 2522
1170 2347
1171 2440
1172 2371
1173 2140
1174 2104
1175 2061
1176 1862
1177 1738
1178 1654
1179 1639
1180 1489
1181 1471
1182 1397
1183 1307
1184 1194
1185 1166
1186 1058
1187 1050
1188 897
1189 876
1190 788
1191 762
1192 726
1193 663
1194 587
1195 608
1196 518
1197 547
1198 452
1199 386
1200 395
1201 335
1202 339
1203 283
1204 269
1205 222
1206 190
1207 173
1208 157
1209 126
1210 99
1211 91
1212 80
1213 70
1214 63
1215 39
1216 42
1217 49
1218 25
1219 34
1220 26
1221 25
1222 21
1223 24
1224 18
1225 19
1226 11
1227 13
1228 13
1229 15
1230 5
1231 8
1232 5
1233 10
1234 6
1235 1
1236 5
1237 5
1238 3
1239 3
1240 3
1241 1
1242 3
1243 3
1244 1
