357 1
359 3
360 2
361 4
362 5
363 5
364 8
365 15
366 21
367 30
368 38
369 36
370 48
371 60
372 76
373 81
374 87
375 86
376 82
377 94
378 88
379 117
380 92
381 90
382 92
383 109
384 112
385 118
386 110
387 113
388 111
389 102
390 106
391 116
392 94
393 98
394 94
395 81
396 90
397 58
398 62
399 72
400 49
401 48
402 33
403 24
404 31
405 19
406 24
407 24
408 8
409 13
410 13
411 18
412 15
413 17
414 19
415 19
416 20
417 20
418 18
419 13
420 7
421 13
422 19
423 10
424 8
425 6
426 11
427 6
428 8
429 5
430 14
431 4
432 4
433 2
434 4
435 1
436 3
437 2
438 2
