1
2
4
6
16
12
64
24
36
48
1024
72
4096
192
144
216
65536
288
262144
432
576
3072
4194304
864
1296
12288
2304
1728
268435456
2592
1073741824
3456
9216
196608
5184
6912
68719476736
786432
36864
10368
1099511627776
15552
4398046511104
27648
20736
12582912
70368744177664
31104
46656
41472
589824
110592
62208
82944
93312
2359296
805306368
124416
3221225472
186624
279936
331776
248832
1769472
37748736
373248
497664
206158430208
1327104
7077888
746496
995328
1119744
1679616
3298534883328
1492992
5308416
13194139533312
2415919104
2239488
3359232
2985984
113246208
9663676416
211106232532992
21233664
4478976
5971968
6718464
10077696
15925248
8957952
11943936
13436928
20155392
618475290624
17915904
63700992
339738624
7247757312
26873856
47775744
35831808
60466176
9895604649984
28991029248
1358954496
53747712
71663616
39582418599936
80621568
120932352
191102976
107495424
143327232
1019215872
161243136
633318697598976
241864704
214990848
21743271936
764411904
1855425871872
322486272
573308928
429981696
483729408
86973087744
725594112
644972544
3057647616
859963392
29686813949952
967458816
1451188224
2176782336
1289945088
1719926784
118747255799808
65229815808
12230590464
1934917632
2579890176
4353564672
9172942848
5566277615616
260919263232
3869835264
6879707136
5159780352
5804752896
8707129344
13060694016
7739670528
10319560704
195689447424
11609505792
89060441849856
27518828544
17414258688
15479341056
20639121408
356241767399424
23219011584
782757789696
30958682112
34828517376
16698832846848
52242776064
78364164096
46438023168
82556485632
61917364224
587068342272
69657034752
104485552128
92876046336
123834728448
440301256704
12524124635136
267181325549568
139314069504
2348273369088
330225942528
185752092672
247669456896
313456656384
470184984576
50096498540544
278628139008
1761205026816
371504185344
417942208512
626913312768
940369969152
557256278016
990677827584
743008370688
7044820107264
835884417024
1253826625536
1114512556032
801543976648704
1486016741376
2821109907456
5283615080448
1671768834048
150289495621632
3962711310336
2229025112064
2507653251072
3761479876608
5642219814912
3343537668096
21134460321792
4458050224128
5015306502144
15850845241344
7522959753216
6687075336192
11284439629824
11888133931008
8916100448256
10030613004288
450868486864896
13374150672384
17832200896512
22568879259648
63403380965376
33853318889472
20061226008576
47552535724032
26748301344768
35664401793024
30091839012864
45137758519296
40122452017152
101559956668416
253613523861504
53496602689536
60183678025728
190210142896128
90275517038592
80244904034304
142657607172096
106993205379072
203119913336832
120367356051456
160489808068608
180551034077184
213986410758144
270826551115776
406239826673664
240734712102912
570630428688384
320979616137216
427972821516288
361102068154368
541653102231552
481469424205824
812479653347328
641959232274432
722204136308736
962938848411648
