0 321201
1 802
3 803
6 804
10 805
15 806
21 807
28 808
36 809
45 810
55 811
66 812
78 813
91 814
105 815
120 816
136 817
153 818
171 819
190 820
210 821
231 822
253 823
276 824
300 825
325 826
351 827
378 828
406 829
435 830
465 831
496 832
528 833
561 834
595 835
630 836
666 837
703 838
741 839
780 840
820 841
861 842
903 843
946 844
990 845
1035 846
1081 847
1128 848
1176 849
1225 850
1275 851
1326 852
1378 853
1431 854
1485 855
1540 856
1596 857
1653 858
1711 859
1770 860
1830 861
1891 862
1953 863
2016 864
2080 865
2145 866
2211 867
2278 868
2346 869
2415 870
2485 871
2556 872
2628 873
2701 874
2775 875
2850 876
2926 877
3003 878
3081 879
3160 880
3240 881
3321 882
3403 883
3486 884
3570 885
3655 886
3741 887
3828 888
3916 889
4005 890
4095 891
4186 892
4278 893
4371 894
4465 895
4560 896
4656 897
4753 898
4851 899
4950 900
5050 901
5149 900
5247 899
5344 898
5440 897
5535 896
5629 895
5722 894
5814 893
5905 892
5995 891
6084 890
6172 889
6259 888
6345 887
6430 886
6514 885
6597 884
6679 883
6760 882
6840 881
6919 880
6997 879
7074 878
7150 877
7225 876
7299 875
7372 874
7444 873
7515 872
7585 871
7654 870
7722 869
7789 868
7855 867
7920 866
7984 865
8047 864
8109 863
8170 862
8230 861
8289 860
8347 859
8404 858
8460 857
8515 856
8569 855
8622 854
8674 853
8725 852
8775 851
8824 850
8872 849
8919 848
8965 847
9010 846
9054 845
9097 844
9139 843
9180 842
9220 841
9259 840
9297 839
9334 838
9370 837
9405 836
9439 835
9472 834
9504 833
9535 832
9565 831
9594 830
9622 829
9649 828
9675 827
9700 826
9724 825
9747 824
9769 823
9790 822
9810 821
9829 820
9847 819
9864 818
9880 817
9895 816
9909 815
9922 814
9934 813
9945 812
9955 811
9964 810
9972 809
9979 808
9985 807
9990 806
9994 805
9997 804
9999 803
10000 322003
