202 2
203 1
204 5
205 3
206 7
207 11
208 17
209 20
210 27
211 25
212 45
213 73
214 51
215 89
216 143
217 193
218 252
219 331
220 431
221 508
222 640
223 677
224 823
225 1033
226 1163
227 1367
228 1491
229 1714
230 2119
231 2438
232 2754
233 3215
234 3537
235 4065
236 4416
237 5066
238 5586
239 6156
240 6899
241 7692
242 8155
243 9011
244 9855
245 10747
246 11728
247 12676
248 13412
249 14798
250 15806
251 16768
252 17942
253 18889
254 20035
255 20863
256 21777
257 22138
258 22937
259 23549
260 23909
261 24049
262 24220
263 24319
264 24096
265 23966
266 23660
267 23451
268 23200
269 22447
270 22040
271 21279
272 20428
273 19808
274 18951
275 18253
276 17061
277 16227
278 15292
279 14177
280 13416
281 12577
282 11540
283 10456
284 9726
285 8696
286 8038
287 7180
288 6499
289 5840
290 5136
291 4560
292 4086
293 3662
294 3317
295 2775
296 2448
297 2092
298 1836
299 1554
300 1270
301 1127
302 998
303 765
304 671
305 569
306 430
307 379
308 323
309 245
310 192
311 182
312 125
313 101
314 93
315 62
316 38
317 42
318 18
319 16
320 9
321 8
322 5
323 6
324 2
325 2
