510 1
512 2
514 2
515 2
516 4
517 6
518 5
519 9
520 9
521 27
522 35
523 54
524 59
525 97
526 134
527 160
528 189
529 233
530 256
531 256
532 238
533 232
534 235
535 259
536 245
537 261
538 250
539 248
540 274
541 260
542 290
543 298
544 282
545 287
546 309
547 303
548 282
549 303
550 331
551 321
552 294
553 256
554 249
555 219
556 190
557 169
558 172
559 164
560 181
561 158
562 174
563 146
564 184
565 156
566 166
567 145
568 168
569 141
570 193
571 180
572 182
573 200
574 230
575 220
576 216
577 231
578 225
579 235
580 231
581 224
582 226
583 255
584 237
585 250
586 265
587 279
588 293
589 302
590 323
591 361
592 363
593 369
594 368
595 426
596 465
597 417
598 479
599 498
600 531
601 573
602 533
603 576
604 587
605 511
606 510
607 554
608 563
609 562
610 629
611 596
612 639
613 655
614 689
615 645
616 665
617 701
618 715
619 748
620 865
621 857
622 935
623 878
624 897
625 1013
626 1087
627 1068
628 1106
629 1118
630 1108
631 1134
632 1100
633 1094
634 1079
635 1096
636 1085
637 1033
638 1010
639 990
640 910
641 904
642 890
643 895
644 906
645 793
646 810
647 845
648 786
649 789
650 753
651 737
652 732
653 778
654 785
655 732
656 771
657 731
658 798
659 817
660 835
661 874
662 856
663 840
664 866
665 850
666 927
667 946
668 1004
669 970
670 1157
671 1162
672 1119
673 1319
674 1240
675 1350
676 1391
677 1402
678 1384
679 1445
680 1482
681 1563
682 1616
683 1584
684 1605
685 1659
686 1654
687 1756
688 1679
689 1677
690 1687
691 1720
692 1572
693 1674
694 1643
695 1591
696 1596
697 1581
698 1643
699 1622
700 1555
701 1508
702 1497
703 1515
704 1477
705 1371
706 1371
707 1367
708 1239
709 1234
710 1192
711 1122
712 1095
713 1108
714 1009
715 1004
716 1018
717 993
718 972
719 934
720 953
721 893
722 927
723 919
724 890
725 902
726 883
727 905
728 907
729 856
730 926
731 810
732 804
733 823
734 794
735 771
736 754
737 795
738 736
739 783
740 734
741 815
742 781
743 845
744 776
745 798
746 804
747 802
748 743
749 777
750 852
751 804
752 804
753 771
754 728
755 794
756 736
757 732
758 771
759 735
760 806
761 768
762 739
763 782
764 788
765 773
766 779
767 840
768 807
769 819
770 848
771 793
772 829
773 813
774 850
775 915
776 940
777 942
778 930
779 956
780 1009
781 998
782 982
783 1007
784 1042
785 1060
786 1097
787 1126
788 1113
789 1170
790 1195
791 1280
792 1228
793 1281
794 1230
795 1233
796 1217
797 1212
798 1210
799 1148
800 1145
801 1150
802 1132
803 1079
804 1073
805 1021
806 988
807 983
808 1035
809 998
810 1003
811 941
812 1006
813 950
814 980
815 980
816 920
817 970
818 1004
819 866
820 920
821 945
822 902
823 923
824 936
825 924
826 946
827 891
828 902
829 922
830 936
831 958
832 1033
833 983
834 1024
835 1016
836 1005
837 1054
838 1054
839 963
840 1074
841 1033
842 1030
843 959
844 958
845 969
846 1026
847 948
848 968
849 960
850 1006
851 980
852 1034
853 963
854 981
855 1032
856 1033
857 1040
858 968
859 1061
860 1033
861 1007
862 1011
863 1045
864 1034
865 957
866 1028
867 967
868 978
869 990
870 942
871 908
872 827
873 876
874 875
875 809
876 842
877 858
878 843
879 843
880 863
881 800
882 841
883 774
884 747
885 810
886 705
887 751
888 750
889 739
890 745
891 790
892 828
893 846
894 863
895 930
896 892
897 866
898 861
899 883
900 891
901 886
902 876
903 904
904 853
905 932
906 938
907 850
908 796
909 868
910 855
911 913
912 849
913 784
914 765
915 808
916 779
917 820
918 737
919 762
920 806
921 781
922 797
923 781
924 788
925 764
926 812
927 823
928 780
929 775
930 802
931 835
932 831
933 740
934 816
935 854
936 876
937 802
938 829
939 872
940 898
941 965
942 948
943 897
944 864
945 885
946 880
947 892
948 841
949 902
950 819
951 818
952 841
953 823
954 815
955 769
956 783
957 772
958 803
959 805
960 802
961 816
962 793
963 793
964 863
965 830
966 822
967 871
968 833
969 873
970 867
971 938
972 921
973 882
974 922
975 845
976 906
977 929
978 846
979 823
980 845
981 836
982 865
983 832
984 804
985 824
986 842
987 831
988 835
989 834
990 829
991 782
992 784
993 818
994 783
995 806
996 779
997 790
998 825
999 750
1000 807
1001 812
1002 830
1003 812
1004 868
1005 805
1006 891
1007 850
1008 835
1009 859
1010 814
1011 888
1012 858
1013 914
1014 920
1015 857
1016 937
1017 914
1018 941
1019 920
1020 938
1021 856
1022 901
1023 882
1024 942
1025 964
1026 980
1027 1006
1028 1040
1029 1052
1030 1083
1031 1062
1032 1090
1033 1132
1034 1155
1035 1063
1036 1079
1037 1077
1038 1060
1039 1036
1040 1045
1041 930
1042 893
1043 945
1044 969
1045 913
1046 944
1047 900
1048 907
1049 882
1050 875
1051 932
1052 852
1053 966
1054 984
1055 943
1056 1009
1057 1015
1058 954
1059 995
1060 1059
1061 1056
1062 960
1063 956
1064 910
1065 945
1066 923
1067 871
1068 888
1069 944
1070 857
1071 808
1072 816
1073 836
1074 785
1075 760
1076 763
1077 763
1078 743
1079 717
1080 770
1081 694
1082 677
1083 732
1084 757
1085 733
1086 686
1087 762
1088 768
1089 771
1090 743
1091 773
1092 747
1093 761
1094 767
1095 728
1096 698
1097 684
1098 716
1099 688
1100 707
1101 701
1102 672
1103 651
1104 678
1105 647
1106 604
1107 590
1108 672
1109 575
1110 624
1111 640
1112 674
1113 671
1114 669
1115 699
1116 693
1117 703
1118 670
1119 729
1120 687
1121 642
1122 681
1123 656
1124 621
1125 618
1126 623
1127 607
1128 663
1129 642
1130 634
1131 635
1132 650
1133 581
1134 609
1135 664
1136 613
1137 614
1138 573
1139 619
1140 575
1141 593
1142 595
1143 586
1144 608
1145 623
1146 603
1147 597
1148 626
1149 576
1150 585
1151 621
1152 617
1153 596
1154 561
1155 594
1156 612
1157 627
1158 606
1159 591
1160 567
1161 564
1162 553
1163 516
1164 547
1165 553
1166 549
1167 541
1168 514
1169 514
1170 551
1171 502
1172 516
1173 492
1174 529
1175 500
1176 494
1177 467
1178 461
1179 455
1180 466
1181 477
1182 476
1183 474
1184 513
1185 531
1186 544
1187 483
1188 558
1189 552
1190 515
1191 491
1192 535
1193 553
1194 513
1195 562
1196 522
1197 538
1198 517
1199 525
1200 512
1201 544
1202 534
1203 508
1204 577
1205 535
1206 560
1207 567
1208 587
1209 546
1210 521
1211 583
1212 552
1213 516
1214 534
1215 484
1216 552
1217 494
1218 495
1219 535
1220 473
1221 486
1222 463
1223 453
1224 469
1225 484
1226 470
1227 470
1228 486
1229 522
1230 503
1231 529
1232 478
1233 467
1234 486
1235 507
1236 432
1237 437
1238 433
1239 424
1240 386
1241 418
1242 424
1243 466
1244 433
1245 422
1246 417
1247 412
1248 487
1249 470
1250 495
1251 423
1252 465
1253 444
1254 521
1255 470
1256 460
1257 509
1258 492
1259 460
1260 436
1261 469
1262 493
1263 436
1264 443
1265 438
1266 432
1267 404
1268 416
1269 429
1270 410
1271 421
1272 439
1273 402
1274 361
1275 407
1276 423
1277 396
1278 337
1279 392
1280 362
1281 346
1282 345
1283 385
1284 391
1285 396
1286 410
1287 438
1288 398
1289 372
1290 415
1291 416
1292 371
1293 414
1294 392
1295 405
1296 408
1297 361
1298 371
1299 404
1300 409
1301 374
1302 347
1303 366
1304 388
1305 386
1306 390
1307 419
1308 384
1309 380
1310 346
1311 401
1312 398
1313 382
1314 375
1315 392
1316 368
1317 368
1318 345
1319 351
1320 330
1321 357
1322 392
1323 306
1324 366
1325 358
1326 316
1327 324
1328 305
1329 318
1330 365
1331 341
1332 322
1333 349
1334 346
1335 321
1336 332
1337 307
1338 314
1339 344
1340 326
1341 289
1342 324
1343 303
1344 348
1345 297
1346 319
1347 297
1348 298
1349 300
1350 313
1351 325
1352 275
1353 306
1354 284
1355 298
1356 275
1357 262
1358 272
1359 267
1360 291
1361 270
1362 297
1363 282
1364 254
1365 243
1366 284
1367 239
1368 277
1369 281
1370 282
1371 266
1372 306
1373 297
1374 284
1375 287
1376 279
1377 272
1378 281
1379 288
1380 308
1381 289
1382 295
1383 303
1384 295
1385 293
1386 312
1387 317
1388 324
1389 312
1390 337
1391 275
1392 314
1393 328
1394 323
1395 300
1396 306
1397 301
1398 332
1399 305
1400 312
1401 314
1402 331
1403 272
1404 298
1405 302
1406 317
1407 315
1408 288
1409 290
1410 287
1411 288
1412 297
1413 280
1414 317
1415 269
1416 269
1417 289
1418 265
1419 267
1420 281
1421 259
1422 291
1423 298
1424 302
1425 248
1426 319
1427 297
1428 307
1429 265
1430 301
1431 258
1432 294
1433 307
1434 249
1435 276
1436 306
1437 247
1438 267
1439 261
1440 245
1441 253
1442 259
1443 268
1444 253
1445 260
1446 278
1447 258
1448 293
1449 267
1450 290
1451 278
1452 268
1453 292
1454 289
1455 257
1456 309
1457 258
1458 278
1459 282
1460 270
1461 303
1462 299
1463 278
1464 313
1465 311
1466 314
1467 301
1468 328
1469 322
1470 342
1471 318
1472 302
1473 352
1474 319
1475 340
1476 372
1477 325
1478 327
1479 328
1480 346
1481 325
1482 314
1483 304
1484 306
1485 272
1486 285
1487 302
1488 290
1489 274
1490 317
1491 286
1492 284
1493 290
1494 259
1495 300
1496 286
1497 295
1498 280
1499 228
1500 245
1501 259
1502 242
1503 220
1504 241
1505 232
1506 242
1507 229
1508 262
1509 238
1510 238
1511 242
1512 225
1513 231
1514 247
1515 235
1516 213
1517 217
1518 230
1519 252
1520 256
1521 251
1522 256
1523 271
1524 283
1525 254
1526 268
1527 237
1528 261
1529 242
1530 276
1531 275
1532 237
1533 260
1534 250
1535 248
1536 240
1537 243
1538 221
1539 209
1540 244
1541 233
1542 257
1543 237
1544 253
1545 232
1546 244
1547 251
1548 215
1549 234
1550 245
1551 261
1552 242
1553 225
1554 252
1555 234
1556 241
1557 217
1558 238
1559 246
1560 226
1561 262
1562 213
1563 239
1564 254
1565 244
1566 217
1567 228
1568 224
1569 212
1570 216
1571 212
1572 213
1573 231
1574 218
1575 258
1576 245
1577 235
1578 248
1579 218
1580 238
1581 237
1582 230
1583 241
1584 255
1585 224
1586 227
1587 224
1588 200
1589 232
1590 219
1591 223
1592 250
1593 214
1594 239
1595 211
1596 209
1597 229
1598 214
1599 228
1600 230
1601 230
1602 240
1603 247
1604 236
1605 227
1606 239
1607 214
1608 222
1609 244
1610 240
1611 232
1612 235
1613 217
1614 213
1615 228
1616 210
1617 205
1618 220
1619 224
1620 206
1621 230
1622 223
1623 185
1624 200
1625 193
1626 184
1627 205
1628 192
1629 213
1630 202
1631 193
1632 198
1633 205
1634 206
1635 207
1636 209
1637 194
1638 199
1639 183
1640 201
1641 189
1642 198
1643 189
1644 172
1645 191
1646 179
1647 206
1648 164
1649 183
1650 206
1651 197
1652 210
1653 198
1654 187
1655 194
1656 198
1657 192
1658 232
1659 196
1660 196
1661 192
1662 184
1663 189
1664 210
1665 177
1666 194
1667 174
1668 181
1669 180
1670 168
1671 200
1672 176
1673 192
1674 205
1675 194
1676 175
1677 203
1678 186
1679 178
1680 172
1681 166
1682 183
1683 177
1684 185
1685 180
1686 172
1687 158
1688 170
1689 183
1690 179
1691 179
1692 192
1693 155
1694 152
1695 168
1696 177
1697 187
1698 159
1699 197
1700 178
1701 210
1702 196
1703 188
1704 197
1705 161
1706 173
1707 158
1708 170
1709 176
1710 159
1711 158
1712 171
1713 186
1714 169
1715 190
1716 178
1717 180
1718 189
1719 194
1720 187
1721 174
1722 181
1723 187
1724 148
1725 168
1726 155
1727 156
1728 158
1729 154
1730 174
1731 145
1732 176
1733 159
1734 164
1735 150
1736 186
1737 148
1738 141
1739 145
1740 183
1741 151
1742 142
1743 159
1744 147
1745 140
1746 142
1747 168
1748 150
1749 147
1750 141
1751 140
1752 142
1753 149
1754 172
1755 169
1756 172
1757 176
1758 174
1759 203
1760 152
1761 173
1762 147
1763 159
1764 149
1765 170
1766 195
1767 185
1768 125
1769 173
1770 157
1771 173
1772 138
1773 161
1774 150
1775 152
1776 167
1777 139
1778 146
1779 138
1780 146
1781 158
1782 158
1783 140
1784 132
1785 145
1786 142
1787 146
1788 167
1789 149
1790 139
1791 131
1792 130
1793 149
1794 146
1795 152
1796 141
1797 123
1798 137
1799 161
1800 149
1801 143
1802 164
1803 163
1804 169
1805 153
1806 139
1807 151
1808 149
1809 147
1810 129
1811 132
1812 130
1813 127
1814 132
1815 127
1816 146
1817 144
1818 137
1819 136
1820 133
1821 140
1822 134
1823 139
1824 155
1825 127
1826 115
1827 128
1828 125
1829 119
1830 133
1831 122
1832 114
1833 119
1834 109
1835 122
1836 117
1837 123
1838 119
1839 120
1840 100
1841 127
1842 128
1843 118
1844 147
1845 133
1846 124
1847 118
1848 118
1849 133
1850 143
1851 162
1852 163
1853 144
1854 156
1855 146
1856 144
1857 149
1858 123
1859 149
1860 130
1861 144
1862 136
1863 158
1864 140
1865 138
1866 146
1867 134
1868 119
1869 132
1870 142
1871 113
1872 108
1873 102
1874 112
1875 138
1876 116
1877 132
1878 127
1879 129
1880 119
1881 136
1882 126
1883 116
1884 125
1885 133
1886 112
1887 139
1888 113
1889 125
1890 118
1891 110
1892 101
1893 118
1894 104
1895 92
1896 116
1897 113
1898 116
1899 120
1900 115
1901 99
1902 117
1903 90
1904 97
1905 113
1906 112
1907 110
1908 105
1909 99
1910 100
1911 119
1912 110
1913 116
1914 107
1915 93
1916 99
1917 114
1918 108
1919 100
1920 122
1921 100
1922 117
1923 113
1924 103
1925 114
1926 94
1927 102
1928 113
1929 111
1930 103
1931 93
1932 128
1933 116
1934 107
1935 113
1936 114
1937 109
1938 123
1939 99
1940 111
1941 130
1942 101
1943 125
1944 121
1945 115
1946 123
1947 104
1948 118
1949 112
1950 79
1951 128
1952 110
1953 98
1954 117
1955 113
1956 98
1957 126
1958 124
1959 118
1960 126
1961 116
1962 111
1963 117
1964 119
1965 132
1966 109
1967 128
1968 116
1969 128
1970 106
1971 108
1972 105
1973 114
1974 102
1975 118
1976 114
1977 110
1978 95
1979 112
1980 109
1981 92
1982 109
1983 98
1984 98
1985 104
1986 101
1987 113
1988 92
1989 110
1990 104
1991 97
1992 104
1993 99
1994 86
1995 91
1996 80
1997 102
1998 104
1999 95
2000 90
2001 106
2002 88
2003 102
2004 98
2005 90
2006 83
2007 99
2008 118
2009 115
2010 102
2011 102
2012 102
2013 89
2014 91
2015 89
2016 102
2017 92
2018 99
2019 102
2020 94
2021 83
2022 75
2023 91
2024 94
2025 91
2026 80
2027 76
2028 100
2029 86
2030 99
2031 94
2032 88
2033 99
2034 94
2035 93
2036 87
2037 94
2038 102
2039 81
2040 85
2041 83
2042 91
2043 74
2044 87
2045 103
2046 90
2047 78
2048 83
2049 73
2050 77
2051 75
2052 83
2053 75
2054 69
2055 94
2056 85
2057 93
2058 97
2059 84
2060 84
2061 82
2062 92
2063 73
2064 77
2065 80
2066 77
2067 67
2068 86
2069 85
2070 94
2071 92
2072 84
2073 104
2074 86
2075 83
2076 89
2077 89
2078 89
2079 81
2080 87
2081 77
2082 84
2083 75
2084 92
2085 82
2086 76
2087 92
2088 82
2089 77
2090 88
2091 88
2092 82
2093 81
2094 78
2095 87
2096 72
2097 85
2098 72
2099 88
2100 79
2101 65
2102 71
2103 59
2104 72
2105 77
2106 71
2107 85
2108 92
2109 74
2110 77
2111 85
2112 68
2113 73
2114 90
2115 86
2116 77
2117 76
2118 71
2119 70
2120 82
2121 86
2122 70
2123 92
2124 73
2125 92
2126 75
2127 77
2128 85
2129 72
2130 68
2131 75
2132 81
2133 86
2134 77
2135 84
2136 83
2137 84
2138 65
2139 66
2140 82
2141 58
2142 75
2143 61
2144 62
2145 83
2146 77
2147 93
2148 77
2149 86
2150 92
2151 86
2152 77
2153 92
2154 81
2155 90
2156 98
2157 58
2158 82
2159 85
2160 83
2161 73
2162 68
2163 65
2164 66
2165 68
2166 69
2167 77
2168 74
2169 71
2170 66
2171 69
2172 82
2173 71
2174 60
2175 70
2176 67
2177 74
2178 71
2179 56
2180 66
2181 59
2182 61
2183 76
2184 75
2185 67
2186 79
2187 79
2188 61
2189 78
2190 76
2191 69
2192 63
2193 76
2194 73
2195 67
2196 69
2197 80
2198 76
2199 79
2200 73
2201 70
2202 56
2203 52
2204 62
2205 64
2206 83
2207 57
2208 81
2209 69
2210 67
2211 69
2212 73
2213 51
2214 67
2215 63
2216 70
2217 64
2218 69
2219 74
2220 63
2221 67
2222 71
2223 70
2224 68
2225 66
2226 70
2227 67
2228 67
2229 57
2230 66
2231 78
2232 80
2233 62
2234 68
2235 77
2236 72
2237 67
2238 85
2239 46
2240 74
2241 54
2242 62
2243 84
2244 58
2245 71
2246 79
2247 67
2248 62
2249 64
2250 54
2251 61
2252 69
2253 52
2254 64
2255 54
2256 74
2257 61
2258 69
2259 59
2260 57
2261 62
2262 61
2263 56
2264 60
2265 63
2266 67
2267 56
2268 62
2269 56
2270 55
2271 67
2272 48
2273 77
2274 73
2275 64
2276 68
2277 59
2278 77
2279 79
2280 52
2281 60
2282 65
2283 70
2284 52
2285 85
2286 67
2287 59
2288 55
2289 55
2290 64
2291 56
2292 55
2293 60
2294 59
2295 59
2296 59
2297 71
2298 61
2299 61
2300 51
2301 59
2302 64
2303 62
2304 55
2305 50
2306 51
2307 66
2308 54
2309 54
2310 52
2311 56
2312 55
2313 61
2314 49
2315 51
2316 63
2317 59
2318 51
2319 73
2320 50
2321 51
2322 65
2323 55
2324 52
2325 69
2326 75
2327 60
2328 63
2329 65
2330 46
2331 54
2332 58
2333 56
2334 50
2335 49
2336 55
2337 57
2338 53
2339 71
2340 56
2341 56
2342 50
2343 56
2344 52
2345 74
2346 60
2347 52
2348 49
2349 63
2350 54
2351 68
2352 58
2353 55
2354 44
2355 56
2356 45
2357 54
2358 52
2359 57
2360 39
2361 64
2362 57
2363 57
2364 58
2365 51
2366 43
2367 58
2368 58
2369 55
2370 51
2371 42
2372 60
2373 61
2374 55
2375 62
2376 46
2377 50
2378 59
2379 54
2380 50
2381 42
2382 66
2383 57
2384 55
2385 58
2386 47
2387 39
2388 47
2389 42
2390 46
2391 47
2392 47
2393 61
2394 48
2395 66
2396 42
2397 41
2398 70
2399 56
2400 47
2401 54
2402 36
2403 43
2404 59
2405 62
2406 47
2407 49
2408 58
2409 45
2410 49
2411 43
2412 66
2413 43
2414 57
2415 45
2416 55
2417 53
2418 43
2419 43
2420 54
2421 47
2422 50
2423 47
2424 50
2425 54
2426 38
2427 44
2428 47
2429 47
2430 47
2431 51
2432 48
2433 54
2434 48
2435 51
2436 55
2437 41
2438 41
2439 46
2440 60
2441 44
2442 43
2443 45
2444 48
2445 45
2446 44
2447 54
2448 52
2449 52
2450 44
2451 44
2452 37
2453 55
2454 37
2455 52
2456 55
2457 45
2458 47
2459 33
2460 41
2461 45
2462 50
2463 44
2464 47
2465 39
2466 57
2467 47
2468 36
2469 32
2470 54
2471 38
2472 41
2473 46
2474 45
2475 33
2476 58
2477 41
2478 51
2479 40
2480 54
2481 49
2482 41
2483 36
2484 51
2485 51
2486 47
2487 36
2488 37
2489 41
2490 49
2491 47
2492 32
2493 42
2494 39
2495 48
2496 56
2497 45
2498 48
2499 50
2500 41
2501 37
2502 41
2503 43
2504 45
2505 38
2506 38
2507 37
2508 47
2509 45
2510 54
2511 40
2512 56
2513 36
2514 42
2515 43
2516 42
2517 52
2518 48
2519 41
2520 26
2521 48
2522 47
2523 37
2524 47
2525 54
2526 53
2527 44
2528 54
2529 34
2530 39
2531 46
2532 42
2533 47
2534 49
2535 46
2536 38
2537 31
2538 35
2539 31
2540 49
2541 50
2542 45
2543 51
2544 54
2545 42
2546 36
2547 24
2548 43
2549 46
2550 31
2551 42
2552 48
2553 45
2554 46
2555 36
2556 36
2557 38
2558 31
2559 44
2560 41
2561 50
2562 43
2563 37
2564 34
2565 43
2566 37
2567 37
2568 35
2569 37
2570 48
2571 52
2572 42
2573 37
2574 34
2575 42
2576 39
2577 42
2578 35
2579 43
2580 43
2581 37
2582 53
2583 41
2584 37
2585 39
2586 48
2587 33
2588 43
2589 34
2590 38
2591 46
2592 33
2593 36
2594 44
2595 32
2596 37
2597 39
2598 41
2599 38
2600 39
2601 50
2602 30
2603 39
2604 35
2605 46
2606 28
2607 34
2608 44
2609 36
2610 44
2611 52
2612 35
2613 39
2614 43
2615 36
2616 47
2617 32
2618 37
2619 45
2620 40
2621 35
2622 46
2623 41
2624 35
2625 39
2626 34
2627 41
2628 41
2629 37
2630 44
2631 33
2632 45
2633 45
2634 40
2635 37
2636 37
2637 37
2638 25
2639 33
2640 40
2641 44
2642 29
2643 39
2644 42
2645 40
2646 39
2647 34
2648 31
2649 39
2650 34
2651 33
2652 36
2653 25
2654 36
2655 32
2656 40
2657 34
2658 46
2659 38
2660 43
2661 40
2662 43
2663 29
2664 29
2665 32
2666 44
2667 34
2668 36
2669 36
2670 39
2671 44
2672 30
2673 31
2674 39
2675 33
2676 31
2677 23
2678 38
2679 28
2680 39
2681 26
2682 50
2683 42
2684 31
2685 44
2686 39
2687 31
2688 30
2689 26
2690 26
2691 40
2692 32
2693 33
2694 33
2695 40
2696 39
2697 35
2698 34
2699 32
2700 33
2701 42
2702 38
2703 28
2704 38
2705 30
2706 28
2707 30
2708 33
2709 48
2710 29
2711 31
2712 34
2713 34
2714 29
2715 33
2716 37
2717 34
2718 31
2719 35
2720 36
2721 31
2722 31
2723 27
2724 41
2725 38
2726 36
2727 35
2728 30
2729 31
2730 27
2731 34
2732 41
2733 30
2734 33
2735 36
2736 31
2737 28
2738 25
2739 34
2740 38
2741 32
2742 32
2743 38
2744 45
2745 30
2746 27
2747 36
2748 38
2749 31
2750 42
2751 26
2752 23
2753 18
2754 35
2755 31
2756 37
2757 36
2758 37
2759 31
2760 30
2761 38
2762 27
2763 31
2764 28
2765 36
2766 25
2767 27
2768 40
2769 35
2770 32
2771 38
2772 31
2773 37
2774 25
2775 35
2776 29
2777 31
2778 30
2779 30
2780 36
2781 28
2782 26
2783 24
2784 32
2785 33
2786 43
2787 29
2788 26
2789 25
2790 34
2791 31
2792 33
2793 26
2794 23
2795 19
2796 25
2797 45
2798 29
2799 33
2800 40
2801 31
2802 31
2803 23
2804 27
2805 29
2806 23
2807 31
2808 27
2809 28
2810 31
2811 25
2812 30
2813 26
2814 20
2815 41
2816 33
2817 37
2818 18
2819 30
2820 35
2821 32
2822 28
2823 29
2824 30
2825 24
2826 29
2827 27
2828 47
2829 24
2830 27
2831 36
2832 22
2833 29
2834 32
2835 34
2836 31
2837 23
2838 26
2839 36
2840 28
2841 26
2842 27
2843 25
2844 18
2845 32
2846 24
2847 33
2848 36
2849 28
2850 45
2851 21
2852 29
2853 28
2854 23
2855 30
2856 37
2857 24
2858 30
2859 24
2860 22
2861 27
2862 31
2863 36
2864 30
2865 29
2866 27
2867 27
2868 23
2869 25
2870 30
2871 25
2872 28
2873 23
2874 31
2875 37
2876 25
2877 35
2878 28
2879 27
2880 21
2881 26
2882 22
2883 25
2884 25
2885 25
2886 35
2887 41
2888 22
2889 25
2890 22
2891 18
2892 29
2893 29
2894 26
2895 31
2896 30
2897 30
2898 33
2899 18
2900 28
2901 25
2902 31
2903 26
2904 24
2905 25
2906 17
2907 31
2908 31
2909 21
2910 20
2911 26
2912 30
2913 27
2914 32
2915 27
2916 25
2917 31
2918 19
2919 28
2920 28
2921 25
2922 23
2923 27
2924 24
2925 23
2926 30
2927 24
2928 38
2929 19
2930 28
2931 27
2932 23
2933 19
2934 21
2935 18
2936 36
2937 24
2938 25
2939 32
2940 21
2941 36
2942 27
2943 28
2944 22
2945 22
2946 20
2947 18
2948 19
2949 25
2950 24
2951 28
2952 21
2953 29
2954 33
2955 24
2956 24
2957 19
2958 21
2959 26
2960 25
2961 32
2962 19
2963 25
2964 26
2965 29
2966 24
2967 25
2968 20
2969 22
2970 27
2971 21
2972 31
2973 31
2974 20
2975 25
2976 27
2977 24
2978 22
2979 19
2980 22
2981 34
2982 23
2983 17
2984 29
2985 32
2986 25
2987 20
2988 32
2989 20
2990 29
2991 30
2992 23
2993 20
2994 25
2995 30
2996 19
2997 28
2998 25
2999 19
3000 14
3001 25
3002 29
3003 28
3004 34
3005 20
3006 24
3007 35
3008 21
3009 16
3010 32
3011 24
3012 19
3013 27
3014 21
3015 26
3016 26
3017 19
3018 16
3019 29
3020 30
3021 29
3022 30
3023 20
3024 16
3025 23
3026 18
3027 20
3028 34
3029 23
3030 29
3031 19
3032 20
3033 30
3034 15
3035 20
3036 35
3037 26
3038 16
3039 19
3040 19
3041 24
3042 28
3043 25
3044 21
3045 22
3046 19
3047 26
3048 18
3049 27
3050 22
3051 24
3052 27
3053 25
3054 17
3055 27
3056 22
3057 23
3058 16
3059 16
3060 25
3061 22
3062 28
3063 23
3064 21
3065 27
3066 19
3067 24
3068 15
3069 23
3070 20
3071 25
3072 21
3073 21
3074 22
3075 18
3076 9
3077 22
3078 18
3079 31
3080 20
3081 27
3082 24
3083 20
3084 19
3085 29
3086 30
3087 12
3088 21
3089 21
3090 35
3091 14
3092 13
3093 23
3094 30
3095 27
3096 21
3097 22
3098 25
3099 25
3100 23
3101 22
3102 16
3103 28
3104 23
3105 19
3106 25
3107 14
3108 25
3109 21
3110 26
3111 28
3112 24
3113 23
3114 28
3115 19
3116 17
3117 20
3118 19
3119 13
3120 30
3121 25
3122 24
3123 16
3124 24
3125 19
3126 19
3127 19
3128 13
3129 27
3130 23
3131 22
3132 20
3133 26
3134 20
3135 23
3136 18
3137 24
3138 25
3139 18
3140 24
3141 20
3142 24
3143 21
3144 21
3145 17
3146 24
3147 23
3148 24
3149 21
3150 14
3151 21
3152 17
3153 27
3154 16
3155 15
3156 21
3157 18
3158 20
3159 26
3160 25
3161 21
3162 22
3163 14
3164 18
3165 24
3166 27
3167 18
3168 19
3169 29
3170 15
3171 21
3172 17
3173 20
3174 19
3175 21
3176 18
3177 20
3178 15
3179 24
3180 25
3181 14
3182 28
3183 20
3184 17
3185 22
3186 21
3187 21
3188 20
3189 14
3190 24
3191 16
3192 16
3193 18
3194 22
3195 17
3196 23
3197 22
3198 19
3199 25
3200 17
3201 18
3202 22
3203 17
3204 16
3205 20
3206 23
3207 16
3208 27
3209 17
3210 27
3211 13
3212 18
3213 19
3214 12
3215 22
3216 21
3217 17
3218 25
3219 20
3220 12
3221 12
3222 26
3223 26
3224 24
3225 16
3226 14
3227 20
3228 15
3229 18
3230 23
3231 17
3232 26
3233 21
3234 28
3235 18
3236 16
3237 23
3238 16
3239 22
3240 15
3241 11
3242 22
3243 14
3244 21
3245 12
3246 22
3247 21
3248 25
3249 22
3250 14
3251 19
3252 21
3253 22
3254 18
3255 26
3256 23
3257 15
3258 13
3259 9
3260 18
3261 19
3262 16
3263 16
3264 20
3265 13
3266 25
3267 13
3268 24
3269 27
3270 20
3271 15
3272 27
3273 23
3274 18
3275 19
3276 10
3277 14
3278 22
3279 10
3280 16
3281 18
3282 24
3283 26
3284 20
3285 21
3286 22
3287 23
3288 24
3289 18
3290 17
3291 16
3292 14
3293 23
3294 15
3295 12
3296 25
3297 16
3298 23
3299 24
3300 20
3301 20
3302 17
3303 13
3304 17
3305 14
3306 18
3307 19
3308 10
3309 19
3310 20
3311 12
3312 22
3313 16
3314 17
3315 21
3316 21
3317 20
3318 16
3319 15
3320 24
3321 16
3322 16
3323 15
3324 17
3325 22
3326 26
3327 15
3328 15
3329 21
3330 17
3331 18
3332 16
3333 22
3334 18
3335 17
3336 12
3337 20
3338 13
3339 27
3340 19
3341 19
3342 18
3343 15
3344 24
3345 11
3346 17
3347 19
3348 20
3349 12
3350 15
3351 22
3352 19
3353 16
3354 14
3355 20
3356 15
3357 13
3358 20
3359 20
3360 17
3361 17
3362 11
3363 15
3364 24
3365 18
3366 16
3367 20
3368 19
3369 22
3370 19
3371 14
3372 14
3373 14
3374 13
3375 19
3376 19
3377 13
3378 20
3379 21
3380 22
3381 19
3382 18
3383 15
3384 17
3385 17
3386 15
3387 21
3388 14
3389 15
3390 14
3391 17
3392 25
3393 19
3394 14
3395 16
3396 16
3397 17
3398 19
3399 15
3400 11
3401 17
3402 17
3403 12
3404 17
3405 19
3406 17
3407 24
3408 21
3409 18
3410 16
3411 17
3412 15
3413 15
3414 14
3415 15
3416 12
3417 15
3418 20
3419 13
3420 23
3421 14
3422 13
3423 23
3424 14
3425 15
3426 23
3427 18
3428 15
3429 10
3430 20
3431 15
3432 14
3433 13
3434 12
3435 19
3436 17
3437 22
3438 21
3439 12
3440 16
3441 12
3442 18
3443 13
3444 16
3445 21
3446 11
3447 15
3448 12
3449 16
3450 21
3451 14
3452 18
3453 9
3454 10
3455 19
3456 20
3457 20
3458 15
3459 16
3460 17
3461 9
3462 12
3463 19
3464 13
3465 17
3466 18
3467 20
3468 16
3469 13
3470 17
3471 17
3472 13
3473 13
3474 20
3475 9
3476 19
3477 11
3478 19
3479 9
3480 15
3481 19
3482 16
3483 15
3484 16
3485 20
3486 16
3487 11
3488 10
3489 22
3490 15
3491 12
3492 15
3493 17
3494 10
3495 16
3496 24
3497 9
3498 21
3499 11
3500 10
3501 25
3502 16
3503 17
3504 8
3505 20
3506 13
3507 15
3508 16
3509 20
3510 13
3511 17
3512 14
3513 8
3514 20
3515 12
3516 19
3517 10
3518 9
3519 20
3520 10
3521 6
3522 22
3523 23
3524 14
3525 17
3526 15
3527 19
3528 11
3529 13
3530 11
3531 11
3532 18
3533 12
3534 17
3535 14
3536 12
3537 11
3538 14
3539 19
3540 20
3541 13
3542 17
3543 11
3544 15
3545 15
3546 14
3547 22
3548 13
3549 16
3550 11
3551 14
3552 13
3553 10
3554 17
3555 14
3556 14
3557 16
3558 12
3559 11
3560 26
3561 12
3562 16
3563 14
3564 12
3565 10
3566 11
3567 14
3568 17
3569 13
3570 7
3571 16
3572 26
3573 21
3574 15
3575 11
3576 9
3577 10
3578 18
3579 11
3580 12
3581 16
3582 13
3583 11
3584 16
3585 13
3586 15
3587 14
3588 20
3589 9
3590 15
3591 12
3592 14
3593 11
3594 13
3595 18
3596 19
3597 21
3598 10
3599 15
3600 11
3601 12
3602 7
3603 18
3604 16
3605 12
3606 17
3607 14
3608 12
3609 9
3610 14
3611 11
3612 10
3613 15
3614 14
3615 15
3616 17
3617 14
3618 11
3619 15
3620 16
3621 10
3622 14
3623 14
3624 11
3625 10
3626 18
3627 12
3628 9
3629 15
3630 19
3631 10
3632 12
3633 14
3634 17
3635 14
3636 12
3637 15
3638 11
3639 11
3640 11
3641 13
3642 10
3643 18
3644 15
3645 15
3646 16
3647 12
3648 12
3649 12
3650 8
3651 12
3652 12
3653 8
3654 8
3655 27
3656 13
3657 9
3658 10
3659 14
3660 21
3661 11
3662 15
3663 11
3664 16
3665 15
3666 8
3667 11
3668 11
3669 7
3670 9
3671 15
3672 20
3673 14
3674 15
3675 9
3676 12
3677 14
3678 14
3679 17
3680 14
3681 10
3682 7
3683 10
3684 12
3685 13
3686 13
3687 18
3688 15
3689 10
3690 13
3691 14
3692 6
3693 7
3694 12
3695 17
3696 14
3697 16
3698 15
3699 9
3700 11
3701 11
3702 15
3703 11
3704 7
3705 13
3706 12
3707 20
3708 19
3709 13
3710 7
3711 13
3712 6
3713 12
3714 16
3715 10
3716 11
3717 11
3718 12
3719 9
3720 17
3721 15
3722 8
3723 17
3724 9
3725 13
3726 10
3727 14
3728 13
3729 11
3730 7
3731 11
3732 13
3733 11
3734 18
3735 9
3736 7
3737 18
3738 20
3739 11
3740 8
3741 8
3742 14
3743 13
3744 13
3745 16
3746 11
3747 14
3748 12
3749 7
3750 16
3751 11
3752 8
3753 14
3754 8
3755 10
3756 7
3757 9
3758 13
3759 9
3760 14
3761 10
3762 15
3763 16
3764 14
3765 12
3766 13
3767 12
3768 12
3769 17
3770 11
3771 15
3772 6
3773 7
3774 9
3775 13
3776 12
3777 6
3778 13
3779 15
3780 12
3781 9
3782 14
3783 7
3784 16
3785 10
3786 12
3787 14
3788 19
3789 14
3790 11
3791 11
3792 12
3793 9
3794 14
3795 8
3796 11
3797 10
3798 18
3799 9
3800 4
3801 11
3802 15
3803 19
3804 2
3805 14
3806 11
3807 9
3808 14
3809 5
3810 9
3811 20
3812 14
3813 10
3814 8
3815 11
3816 16
3817 8
3818 14
3819 10
3820 10
3821 11
3822 9
3823 12
3824 9
3825 19
3826 8
3827 7
3828 9
3829 16
3830 9
3831 15
3832 15
3833 8
3834 12
3835 6
3836 14
3837 11
3838 12
3839 9
3840 7
3841 14
3842 14
3843 11
3844 9
3845 9
3846 10
3847 9
3848 13
3849 14
3850 12
3851 8
3852 17
3853 16
3854 7
3855 10
3856 14
3857 14
3858 15
3859 7
3860 9
3861 9
3862 9
3863 14
3864 6
3865 8
3866 10
3867 13
3868 16
3869 4
3870 9
3871 18
3872 9
3873 10
3874 14
3875 12
3876 11
3877 7
3878 13
3879 12
3880 12
3881 11
3882 10
3883 4
3884 8
3885 9
3886 13
3887 12
3888 12
3889 14
3890 7
3891 16
3892 10
3893 9
3894 12
3895 12
3896 15
3897 6
3898 12
3899 4
3900 8
3901 9
3902 12
3903 11
3904 8
3905 11
3906 13
3907 12
3908 13
3909 7
3910 11
3911 12
3912 13
3913 13
3914 7
3915 8
3916 5
3917 7
3918 8
3919 8
3920 13
3921 14
3922 8
3923 14
3924 9
3925 6
3926 9
3927 15
3928 11
3929 5
3930 12
3931 7
3932 12
3933 10
3934 14
3935 6
3936 11
3937 11
3938 9
3939 12
3940 10
3941 11
3942 7
3943 3
3944 11
3945 19
3946 9
3947 6
3948 12
3949 9
3950 15
3951 6
3952 12
3953 11
3954 11
3955 7
3956 6
3957 8
3958 15
3959 11
3960 9
3961 9
3962 9
3963 11
3964 8
3965 9
3966 8
3967 9
3968 4
3969 11
3970 13
3971 13
3972 6
3973 15
3974 17
3975 4
3976 9
3977 12
3978 8
3979 10
3980 6
3981 11
3982 10
3983 7
3984 7
3985 9
3986 14
3987 10
3988 14
3989 6
3990 17
3991 9
3992 11
3993 7
3994 11
3995 7
3996 8
3997 7
3998 8
3999 10
4000 9
4001 10
4002 11
4003 5
4004 9
4005 11
4006 10
4007 8
4008 3
4009 6
4010 9
4011 11
4012 15
4013 13
4014 8
4015 12
4016 9
4017 15
4018 7
4019 7
4020 8
4021 9
4022 9
4023 9
4024 10
4025 7
4026 12
4027 8
4028 9
4029 9
4030 10
4031 11
4032 16
4033 9
4034 7
4035 9
4036 8
4037 6
4038 10
4039 8
4040 9
4041 13
4042 7
4043 10
4044 11
4045 9
4046 4
4047 11
4048 9
4049 9
4050 8
4051 10
4052 5
4053 8
4054 6
4055 15
4056 13
4057 6
4058 10
4059 9
4060 7
4061 11
4062 9
4063 7
4064 12
4065 4
4066 9
4067 12
4068 8
4069 7
4070 4
4071 8
4072 19
4073 10
4074 12
4075 10
4076 7
4077 6
4078 9
4079 7
4080 10
4081 8
4082 9
4083 3
4084 10
4085 12
4086 10
4087 5
4088 8
4089 14
4090 11
4091 9
4092 8
4093 8
4094 3
4095 12
4096 14
4097 13
4098 11
4099 4
4100 7
4101 5
4102 4
4103 10
4104 17
4105 10
4106 11
4107 8
4108 6
4109 6
4110 13
4111 6
4112 4
4113 10
4114 6
4115 14
4116 9
4117 7
4118 10
4119 10
4120 8
4121 10
4122 3
4123 8
4124 7
4125 10
4126 8
4127 10
4128 3
4129 16
4130 12
4131 9
4132 9
4133 4
4134 6
4135 8
4136 11
4137 6
4138 5
4139 7
4140 14
4141 11
4142 8
4143 10
4144 11
4145 16
4146 10
4147 3
4148 11
4149 9
4150 7
4151 3
4152 5
4153 8
4154 9
4155 9
4156 7
4157 8
4158 9
4159 8
4160 6
4161 5
4162 8
4163 13
4164 5
4165 8
4166 12
4167 10
4168 12
4169 8
4170 11
4171 16
4172 4
4173 6
4174 8
4175 5
4176 9
4177 7
4178 5
4179 7
4180 9
4181 6
4182 8
4183 10
4184 11
4185 8
4186 16
4187 7
4188 5
4189 9
4190 6
4191 9
4192 6
4193 11
4194 14
4195 9
4196 7
4197 5
4198 5
4199 7
4200 7
4201 6
4202 7
4203 6
4204 10
4205 11
4206 10
4207 6
4208 8
4209 6
4210 11
4211 9
4212 6
4213 5
4214 9
4215 10
4216 4
4217 5
4218 14
4219 10
4220 10
4221 7
4222 6
4223 7
4224 9
4225 5
4226 8
4227 7
4228 10
4229 12
4230 5
4231 5
4232 6
4233 7
4234 13
4235 5
4236 7
4237 10
4238 9
4239 12
4240 7
4241 7
4242 6
4243 4
4244 6
4245 9
4246 9
4247 6
4248 6
4249 7
4250 10
4251 8
4252 5
4253 16
4254 8
4255 7
4256 6
4257 9
4258 1
4259 10
4260 11
4261 5
4262 8
4263 5
4264 4
4265 9
4266 6
4267 8
4268 14
4269 7
4270 10
4271 4
4272 9
4273 6
4274 8
4275 12
4276 9
4277 8
4278 6
4279 5
4280 2
4281 10
4282 10
4283 7
4284 6
4285 4
4286 5
4287 6
4288 8
4289 5
4290 7
4291 17
4292 4
4293 13
4294 9
4295 6
4296 9
4297 8
4298 9
4299 6
4300 2
4301 8
4302 9
4303 4
4304 4
4305 9
4306 8
4307 5
4308 5
4309 7
4310 5
4311 6
4312 10
4313 16
4314 4
4315 4
4316 5
4317 6
4318 6
4319 8
4320 21
4321 10
4322 8
4323 3
4324 5
4325 6
4326 5
4327 7
4328 9
4329 7
4330 6
4331 9
4332 6
4333 7
4334 3
4335 8
4336 8
4337 8
4338 13
4339 4
4340 6
4341 4
4342 5
4343 5
4344 9
4345 13
4346 3
4347 4
4348 7
4349 8
4350 6
4351 9
4352 6
4353 6
4354 12
4355 6
4356 8
4357 8
4358 6
4359 11
4360 4
4361 6
4362 8
4363 2
4364 7
4365 4
4366 10
4367 6
4368 3
4369 7
4370 8
4371 7
4372 8
4373 8
4374 7
4375 9
4376 7
4377 10
4378 9
4379 8
4380 5
4381 5
4382 6
4383 6
4384 7
4385 6
4386 6
4387 7
4388 11
4389 7
4390 4
4391 5
4392 7
4393 7
4394 6
4395 7
4396 9
4397 5
4398 6
4399 3
4400 8
4401 8
4402 7
4403 5
4404 9
4405 2
4406 7
4407 8
4408 7
4409 9
4410 8
4411 7
4412 7
4413 7
4414 5
4415 3
4416 7
4417 10
4418 6
4419 5
4420 6
4421 5
4422 4
4423 11
4424 4
4425 5
4426 8
4427 8
4428 10
4429 4
4430 8
4431 7
4432 10
4433 4
4434 6
4435 5
4436 7
4437 7
4438 3
4439 7
4440 8
4441 4
4442 5
4443 5
4444 8
4445 8
4446 7
4447 10
4448 6
4449 3
4450 5
4451 6
4452 10
4453 12
4454 4
4455 2
4456 5
4457 4
4458 7
4459 6
4460 9
4461 10
4462 4
4463 4
4464 8
4465 6
4466 8
4467 7
4468 7
4469 6
4470 8
4471 2
4472 9
4473 6
4474 4
4475 7
4476 5
4477 4
4478 2
4479 6
4480 10
4481 13
4482 7
4483 5
4484 4
4485 10
4486 6
4487 4
4488 4
4489 12
4490 9
4491 5
4492 4
4493 3
4494 4
4495 4
4496 6
4497 4
4498 6
4499 8
4500 7
4501 10
4502 8
4503 9
4504 4
4505 9
4506 5
4507 5
4508 8
4509 5
4510 7
4511 3
4512 6
4513 6
4514 8
4515 5
4516 5
4517 7
4518 7
4519 6
4520 3
4521 3
4522 8
4523 8
4524 3
4525 5
4526 7
4527 9
4528 12
4529 6
4530 4
4531 5
4532 7
4533 7
4534 6
4535 3
4536 4
4537 5
4538 12
4539 5
4540 4
4541 3
4542 8
4543 3
4544 8
4545 4
4546 5
4547 11
4548 8
4549 4
4550 3
4551 7
4552 7
4553 6
4554 9
4555 4
4556 5
4557 9
4558 8
4559 3
4560 6
4561 4
4562 3
4563 4
4564 4
4565 5
4566 8
4567 11
4568 7
4569 5
4570 10
4571 3
4572 8
4573 3
4574 7
4575 5
4576 5
4577 7
4578 4
4579 6
4580 7
4581 4
4582 7
4583 5
4584 6
4585 4
4586 5
4587 6
4588 9
4589 4
4590 6
4591 3
4592 9
4593 8
4594 6
4595 3
4596 6
4597 7
4598 6
4599 4
4600 9
4601 3
4602 5
4603 4
4604 8
4605 5
4606 7
4607 3
4608 7
4609 8
4610 3
4611 5
4612 8
4613 7
4614 6
4615 5
4616 4
4617 9
4618 4
4619 4
4620 7
4621 5
4622 2
4623 5
4624 9
4625 7
4626 6
4627 5
4628 10
4629 4
4630 3
4631 7
4632 4
4633 5
4634 4
4635 7
4636 8
4637 6
4638 5
4639 6
4640 7
4641 3
4642 5
4643 2
4644 7
4645 7
4646 9
4647 6
4648 7
4649 5
4650 4
4651 6
4652 4
4653 4
4654 3
4655 6
4656 6
4657 6
4658 4
4659 3
4660 6
4661 10
4662 4
4663 9
4664 2
4665 6
4666 8
4667 5
4668 6
4669 5
4670 6
4671 5
4672 4
4673 5
4674 4
4675 4
4676 5
4677 9
4678 4
4679 5
4680 4
4681 4
4682 2
4683 9
4684 7
4685 6
4686 6
4687 5
4688 3
4689 5
4690 5
4691 10
4692 8
4693 5
4694 4
4695 6
4696 3
4697 6
4698 3
4699 4
4700 8
4701 4
4702 5
4703 9
4704 3
4705 1
4706 5
4707 10
4708 7
4709 2
4710 5
4711 3
4712 5
4713 2
4714 6
4715 7
4716 4
4717 9
4718 5
4719 11
4720 3
4721 2
4722 9
4723 5
4724 5
4725 6
4726 8
4727 5
4728 4
4729 3
4730 2
4731 1
4732 6
4733 2
4734 6
4735 7
4736 3
4737 1
4738 8
4739 4
4740 7
4741 9
4742 9
4743 7
4744 13
4745 5
4746 5
4747 5
4748 2
4749 4
4750 6
4751 6
4752 3
4753 2
4754 3
4755 2
4756 4
4757 2
4758 3
4759 4
4760 4
4761 9
4762 8
4763 4
4764 5
4765 8
4766 7
4767 8
4768 5
4769 5
4770 2
4771 8
4772 6
4773 4
4774 3
4775 9
4776 3
4777 4
4778 3
4779 4
4780 4
4781 4
4782 4
4783 4
4784 4
4785 2
4786 3
4787 10
4788 6
4789 11
4790 2
4791 8
4792 4
4793 1
4794 4
4795 7
4796 7
4797 1
4798 3
4799 7
4800 6
4801 2
4802 4
4803 6
4804 6
4805 4
4806 7
4807 5
4808 6
4809 3
4810 2
4811 7
4812 6
4813 4
4814 4
4815 2
4816 5
4817 4
4818 5
4819 7
4820 3
4821 2
4822 9
4823 8
4824 5
4825 4
4826 8
4827 2
4828 2
4829 4
4830 3
4831 5
4832 4
4833 6
4834 6
4835 4
4836 5
4837 5
4838 8
4839 6
4840 6
4841 2
4842 5
4843 4
4844 4
4845 4
4846 3
4847 3
4848 9
4849 2
4850 4
4851 3
4852 9
4853 4
4854 1
4855 2
4856 10
4857 3
4858 7
4859 6
4860 5
4861 4
4862 4
4863 4
4864 4
4865 3
4866 6
4867 6
4868 3
4869 7
4870 8
4871 4
4872 4
4873 5
4874 2
4875 3
4876 2
4877 6
4878 4
4879 3
4880 5
4881 8
4882 5
4883 4
4884 1
4885 3
4886 3
4887 4
4888 7
4889 5
4890 10
4891 5
4892 3
4893 5
4894 4
4895 7
4896 3
4897 4
4898 3
4899 4
4900 2
4901 3
4902 3
4903 4
4904 9
4905 3
4906 4
4907 6
4908 4
4909 5
4910 7
4911 6
4912 6
4913 3
4914 7
4916 2
4917 8
4918 6
4919 6
4920 1
4922 5
4923 7
4925 4
4926 3
4927 6
4928 2
4929 6
4930 2
4931 9
4932 3
4933 6
4934 2
4935 7
4936 11
4937 2
4938 6
4939 2
4940 5
4941 3
4942 4
4943 3
4944 4
4945 8
4946 3
4947 3
4948 2
4949 3
4950 3
4951 5
4952 3
4953 3
4954 5
4955 6
4956 3
4957 3
4958 2
4959 10
4960 2
4961 4
4962 7
4963 7
4964 7
4965 6
4966 4
4967 4
4968 4
4969 4
4970 3
4971 3
4972 2
4973 5
4974 3
4975 1
4976 4
4977 6
4978 3
4979 4
4980 5
4981 4
4982 8
4983 1
4984 5
4985 3
4986 6
4987 5
4988 5
4989 1
4990 4
4991 3
4992 6
4993 3
4994 6
4995 3
4996 7
4997 2
4998 5
4999 3
5000 3
5001 5
5002 3
5003 2
5004 9
5005 1
5006 8
5007 2
5008 5
5009 5
5010 1
5011 4
5012 4
5013 4
5014 1
5015 3
5016 4
5017 3
5018 3
5019 9
5020 5
5021 4
5022 3
5023 4
5024 7
5025 2
5026 4
5027 4
5028 4
5029 7
5030 3
5031 6
5032 4
5033 2
5034 3
5035 6
5036 3
5037 7
5038 4
5039 1
5040 2
5041 5
5042 4
5043 1
5044 2
5045 2
5046 9
5047 4
5048 4
5049 3
5050 5
5051 4
5052 2
5053 4
5054 3
5055 8
5056 6
5057 5
5058 3
5059 2
5060 3
5061 5
5062 6
5063 2
5064 3
5065 2
5066 7
5067 2
5068 4
5069 4
5070 4
5071 3
5072 7
5073 3
5074 8
5075 4
5076 4
5077 3
5078 1
5079 2
5080 3
5081 2
5082 2
5083 7
5084 8
5085 4
5086 4
5087 2
5088 4
5089 5
5090 1
5091 2
5092 6
5093 2
5094 9
5095 5
5096 5
5097 1
5098 3
5099 3
5100 3
5101 5
5102 3
5103 2
5104 6
5105 4
5106 3
5107 3
5108 5
5109 5
5110 6
5111 2
5112 2
5113 1
5114 4
5115 8
5116 4
5117 6
5118 7
5119 4
5120 3
5121 2
5122 4
5123 4
5125 4
5126 2
5127 1
5128 5
5129 2
5130 6
5131 4
5132 4
5133 3
5134 4
5135 6
5136 3
5137 6
5138 6
5139 3
5140 3
5141 2
5142 2
5143 2
5144 5
5145 3
5146 4
5147 7
5148 6
5150 4
5151 6
5152 2
5153 3
5154 2
5155 4
5156 3
5157 5
5158 3
5159 3
5160 2
5161 3
5162 9
5163 3
5164 4
5165 5
5166 5
5167 3
5168 7
5170 1
5171 2
5172 1
5173 5
5174 3
5175 9
5176 1
5177 1
5179 6
5180 5
5181 7
5182 4
5183 1
5184 2
5185 7
5186 5
5187 5
5188 6
5189 4
5190 2
5191 2
5192 7
5193 5
5194 2
5195 1
5196 2
5197 1
5198 2
5199 4
5200 3
5201 1
5202 4
5203 3
5204 4
5205 3
5206 6
5207 3
5208 6
5209 5
5210 5
5211 4
5212 2
5214 4
5215 4
5216 6
5217 2
5218 5
5219 1
5220 6
5221 4
5222 3
5223 5
5224 3
5225 4
5226 4
5227 3
5228 4
5229 2
5230 2
5231 2
5232 4
5233 3
5234 5
5236 1
5237 4
5238 1
5239 3
5240 4
5241 6
5242 5
5243 8
5244 2
5245 4
5246 4
5247 2
5248 3
5249 6
5250 3
5251 2
5252 3
5253 6
5255 3
5256 7
5257 5
5258 4
5259 5
5260 4
5262 2
5263 3
5264 2
5265 1
5266 2
5267 3
5268 2
5269 2
5270 3
5271 4
5272 6
5273 4
5274 3
5275 5
5276 3
5277 3
5278 3
5279 4
5280 6
5281 6
5282 1
5283 2
5284 3
5285 3
5286 4
5287 3
5288 3
5289 2
5290 2
5291 5
5292 2
5293 7
5294 4
5295 4
5296 3
5297 3
5298 3
5299 2
5300 3
5301 2
5302 1
5303 3
5304 5
5305 6
5307 4
5308 1
5309 2
5310 4
5311 7
5312 5
5313 2
5314 3
5315 2
5316 5
5317 4
5318 2
5319 2
5320 5
5321 1
5322 5
5323 2
5324 2
5325 6
5326 6
5327 2
5328 6
5329 3
5331 2
5332 1
5333 2
5334 5
5335 4
5336 1
5337 3
5338 2
5339 6
5340 2
5341 2
5342 4
5343 3
5344 2
5345 2
5346 4
5347 9
5348 2
5349 3
5350 5
5351 2
5352 5
5353 2
5354 3
5355 5
5356 3
5357 5
5358 3
5359 1
5360 1
5361 2
5362 1
5364 4
5365 2
5366 4
5367 4
5368 5
5369 3
5370 1
5371 3
5372 7
5373 2
5374 5
5375 3
5376 3
5377 1
5378 6
5379 3
5380 2
5381 5
5382 6
5384 5
5385 3
5386 2
5387 3
5388 3
5389 2
5390 6
5391 1
5392 2
5394 2
5395 2
5396 1
5397 2
5398 6
5399 2
5400 7
5401 4
5402 3
5403 3
5404 4
5405 3
5406 2
5407 2
5408 4
5409 5
5410 5
5411 1
5412 4
5413 2
5414 4
5415 3
5416 7
5417 2
5418 1
5419 2
5420 3
5421 1
5422 3
5423 2
5424 2
5425 2
5426 4
5427 2
5428 4
5429 2
5430 1
5431 2
5432 5
5433 4
5434 4
5435 3
5436 3
5437 4
5438 2
5439 3
5440 4
5441 2
5442 2
5443 5
5444 1
5445 6
5446 4
5447 2
5448 4
5449 3
5450 3
5451 3
5452 1
5453 2
5454 1
5455 1
5456 4
5457 1
5458 3
5459 5
5460 1
5461 6
5462 3
5463 3
5464 4
5465 4
5466 2
5467 2
5468 5
5469 1
5470 1
5471 4
5472 3
5473 2
5474 4
5475 2
5476 4
5477 2
5478 2
5479 3
5480 3
5481 5
5482 4
5483 4
5484 2
5485 4
5487 4
5488 4
5489 3
5490 2
5491 2
5492 3
5494 3
5495 1
5496 2
5497 3
5498 3
5499 5
5501 1
5502 4
5503 3
5504 3
5505 6
5506 3
5507 4
5508 3
5509 2
5510 5
5511 5
5512 3
5513 2
5514 4
5515 2
5516 4
5518 2
5519 2
5520 2
5521 6
5522 1
5523 3
5524 2
5525 2
5526 2
5527 2
5528 2
5529 4
5530 2
5531 4
5532 1
5533 4
5535 5
5536 3
5537 4
5538 2
5539 1
5540 3
5541 2
5542 6
5543 2
5544 3
5545 3
5546 4
5547 3
5548 3
5549 4
5550 4
5551 4
5553 1
5554 4
5555 3
5556 3
5557 1
5558 2
5559 2
5560 1
5561 2
5562 5
5563 3
5564 1
5565 4
5566 3
5567 3
5568 2
5569 2
5570 3
5571 2
5572 1
5573 2
5574 1
5575 7
5576 2
5577 5
5578 5
5580 5
5581 2
5582 2
5583 3
5584 2
5585 5
5586 2
5587 4
5588 4
5589 1
5590 2
5591 5
5592 2
5593 3
5594 1
5595 2
5596 4
5597 1
5598 3
5599 2
5600 1
5602 3
5603 2
5604 4
5605 1
5606 3
5608 4
5609 4
5610 6
5611 4
5612 2
5613 3
5614 3
5615 2
5616 1
5617 7
5618 1
5619 5
5620 4
5621 2
5622 2
5623 3
5624 3
5626 2
5627 3
5628 3
5629 2
5630 3
5631 4
5632 1
5633 1
5637 4
5638 4
5639 5
5640 4
5641 3
5642 2
5643 4
5644 4
5645 2
5646 1
5647 1
5648 4
5649 3
5650 3
5651 4
5652 2
5653 6
5654 3
5655 2
5656 3
5657 4
5658 2
5659 2
5660 4
5661 2
5662 1
5663 3
5665 2
5666 2
5667 1
5668 3
5670 3
5671 1
5673 4
5674 3
5675 2
5676 5
5677 3
5678 4
5679 2
5680 3
5681 3
5682 3
5683 6
5684 4
5685 1
5686 3
5687 1
5688 1
5689 4
5690 4
5691 3
5692 1
5693 3
5694 6
5696 1
5697 2
5698 2
5699 3
5700 2
5701 1
5702 1
5703 2
5704 4
5705 2
5706 1
5707 2
5708 6
5710 2
5711 1
5712 1
5713 3
5714 4
5715 4
5716 4
5717 3
5718 4
5719 4
5720 3
5721 2
5722 2
5723 3
5724 3
5726 4
5727 3
5728 1
5729 3
5730 5
5731 2
5732 1
5733 2
5734 2
5735 2
5736 4
5738 1
5740 5
5741 1
5742 4
5743 2
5745 3
5746 2
5747 1
5748 6
5749 4
5750 4
5751 2
5752 6
5753 2
5754 3
5756 3
5757 4
5758 3
5759 1
5761 3
5762 3
5763 2
5764 2
5765 3
5766 4
5768 3
5771 1
5772 2
5773 8
5774 2
5775 1
5776 1
5777 6
5779 1
5780 5
5781 3
5782 4
5783 3
5784 2
5785 3
5786 3
5787 2
5788 3
5789 3
5790 2
5791 2
5792 3
5793 3
5795 2
5796 2
5797 1
5799 1
5800 6
5802 2
5803 2
5804 3
5805 2
5806 4
5807 1
5808 5
5809 1
5810 1
5811 4
5812 5
5813 1
5814 3
5815 1
5816 6
5817 4
5818 2
5819 2
5820 3
5821 4
5822 1
5823 1
5824 2
5825 2
5826 1
5827 4
5828 2
5829 3
5831 1
5832 1
5833 3
5834 4
5835 3
5836 2
5838 2
5839 2
5840 1
5841 3
5842 2
5843 3
5844 5
5845 3
5846 4
5847 3
5849 2
5850 4
5851 1
5852 3
5853 1
5854 1
5855 5
5856 1
5857 5
5858 3
5859 1
5860 3
5861 2
5862 2
5863 2
5865 2
5866 4
5867 2
5868 2
5869 2
5870 3
5872 1
5873 3
5874 4
5875 2
5876 4
5877 2
5878 3
5881 4
5882 3
5883 5
5884 3
5886 2
5887 1
5888 1
5889 1
5890 4
5891 2
5892 4
5893 2
5894 1
5895 4
5896 4
5897 1
5898 5
5899 1
5900 1
5901 1
5902 5
5903 2
5904 2
5905 5
5906 3
5907 4
5908 1
5910 2
5911 2
5912 1
5913 1
5914 2
5916 1
5918 2
5919 2
5920 6
5921 3
5922 2
5924 2
5925 4
5926 3
5927 4
5928 1
5929 1
5930 3
5932 5
5933 3
5934 5
5935 2
5936 5
5938 4
5939 3
5940 2
5941 2
5943 3
5944 2
5945 1
5946 1
5947 2
5948 3
5950 2
5952 3
5953 1
5955 3
5956 4
5958 5
5959 3
5960 1
5961 3
5962 3
5963 1
5964 4
5965 2
5966 3
5967 5
5968 4
5969 4
5970 2
5971 2
5973 1
5975 5
5976 1
5977 1
5978 1
5979 3
5980 1
5981 2
5982 4
5984 3
5985 2
5986 2
5987 1
5988 2
5989 1
5990 3
5992 5
5994 5
5995 1
5996 1
5997 2
5998 2
5999 4
6000 4
6001 5
6002 3
6003 3
6004 1
6005 2
6006 2
6008 1
6009 3
6010 2
6012 4
6013 5
6014 2
6015 2
6017 1
6018 3
6019 1
6020 2
6021 2
6022 3
6023 1
6025 1
6026 4
6027 1
6028 4
6029 2
6030 4
6031 1
6032 2
6033 2
6034 2
6035 1
6036 1
6037 2
6038 5
6039 3
6040 2
6041 5
6042 3
6043 1
6044 2
6045 2
6046 3
6047 2
6048 4
6049 2
6050 2
6054 2
6055 1
6056 2
6057 1
6058 2
6059 2
6060 4
6061 4
6062 1
6063 2
6064 4
6065 1
6066 1
6067 2
6068 1
6070 5
6071 4
6072 4
6073 3
6075 1
6077 4
6078 4
6079 4
6080 2
6081 1
6082 2
6083 1
6084 3
6085 3
6086 3
6088 1
6089 2
6090 2
6093 3
6095 1
6096 3
6097 3
6098 1
6099 3
6100 3
6101 3
6102 4
6103 3
6104 1
6105 3
6106 1
6107 2
6109 2
6111 2
6112 3
6113 3
6114 4
6115 3
6116 2
6117 2
6118 3
6119 1
6120 3
6122 3
6123 1
6124 1
6126 2
6127 2
6128 4
6129 2
6130 3
6131 1
6132 2
6133 2
6134 3
6135 4
6136 1
6138 3
6140 3
6141 2
6142 1
6143 2
6145 4
6147 1
6148 3
6149 1
6150 3
6151 6
6152 3
6153 1
6154 1
6155 4
6156 3
6158 3
6159 2
6160 2
6161 2
6162 1
6163 1
6164 5
6166 1
6167 1
6168 3
6169 4
6171 2
6172 5
6173 3
6176 1
6178 1
6180 2
6181 2
6182 3
6183 1
6184 2
6185 3
6186 2
6187 1
6188 3
6189 4
6190 5
6191 4
6192 3
6194 2
6196 3
6197 2
6198 1
6199 3
6200 2
6201 3
6202 2
6203 3
6204 1
6205 2
6207 1
6209 1
6210 1
6211 1
6212 3
6213 2
6214 2
6216 3
6218 1
6219 4
6220 3
6221 1
6222 2
6223 3
6224 3
6226 4
6227 1
6228 2
6229 8
6230 3
6232 2
6233 3
6234 2
6235 2
6236 3
6238 2
6240 5
6242 1
6244 1
6245 1
6247 2
6249 2
6250 3
6251 2
6252 3
6253 3
6254 2
6256 2
6257 2
6258 3
6259 1
6260 4
6261 2
6262 1
6263 1
6264 1
6265 5
6266 1
6267 4
6268 3
6269 2
6271 4
6272 2
6273 1
6274 2
6275 2
6276 1
6277 3
6278 2
6279 2
6281 2
6282 1
6283 1
6285 1
6286 1
6287 2
6288 2
6289 1
6290 2
6291 3
6292 4
6293 3
6294 1
6295 1
6296 1
6297 2
6298 2
6299 2
6300 2
6301 1
6302 2
6303 2
6304 4
6305 2
6306 1
6307 4
6308 2
6309 3
6310 3
6311 2
6312 1
6313 2
6314 3
6318 2
6319 1
6320 1
6321 2
6322 1
6323 3
6324 1
6325 1
6327 1
6328 1
6329 2
6331 5
6332 1
6333 5
6334 3
6335 3
6336 2
6337 4
6340 1
6341 3
6342 3
6343 3
6344 1
6345 2
6346 3
6347 1
6348 2
6349 3
6351 2
6352 1
6353 1
6354 3
6356 1
6357 2
6358 1
6360 4
6361 1
6362 1
6363 2
6364 2
6365 2
6368 2
6369 2
6370 2
6371 4
6372 3
6373 3
6374 2
6375 1
6377 3
6378 1
6379 1
6380 4
6381 1
6382 4
6383 3
6384 1
6385 1
6386 2
6387 1
6389 2
6390 3
6392 1
6393 5
6395 2
6396 3
6398 2
6399 3
6400 3
6401 1
6402 3
6403 1
6405 2
6406 1
6408 2
6409 2
6412 1
6413 3
6414 2
6415 1
6416 1
6417 3
6418 2
6419 3
6420 2
6421 1
6422 5
6423 1
6425 2
6426 4
6427 1
6428 5
6429 1
6430 2
6431 1
6432 1
6433 1
6434 2
6435 1
6436 1
6438 1
6439 2
6440 1
6441 4
6442 4
6444 1
6445 2
6446 1
6447 1
6448 2
6449 1
6450 1
6451 1
6453 1
6454 4
6455 4
6456 1
6457 2
6459 2
6460 1
6461 1
6462 2
6463 5
6465 2
6466 4
6467 2
6468 1
6469 2
6470 1
6471 1
6472 1
6473 1
6474 2
6476 3
6477 5
6479 1
6481 3
6482 2
6484 4
6485 1
6486 4
6487 1
6488 1
6489 2
6491 2
6492 1
6495 1
6496 3
6498 5
6499 1
6500 2
6502 3
6503 2
6504 2
6505 2
6506 1
6508 3
6509 5
6510 2
6511 2
6512 1
6513 1
6514 1
6515 1
6516 3
6518 2
6519 1
6520 2
6521 1
6522 1
6523 3
6524 1
6525 1
6526 2
6527 1
6529 5
6530 1
6531 3
6532 1
6534 3
6535 3
6538 1
6539 2
6541 3
6543 1
6544 2
6545 3
6547 4
6548 2
6549 3
6550 1
6551 5
6552 2
6554 2
6555 1
6556 4
6558 1
6559 1
6560 1
6562 1
6563 3
6565 2
6566 1
6567 1
6568 3
6569 1
6570 2
6571 3
6572 2
6573 1
6574 2
6577 2
6578 1
6579 1
6580 2
6581 1
6582 5
6583 1
6585 4
6587 1
6588 3
6589 2
6590 3
6591 2
6592 1
6593 3
6596 2
6597 1
6598 2
6599 2
6600 1
6601 1
6602 3
6603 1
6604 1
6605 1
6607 1
6608 1
6609 2
6610 1
6611 2
6612 4
6614 2
6615 2
6616 3
6617 2
6618 1
6619 2
6620 1
6621 2
6623 2
6624 1
6625 1
6626 2
6627 2
6628 4
6629 1
6630 1
6631 3
6632 1
6634 2
6636 2
6637 4
6639 4
6641 2
6643 1
6645 1
6646 1
6648 1
6649 1
6650 4
6651 1
6652 1
6653 3
6654 4
6655 2
6657 1
6658 3
6659 1
6660 1
6661 1
6662 2
6663 2
6664 1
6665 2
6666 1
6667 3
6668 2
6669 1
6670 2
6671 1
6672 3
6674 2
6675 2
6676 1
6677 2
6678 1
6680 2
6681 2
6683 1
6684 1
6685 1
6686 3
6687 1
6689 1
6690 1
6691 4
6692 3
6693 1
6695 2
6696 1
6697 2
6699 4
6700 1
6701 2
6703 1
6704 4
6706 1
6707 3
6708 2
6710 4
6711 2
6712 1
6713 2
6714 2
6715 3
6716 1
6718 2
6720 1
6721 1
6723 3
6725 2
6726 1
6728 1
6729 2
6731 3
6732 1
6733 3
6734 1
6736 1
6737 2
6738 1
6739 1
6740 7
6741 1
6742 4
6743 1
6744 1
6746 1
6747 2
6748 1
6749 3
6751 2
6753 1
6754 4
6755 1
6756 2
6758 2
6760 1
6761 1
6762 3
6763 1
6764 2
6765 1
6769 4
6770 1
6772 1
6773 4
6775 1
6776 3
6777 1
6778 4
6779 2
6781 1
6782 2
6783 3
6784 1
6785 1
6786 1
6787 1
6788 3
6789 2
6790 1
6791 1
6792 3
6793 1
6794 1
6795 1
6797 2
6799 1
6800 1
6801 1
6802 1
6803 2
6804 2
6806 4
6808 2
6810 2
6811 1
6812 1
6813 1
6814 1
6815 1
6816 3
6818 4
6819 2
6821 1
6822 3
6823 1
6824 1
6825 4
6826 1
6827 4
6828 3
6829 1
6831 1
6835 1
6837 2
6838 1
6839 3
6840 1
6841 1
6842 2
6844 2
6846 1
6847 1
6848 1
6849 2
6851 2
6852 2
6853 4
6855 1
6856 2
6857 1
6860 1
6861 4
6862 4
6863 1
6864 2
6865 2
6866 2
6867 3
6868 2
6869 2
6870 1
6871 1
6872 1
6873 3
6875 1
6879 1
6880 1
6882 3
6884 1
6885 1
6886 2
6888 1
6889 2
6891 1
6893 1
6894 3
6896 4
6897 3
6898 2
6899 3
6902 4
6903 6
6904 2
6908 1
6909 2
6910 2
6911 1
6912 1
6913 1
6915 1
6916 2
6917 1
6919 2
6922 1
6924 5
6925 1
6932 3
6933 3
6934 2
6935 3
6936 3
6937 1
6938 2
6940 3
6941 1
6942 1
6943 2
6944 1
6945 2
6946 2
6947 2
6949 3
6950 1
6951 2
6952 1
6954 1
6956 2
6957 1
6959 1
6961 1
6963 2
6964 3
6965 1
6966 1
6968 2
6969 1
6970 1
6973 1
6974 1
6975 1
6976 1
6977 5
6978 3
6979 4
6981 2
6985 3
6986 2
6987 3
6988 2
6989 3
6991 1
6995 4
6996 2
6998 1
7003 2
7004 3
7005 1
7008 1
7010 3
7011 2
7013 2
7015 2
7017 3
7019 2
7020 3
7021 2
7022 3
7023 1
7024 1
7025 2
7026 1
7028 1
7029 2
7030 2
7031 1
7032 1
7034 2
7035 1
7037 2
7038 2
7040 3
7042 1
7043 2
7044 1
7045 1
7047 1
7048 2
7050 1
7054 1
7055 1
7056 3
7057 2
7058 1
7060 5
7061 1
7062 1
7063 1
7064 1
7065 1
7066 2
7067 1
7068 1
7069 2
7071 1
7072 2
7074 1
7075 2
7076 4
7078 3
7079 2
7080 1
7083 2
7084 2
7089 1
7090 2
7092 3
7093 1
7094 1
7096 3
7098 2
7099 2
7100 1
7105 2
7106 2
7107 1
7108 2
7109 1
7110 3
7112 3
7115 3
7116 1
7117 2
7118 1
7119 3
7120 1
7122 2
7124 1
7125 3
7129 1
7130 1
7131 3
7133 1
7134 1
7135 1
7136 1
7137 2
7138 1
7140 1
7141 1
7143 1
7144 2
7146 1
7147 1
7148 2
7149 2
7150 2
7154 3
7156 1
7157 4
7158 3
7160 3
7161 2
7163 1
7164 1
7165 1
7166 1
7168 1
7170 2
7171 2
7173 1
7175 1
7176 1
7178 3
7180 1
7181 3
7182 1
7184 2
7186 1
7187 1
7189 1
7190 1
7191 1
7192 1
7193 1
7194 1
7195 1
7197 1
7198 4
7199 1
7200 2
7201 1
7203 2
7204 2
7205 2
7206 2
7208 2
7211 2
7212 2
7213 1
7214 1
7216 1
7218 2
7219 1
7220 1
7223 2
7224 2
7225 1
7227 1
7228 1
7229 2
7230 1
7231 1
7233 1
7234 1
7235 2
7237 1
7239 1
7240 1
7241 1
7242 4
7244 3
7245 2
7247 2
7248 1
7250 1
7252 1
7253 1
7254 1
7255 3
7257 2
7258 1
7259 1
7260 2
7262 1
7263 1
7264 1
7267 3
7268 1
7271 2
7275 5
7278 2
7279 2
7282 2
7283 2
7285 1
7288 2
7289 3
7290 3
7291 1
7293 3
7294 1
7296 3
7298 1
7300 1
7301 1
7302 2
7303 2
7307 1
7310 1
7312 3
7314 2
7316 3
7321 2
7322 2
7323 2
7324 1
7325 3
7329 6
7330 1
7331 1
7333 2
7334 2
7336 1
7338 1
7339 3
7342 2
7344 1
7345 1
7348 3
7350 1
7352 1
7353 2
7356 1
7358 1
7359 1
7361 1
7362 2
7363 2
7364 2
7365 2
7366 2
7367 1
7369 3
7371 1
7374 1
7375 4
7376 1
7378 1
7379 3
7380 1
7381 1
7385 1
7387 1
7388 1
7389 1
7391 1
7392 2
7393 3
7395 1
7396 1
7397 1
7399 2
7403 1
7406 2
7407 2
7408 4
7409 2
7410 2
7411 1
7414 1
7416 1
7417 2
7418 2
7419 1
7422 2
7425 1
7426 3
7429 1
7431 3
7432 1
7436 2
7437 3
7438 2
7442 3
7443 2
7446 1
7448 2
7449 1
7450 2
7451 1
7452 2
7455 2
7457 2
7459 2
7462 1
7463 1
7466 2
7467 1
7468 1
7470 2
7473 3
7475 1
7476 2
7477 1
7478 4
7479 1
7480 1
7481 1
7482 1
7483 1
7486 1
7487 1
7489 1
7490 2
7493 1
7494 2
7496 1
7498 1
7499 2
7501 2
7503 1
7504 1
7505 1
7507 1
7508 1
7509 1
7510 1
7511 2
7512 1
7513 1
7514 1
7515 1
7516 2
7517 2
7518 1
7520 1
7521 1
7522 2
7523 3
7527 1
7528 1
7530 1
7531 1
7533 1
7534 1
7535 1
7536 2
7537 1
7540 1
7545 1
7546 1
7547 1
7548 2
7549 2
7550 1
7551 2
7553 1
7555 4
7556 2
7557 1
7558 2
7559 2
7560 2
7564 1
7566 2
7569 1
7572 1
7573 1
7574 1
7575 1
7576 1
7582 2
7583 1
7584 1
7585 2
7587 3
7590 1
7591 2
7592 1
7593 3
7594 1
7595 2
7596 3
7599 3
7600 2
7601 1
7602 1
7609 1
7613 2
7617 1
7618 1
7619 1
7620 1
7622 1
7623 1
7624 1
7625 2
7628 3
7629 3
7630 1
7631 1
7632 2
7634 3
7635 1
7636 1
7637 1
7638 1
7640 2
7642 1
7643 3
7649 1
7654 1
7655 1
7658 1
7659 1
7661 1
7664 1
7665 1
7666 1
7667 2
7668 5
7670 3
7671 3
7673 1
7674 1
7675 1
7676 1
7677 1
7678 1
7679 2
7682 1
7683 1
7684 1
7686 1
7691 1
7695 1
7699 1
7701 1
7702 1
7703 1
7705 1
7706 2
7707 5
7708 1
7709 1
7710 1
7711 2
7712 1
7713 2
7714 2
7716 1
7717 2
7718 1
7723 1
7725 1
7726 2
7731 1
7736 1
7739 2
7740 1
7743 3
7744 1
7745 1
7746 1
7747 3
7748 2
7749 1
7750 2
7751 1
7752 1
7753 1
7756 1
7757 3
7759 1
7764 2
7765 1
7769 2
7779 2
7780 1
7781 2
7783 1
7784 2
7785 1
7786 1
7787 2
7788 1
7789 2
7790 2
7792 2
7793 1
7794 2
7795 1
7797 1
7798 1
7799 1
7800 1
7804 1
7808 1
7815 1
7818 2
7819 1
7820 2
7824 2
7826 1
7827 3
7828 1
7829 1
7830 3
7831 1
7832 2
7833 2
7835 2
7836 1
7838 2
7839 1
7847 1
7856 1
7858 1
7859 1
7861 2
7863 2
7865 3
7867 3
7868 2
7869 4
7871 1
7872 2
7874 1
7875 1
7878 2
7885 1
7887 1
7898 1
7900 1
7901 5
7902 3
7903 1
7907 5
7908 1
7909 1
7910 2
7915 1
7916 1
7917 1
7918 1
7919 1
7926 1
7936 2
7937 2
7938 1
7939 2
7940 1
7941 1
7942 2
7943 2
7944 2
7945 3
7946 1
7948 1
7954 1
7956 1
7958 1
7959 1
7961 1
7971 1
7972 1
7976 1
7977 5
7978 4
7979 1
7980 1
7982 1
7984 1
7985 1
7987 2
7989 1
7992 1
7996 1
7998 1
8000 1
8006 1
8008 1
8009 2
8010 2
8012 1
8014 1
8016 1
8017 1
8018 1
8019 2
8020 2
8022 1
8023 1
8024 1
8026 1
8030 1
8034 1
8035 1
8036 1
8040 1
8041 1
8044 2
8047 1
8051 1
8052 2
8053 1
8054 3
8055 1
8056 2
8058 1
8061 2
8063 1
8066 1
8074 1
8075 1
8076 1
8077 1
8078 1
8082 1
8083 1
8085 1
8087 1
8089 1
8090 1
8092 2
8093 2
8094 3
8096 1
8099 1
8100 1
8109 1
8110 1
8111 1
8115 1
8116 1
8120 1
8123 2
8124 2
8126 1
8127 1
8128 2
8129 1
8130 1
8131 1
8134 1
8135 1
8137 1
8139 1
8146 1
8150 2
8151 1
8157 2
8158 1
8160 1
8161 1
8162 2
8165 2
8167 1
8168 1
8170 1
8171 2
8175 1
8177 1
8186 1
8187 1
8190 1
8192 1
8193 1
8194 2
8196 2
8197 1
8198 1
8203 1
8204 1
8206 2
8209 1
8210 2
8213 1
8223 1
8225 1
8228 2
8229 1
8230 1
8232 2
8234 1
8238 2
8241 2
8242 1
8245 1
8247 3
8257 1
8264 2
8266 2
8268 1
8269 1
8270 1
8274 1
8276 2
8277 1
8278 1
8281 1
8282 2
8284 1
8297 1
8299 3
8307 2
8310 1
8311 1
8312 2
8313 1
8314 2
8315 1
8316 1
8318 1
8332 1
8339 1
8340 2
8342 1
8343 1
8344 1
8348 3
8349 3
8350 1
8358 1
8374 1
8375 1
8376 1
8377 1
8378 2
8379 1
8380 1
8383 2
8385 1
8388 1
8389 1
8390 1
8409 2
8413 1
8414 1
8415 2
8416 2
8421 2
8422 1
8424 1
8425 1
8446 1
8447 1
8448 1
8450 3
8452 1
8454 3
8458 1
8462 1
8477 1
8482 1
8483 1
8485 1
8486 1
8488 1
8489 2
8491 1
8492 1
8495 1
8511 1
8516 1
8520 1
8522 3
8524 1
8525 2
8529 1
8549 1
8550 1
8553 1
8554 2
8555 1
8558 1
8561 1
8562 1
8581 1
8587 1
8588 2
8590 1
8591 2
8592 1
8620 3
8621 2
8624 1
8626 1
8648 1
8652 1
8655 2
8657 1
8659 1
8682 1
8687 2
8688 1
8695 1
8718 1
8721 1
8723 1
8728 1
8756 1
8757 1
8759 1
8785 1
8791 1
8819 1
