319 4
320 2
321 6
322 8
323 11
324 10
325 13
326 23
327 34
328 41
329 54
330 57
331 73
332 119
333 116
334 151
335 203
336 207
337 240
338 264
339 314
340 327
341 383
342 392
343 461
344 456
345 481
346 459
347 548
348 646
349 626
350 776
351 791
352 855
353 896
354 975
355 1002
356 1098
357 1147
358 1186
359 1301
360 1253
361 1382
362 1358
363 1430
364 1333
365 1429
366 1549
367 1611
368 1584
369 1636
370 1582
371 1575
372 1677
373 1673
374 1600
375 1670
376 1500
377 1512
378 1460
379 1362
380 1303
381 1295
382 1251
383 1160
384 1136
385 1059
386 977
387 998
388 934
389 853
390 822
391 791
392 724
393 701
394 613
395 587
396 493
397 454
398 429
399 355
400 307
401 279
402 224
403 200
404 145
405 135
406 113
407 74
408 64
409 42
410 31
411 26
412 13
413 8
414 2
415 4
416 1
418 1
