storing 10 5 987654321
storing 10 4 987654321
 at 10 4 987654321
storing 9 5 987654321
 at 10 4 987654321
storing 10 3 987654321
storing 9 4 987654321
 at 9 4 987654321
storing 8 5 987654321
 at 9 4 987654321
 at 10 3 987654321
storing 10 2 987654321
storing 9 3 987654321
storing 8 4 987654321
 at 8 4 987654321
storing 7 5 987654321
 at 8 4 987654321
 at 9 3 987654321
 at 10 2 987654321
storing 10 1 7
storing 9 2 13
storing 8 3 16
storing 7 4 16
 at 7 4 16
storing 6 5 19
 at 7 4 16
 at 8 3 16
 at 9 2 13
 at 10 1 7
storing 9 1 6
storing 8 2 9
storing 7 3 9
storing 6 4 16
 at 6 4 16
storing 5 5 18
 at 6 4 16
 at 7 3 9
 at 8 2 9
 at 9 1 6
storing 8 1 3
storing 7 2 3
storing 6 3 9
storing 5 4 16
 at 5 4 16
storing 4 5 18
 at 5 4 16
 at 6 3 9
 at 7 2 3
 at 8 1 3
storing 7 1 0
storing 6 2 3
storing 5 3 9
storing 4 4 14
 at 4 4 14
storing 3 5 17
 at 4 4 14
 at 5 3 9
 at 6 2 3
 at 7 1 0
storing 6 1 0
storing 5 2 3
storing 4 3 8
storing 3 4 11
 at 3 4 11
storing 2 5 15
 at 3 4 11
 at 4 3 8
 at 5 2 3
 at 6 1 0
storing 5 1 0
storing 4 2 3
storing 3 3 6
storing 2 4 10
 at 2 4 10
storing 1 5 15
99
