1835 3
1836 3
1837 13
1838 11
1839 17
1840 11
1841 15
1842 17
1843 25
1844 31
1845 20
1846 19
1847 26
1848 21
1849 18
1850 35
1851 29
1852 36
1853 22
1854 27
1855 29
1856 45
1857 31
1858 41
1859 37
1860 43
1861 37
1862 38
1863 51
1864 58
1865 59
1866 84
1867 72
1868 88
1869 100
1870 100
1871 115
1872 114
1873 141
1874 129
1875 151
1876 160
1877 170
1878 163
1879 185
1880 197
1881 227
1882 252
1883 256
1884 326
1885 273
1886 324
1887 311
1888 376
1889 444
1890 415
1891 463
1892 493
1893 490
1894 546
1895 525
1896 586
1897 603
1898 634
1899 701
1900 721
1901 735
1902 748
1903 780
1904 836
1905 851
1906 878
1907 947
1908 974
1909 974
1910 998
1911 1051
1912 1109
1913 1125
1914 1157
1915 1229
1916 1248
1917 1296
1918 1258
1919 1407
1920 1409
1921 1508
1922 1467
1923 1524
1924 1617
1925 1716
1926 1710
1927 1800
1928 1891
1929 1918
1930 2063
1931 2097
1932 2131
1933 2352
1934 2408
1935 2527
1936 2595
1937 2711
1938 2829
1939 2956
1940 3108
1941 3162
1942 3254
1943 3349
1944 3457
1945 3581
1946 3768
1947 3902
1948 4174
1949 4205
1950 4233
1951 4386
1952 4582
1953 4807
1954 4866
1955 4822
1956 5150
1957 5145
1958 5257
1959 5540
1960 5542
1961 5808
1962 5774
1963 5941
1964 6105
1965 6190
1966 6385
1967 6627
1968 6655
1969 6679
1970 6756
1971 6847
1972 7049
1973 7143
1974 7318
1975 7311
1976 7580
1977 7600
1978 7623
1979 7849
1980 8054
1981 8078
1982 7991
1983 8071
1984 7997
1985 7929
1986 8126
1987 8355
1988 8216
1989 8246
1990 8308
1991 8234
1992 8196
1993 8277
1994 8364
1995 8305
1996 8227
1997 8259
1998 8062
1999 8255
2000 8076
2001 8185
2002 8263
2003 8130
2004 8119
2005 8156
2006 8030
2007 7964
2008 7947
2009 7780
2010 7816
2011 7692
2012 7571
2013 7236
2014 7283
2015 7021
2016 6972
2017 6784
2018 6726
2019 6572
2020 6375
2021 6142
2022 6244
2023 6072
2024 5771
2025 5836
2026 5624
2027 5575
2028 5502
2029 5248
2030 5267
2031 5071
2032 5033
2033 4961
2034 4776
2035 4751
2036 4720
2037 4586
2038 4301
2039 4386
2040 4402
2041 4132
2042 4069
2043 3987
2044 3936
2045 3900
2046 3627
2047 3448
2048 3527
2049 3287
2050 3177
2051 2987
2052 2921
2053 2810
2054 2635
2055 2456
2056 2459
2057 2241
2058 2180
2059 2011
2060 1897
2061 1886
2062 1731
2063 1613
2064 1592
2065 1513
2066 1398
2067 1368
2068 1260
2069 1206
2070 1166
2071 1100
2072 1054
2073 1001
2074 955
2075 869
2076 810
2077 747
2078 725
2079 692
2080 595
2081 623
2082 606
2083 549
2084 495
2085 469
2086 452
2087 415
2088 384
2089 357
2090 334
2091 317
2092 275
2093 256
2094 245
2095 225
2096 202
2097 170
2098 146
2099 150
2100 117
2101 101
2102 100
2103 85
2104 93
2105 73
2106 66
2107 60
2108 65
2109 58
2110 51
2111 38
2112 50
2113 46
2114 30
2115 32
2116 30
2117 29
2118 39
2119 28
2120 32
2121 28
2122 25
2123 23
2124 26
2125 29
2126 22
2127 20
2128 21
2129 19
2130 14
2131 9
2132 4
2133 4
2134 7
2135 1
2136 5
2138 1
2139 2
2140 1
